#
# There is insufficient memory for the Java Runtime Environment to continue.
# Native memory allocation (malloc) failed to allocate 715936 bytes for Chunk::new
# Possible reasons:
#   The system is out of physical RAM or swap space
#   The process is running with CompressedOops enabled, and the Java Heap may be blocking the growth of the native heap
# Possible solutions:
#   Reduce memory load on the system
#   Increase physical memory or swap space
#   Check if swap backing store is full
#   Decrease Java heap size (-Xmx/-Xms)
#   Decrease number of Java threads
#   Decrease Java thread stack sizes (-Xss)
#   Set larger code cache with -XX:ReservedCodeCacheSize=
#   JVM is running with Unscaled Compressed Oops mode in which the Java heap is
#     placed in the first 4GB address space. The Java Heap base address is the
#     maximum limit for the native heap growth. Please use -XX:HeapBaseMinAddress
#     to set the Java Heap base and to place the Java Heap above 4GB virtual address.
# This output file may be truncated or incomplete.
#
#  Out of Memory Error (./src/hotspot/share/memory/arena.cpp:197), pid=17448, tid=12556
#
# JRE version: OpenJDK Runtime Environment (11.0.8+10) (build 11.0.8+10-b944.6842174)
# Java VM: OpenJDK 64-Bit Server VM (11.0.8+10-b944.6842174, mixed mode, tiered, compressed oops, g1 gc, windows-amd64)
# No core dump will be written. Minidumps are not enabled by default on client versions of Windows
#

---------------  S U M M A R Y ------------

Command Line: org.jetbrains.kotlin.cli.jvm.K2JVMCompiler @E:\Mani Projekti\todo\app\build\20210525_16510998710783538412.compiler.options

Host: Intel(R) Core(TM) i5-8300H CPU @ 2.30GHz, 8 cores, 7G,  Windows 10 , 64 bit Build 19041 (10.0.19041.928)
Time: Tue May 25 13:31:32 2021 FLE Daylight Time elapsed time: 2 seconds (0d 0h 0m 2s)

---------------  T H R E A D  ---------------

Current thread (0x00000200a21d5800):  JavaThread "C2 CompilerThread2" daemon [_thread_in_native, id=12556, stack(0x0000007b55e00000,0x0000007b55f00000)]


Current CompileTask:
C2:   2293 1951   !   4       jdk.internal.loader.BuiltinClassLoader::loadClassOrNull (143 bytes)

Stack: [0x0000007b55e00000,0x0000007b55f00000]
Native frames: (J=compiled Java code, j=interpreted, Vv=VM code, C=native code)
V  [jvm.dll+0x5de50a]
V  [jvm.dll+0x7122f5]
V  [jvm.dll+0x71384d]
V  [jvm.dll+0x713f03]
V  [jvm.dll+0x23e728]
V  [jvm.dll+0xb899c]
V  [jvm.dll+0xb8e9c]
V  [jvm.dll+0x2b20e4]
V  [jvm.dll+0x502098]
V  [jvm.dll+0x1f8a85]
V  [jvm.dll+0x1f685f]
V  [jvm.dll+0x17f32c]
V  [jvm.dll+0x205047]
V  [jvm.dll+0x203891]
V  [jvm.dll+0x6dad3f]
V  [jvm.dll+0x6d3895]
V  [jvm.dll+0x5dd4a6]
C  [ucrtbase.dll+0x21bb2]
C  [KERNEL32.DLL+0x17034]
C  [ntdll.dll+0x52651]


---------------  P R O C E S S  ---------------

Threads class SMR info:
_java_thread_list=0x00000200a14cca70, length=12, elements={
0x00000200841fc000, 0x00000200a0bd1800, 0x00000200a0bdb800, 0x00000200a0c24800,
0x00000200a0c28000, 0x00000200a0c2a000, 0x00000200a0c2f000, 0x00000200a03b7800,
0x00000200a0d74800, 0x00000200a0d7b800, 0x00000200a0d77000, 0x00000200a21d5800
}

Java Threads: ( => current thread )
  0x00000200841fc000 JavaThread "main" [_thread_in_native, id=17188, stack(0x0000007b54900000,0x0000007b54a00000)]
  0x00000200a0bd1800 JavaThread "Reference Handler" daemon [_thread_blocked, id=7276, stack(0x0000007b55000000,0x0000007b55100000)]
  0x00000200a0bdb800 JavaThread "Finalizer" daemon [_thread_blocked, id=16220, stack(0x0000007b55100000,0x0000007b55200000)]
  0x00000200a0c24800 JavaThread "Signal Dispatcher" daemon [_thread_blocked, id=7340, stack(0x0000007b55200000,0x0000007b55300000)]
  0x00000200a0c28000 JavaThread "Attach Listener" daemon [_thread_blocked, id=17656, stack(0x0000007b55300000,0x0000007b55400000)]
  0x00000200a0c2a000 JavaThread "C2 CompilerThread0" daemon [_thread_blocked, id=2660, stack(0x0000007b55400000,0x0000007b55500000)]
  0x00000200a0c2f000 JavaThread "C1 CompilerThread0" daemon [_thread_blocked, id=18252, stack(0x0000007b55500000,0x0000007b55600000)]
  0x00000200a03b7800 JavaThread "Sweeper thread" daemon [_thread_blocked, id=17076, stack(0x0000007b55600000,0x0000007b55700000)]
  0x00000200a0d74800 JavaThread "Service Thread" daemon [_thread_blocked, id=8116, stack(0x0000007b55700000,0x0000007b55800000)]
  0x00000200a0d7b800 JavaThread "Common-Cleaner" daemon [_thread_blocked, id=9188, stack(0x0000007b55900000,0x0000007b55a00000)]
  0x00000200a0d77000 JavaThread "C2 CompilerThread1" daemon [_thread_blocked, id=9904, stack(0x0000007b55a00000,0x0000007b55b00000)]
=>0x00000200a21d5800 JavaThread "C2 CompilerThread2" daemon [_thread_in_native, id=12556, stack(0x0000007b55e00000,0x0000007b55f00000)]

Other Threads:
  0x00000200a0387000 VMThread "VM Thread" [stack: 0x0000007b54f00000,0x0000007b55000000] [id=16024]
  0x00000200a0d75000 WatcherThread [stack: 0x0000007b55800000,0x0000007b55900000] [id=5184]
  0x0000020086228000 GCTaskThread "GC Thread#0" [stack: 0x0000007b54a00000,0x0000007b54b00000] [id=9812]
  0x00000200a14d5000 GCTaskThread "GC Thread#1" [stack: 0x0000007b55c00000,0x0000007b55d00000] [id=8212]
  0x00000200a14d6000 GCTaskThread "GC Thread#2" [stack: 0x0000007b55d00000,0x0000007b55e00000] [id=15428]
  0x0000020086256800 ConcurrentGCThread "G1 Main Marker" [stack: 0x0000007b54b00000,0x0000007b54c00000] [id=15196]
  0x0000020086259000 ConcurrentGCThread "G1 Conc#0" [stack: 0x0000007b54c00000,0x0000007b54d00000] [id=14692]
  0x00000200a154d800 ConcurrentGCThread "G1 Conc#1" [stack: 0x0000007b55b00000,0x0000007b55c00000] [id=6724]
  0x00000200862d9000 ConcurrentGCThread "G1 Refine#0" [stack: 0x0000007b54d00000,0x0000007b54e00000] [id=12292]
  0x00000200862da000 ConcurrentGCThread "G1 Young RemSet Sampling" [stack: 0x0000007b54e00000,0x0000007b54f00000] [id=7128]

Threads with active compile tasks:
C2 CompilerThread2   2309 1951   !   4       jdk.internal.loader.BuiltinClassLoader::loadClassOrNull (143 bytes)

VM state:not at safepoint (normal execution)

VM Mutex/Monitor currently owned by a thread: None

Heap address: 0x0000000082e00000, size: 2002 MB, Compressed Oops mode: 32-bit
Narrow klass base: 0x0000000000000000, Narrow klass shift: 3
Compressed class space size: 1073741824 Address: 0x0000000100000000

Heap:
 garbage-first heap   total 129024K, used 38102K [0x0000000082e00000, 0x0000000100000000)
  region size 1024K, 30 young (30720K), 7 survivors (7168K)
 Metaspace       used 26672K, capacity 27060K, committed 27136K, reserved 1073152K
  class space    used 2877K, capacity 3008K, committed 3072K, reserved 1048576K
Heap Regions: E=young(eden), S=young(survivor), O=old, HS=humongous(starts), HC=humongous(continues), CS=collection set, F=free, A=archive, TAMS=top-at-mark-start (previous, next)
|   0|0x0000000082e00000, 0x0000000082f00000, 0x0000000082f00000|100%|HS|  |TAMS 0x0000000082f00000, 0x0000000082e00000| Complete 
|   1|0x0000000082f00000, 0x0000000083000000, 0x0000000083000000|100%|HC|  |TAMS 0x0000000083000000, 0x0000000082f00000| Complete 
|   2|0x0000000083000000, 0x0000000083100000, 0x0000000083100000|100%|HC|  |TAMS 0x0000000083100000, 0x0000000083000000| Complete 
|   3|0x0000000083100000, 0x0000000083200000, 0x0000000083200000|100%|HS|  |TAMS 0x0000000083100000, 0x0000000083100000| Complete 
|   4|0x0000000083200000, 0x0000000083300000, 0x0000000083300000|100%|HC|  |TAMS 0x0000000083200000, 0x0000000083200000| Complete 
|   5|0x0000000083300000, 0x0000000083400000, 0x0000000083400000|100%|HC|  |TAMS 0x0000000083300000, 0x0000000083300000| Complete 
|   6|0x0000000083400000, 0x0000000083500000, 0x0000000083500000|100%|HS|  |TAMS 0x0000000083400000, 0x0000000083400000| Complete 
|   7|0x0000000083500000, 0x0000000083600000, 0x0000000083600000|100%|HC|  |TAMS 0x0000000083500000, 0x0000000083500000| Complete 
|   8|0x0000000083600000, 0x0000000083700000, 0x0000000083700000|100%|HC|  |TAMS 0x0000000083600000, 0x0000000083600000| Complete 
|   9|0x0000000083700000, 0x0000000083700000, 0x0000000083800000|  0%| F|  |TAMS 0x0000000083700000, 0x0000000083700000| Untracked 
|  10|0x0000000083800000, 0x0000000083800000, 0x0000000083900000|  0%| F|  |TAMS 0x0000000083800000, 0x0000000083800000| Untracked 
|  11|0x0000000083900000, 0x0000000083900000, 0x0000000083a00000|  0%| F|  |TAMS 0x0000000083900000, 0x0000000083900000| Untracked 
|  12|0x0000000083a00000, 0x0000000083a00000, 0x0000000083b00000|  0%| F|  |TAMS 0x0000000083a00000, 0x0000000083a00000| Untracked 
|  13|0x0000000083b00000, 0x0000000083b00000, 0x0000000083c00000|  0%| F|  |TAMS 0x0000000083b00000, 0x0000000083b00000| Untracked 
|  14|0x0000000083c00000, 0x0000000083c00000, 0x0000000083d00000|  0%| F|  |TAMS 0x0000000083c00000, 0x0000000083c00000| Untracked 
|  15|0x0000000083d00000, 0x0000000083d00000, 0x0000000083e00000|  0%| F|  |TAMS 0x0000000083d00000, 0x0000000083d00000| Untracked 
|  16|0x0000000083e00000, 0x0000000083e00000, 0x0000000083f00000|  0%| F|  |TAMS 0x0000000083e00000, 0x0000000083e00000| Untracked 
|  17|0x0000000083f00000, 0x0000000083f00000, 0x0000000084000000|  0%| F|  |TAMS 0x0000000083f00000, 0x0000000083f00000| Untracked 
|  18|0x0000000084000000, 0x0000000084000000, 0x0000000084100000|  0%| F|  |TAMS 0x0000000084000000, 0x0000000084000000| Untracked 
|  19|0x0000000084100000, 0x0000000084100000, 0x0000000084200000|  0%| F|  |TAMS 0x0000000084100000, 0x0000000084100000| Untracked 
|  20|0x0000000084200000, 0x0000000084200000, 0x0000000084300000|  0%| F|  |TAMS 0x0000000084200000, 0x0000000084200000| Untracked 
|  21|0x0000000084300000, 0x0000000084300000, 0x0000000084400000|  0%| F|  |TAMS 0x0000000084300000, 0x0000000084300000| Untracked 
|  22|0x0000000084400000, 0x0000000084400000, 0x0000000084500000|  0%| F|  |TAMS 0x0000000084400000, 0x0000000084400000| Untracked 
|  23|0x0000000084500000, 0x0000000084500000, 0x0000000084600000|  0%| F|  |TAMS 0x0000000084500000, 0x0000000084500000| Untracked 
|  24|0x0000000084600000, 0x0000000084600000, 0x0000000084700000|  0%| F|  |TAMS 0x0000000084600000, 0x0000000084600000| Untracked 
|  25|0x0000000084700000, 0x0000000084700000, 0x0000000084800000|  0%| F|  |TAMS 0x0000000084700000, 0x0000000084700000| Untracked 
|  26|0x0000000084800000, 0x0000000084800000, 0x0000000084900000|  0%| F|  |TAMS 0x0000000084800000, 0x0000000084800000| Untracked 
|  27|0x0000000084900000, 0x0000000084900000, 0x0000000084a00000|  0%| F|  |TAMS 0x0000000084900000, 0x0000000084900000| Untracked 
|  28|0x0000000084a00000, 0x0000000084a00000, 0x0000000084b00000|  0%| F|  |TAMS 0x0000000084a00000, 0x0000000084a00000| Untracked 
|  29|0x0000000084b00000, 0x0000000084b00000, 0x0000000084c00000|  0%| F|  |TAMS 0x0000000084b00000, 0x0000000084b00000| Untracked 
|  30|0x0000000084c00000, 0x0000000084c00000, 0x0000000084d00000|  0%| F|  |TAMS 0x0000000084c00000, 0x0000000084c00000| Untracked 
|  31|0x0000000084d00000, 0x0000000084d00000, 0x0000000084e00000|  0%| F|  |TAMS 0x0000000084d00000, 0x0000000084d00000| Untracked 
|  32|0x0000000084e00000, 0x0000000084e00000, 0x0000000084f00000|  0%| F|  |TAMS 0x0000000084e00000, 0x0000000084e00000| Untracked 
|  33|0x0000000084f00000, 0x0000000084f00000, 0x0000000085000000|  0%| F|  |TAMS 0x0000000084f00000, 0x0000000084f00000| Untracked 
|  34|0x0000000085000000, 0x0000000085000000, 0x0000000085100000|  0%| F|  |TAMS 0x0000000085000000, 0x0000000085000000| Untracked 
|  35|0x0000000085100000, 0x0000000085100000, 0x0000000085200000|  0%| F|  |TAMS 0x0000000085100000, 0x0000000085100000| Untracked 
|  36|0x0000000085200000, 0x0000000085200000, 0x0000000085300000|  0%| F|  |TAMS 0x0000000085200000, 0x0000000085200000| Untracked 
|  37|0x0000000085300000, 0x0000000085300000, 0x0000000085400000|  0%| F|  |TAMS 0x0000000085300000, 0x0000000085300000| Untracked 
|  38|0x0000000085400000, 0x0000000085400000, 0x0000000085500000|  0%| F|  |TAMS 0x0000000085400000, 0x0000000085400000| Untracked 
|  39|0x0000000085500000, 0x0000000085500000, 0x0000000085600000|  0%| F|  |TAMS 0x0000000085500000, 0x0000000085500000| Untracked 
|  40|0x0000000085600000, 0x0000000085600000, 0x0000000085700000|  0%| F|  |TAMS 0x0000000085600000, 0x0000000085600000| Untracked 
|  41|0x0000000085700000, 0x0000000085700000, 0x0000000085800000|  0%| F|  |TAMS 0x0000000085700000, 0x0000000085700000| Untracked 
|  42|0x0000000085800000, 0x0000000085800000, 0x0000000085900000|  0%| F|  |TAMS 0x0000000085800000, 0x0000000085800000| Untracked 
|  43|0x0000000085900000, 0x0000000085900000, 0x0000000085a00000|  0%| F|  |TAMS 0x0000000085900000, 0x0000000085900000| Untracked 
|  44|0x0000000085a00000, 0x0000000085a00000, 0x0000000085b00000|  0%| F|  |TAMS 0x0000000085a00000, 0x0000000085a00000| Untracked 
|  45|0x0000000085b00000, 0x0000000085b00000, 0x0000000085c00000|  0%| F|  |TAMS 0x0000000085b00000, 0x0000000085b00000| Untracked 
|  46|0x0000000085c00000, 0x0000000085c00000, 0x0000000085d00000|  0%| F|  |TAMS 0x0000000085c00000, 0x0000000085c00000| Untracked 
|  47|0x0000000085d00000, 0x0000000085d00000, 0x0000000085e00000|  0%| F|  |TAMS 0x0000000085d00000, 0x0000000085d00000| Untracked 
|  48|0x0000000085e00000, 0x0000000085e00000, 0x0000000085f00000|  0%| F|  |TAMS 0x0000000085e00000, 0x0000000085e00000| Untracked 
|  49|0x0000000085f00000, 0x0000000085f00000, 0x0000000086000000|  0%| F|  |TAMS 0x0000000085f00000, 0x0000000085f00000| Untracked 
|  50|0x0000000086000000, 0x0000000086000000, 0x0000000086100000|  0%| F|  |TAMS 0x0000000086000000, 0x0000000086000000| Untracked 
|  51|0x0000000086100000, 0x0000000086100000, 0x0000000086200000|  0%| F|  |TAMS 0x0000000086100000, 0x0000000086100000| Untracked 
|  52|0x0000000086200000, 0x0000000086200000, 0x0000000086300000|  0%| F|  |TAMS 0x0000000086200000, 0x0000000086200000| Untracked 
|  53|0x0000000086300000, 0x0000000086300000, 0x0000000086400000|  0%| F|  |TAMS 0x0000000086300000, 0x0000000086300000| Untracked 
|  54|0x0000000086400000, 0x0000000086400000, 0x0000000086500000|  0%| F|  |TAMS 0x0000000086400000, 0x0000000086400000| Untracked 
|  55|0x0000000086500000, 0x0000000086500000, 0x0000000086600000|  0%| F|  |TAMS 0x0000000086500000, 0x0000000086500000| Untracked 
|  56|0x0000000086600000, 0x0000000086600000, 0x0000000086700000|  0%| F|  |TAMS 0x0000000086600000, 0x0000000086600000| Untracked 
|  57|0x0000000086700000, 0x0000000086700000, 0x0000000086800000|  0%| F|  |TAMS 0x0000000086700000, 0x0000000086700000| Untracked 
|  58|0x0000000086800000, 0x0000000086800000, 0x0000000086900000|  0%| F|  |TAMS 0x0000000086800000, 0x0000000086800000| Untracked 
|  59|0x0000000086900000, 0x0000000086900000, 0x0000000086a00000|  0%| F|  |TAMS 0x0000000086900000, 0x0000000086900000| Untracked 
|  60|0x0000000086a00000, 0x0000000086a00000, 0x0000000086b00000|  0%| F|  |TAMS 0x0000000086a00000, 0x0000000086a00000| Untracked 
|  61|0x0000000086b00000, 0x0000000086b00000, 0x0000000086c00000|  0%| F|  |TAMS 0x0000000086b00000, 0x0000000086b00000| Untracked 
|  62|0x0000000086c00000, 0x0000000086c00000, 0x0000000086d00000|  0%| F|  |TAMS 0x0000000086c00000, 0x0000000086c00000| Untracked 
|  63|0x0000000086d00000, 0x0000000086d00000, 0x0000000086e00000|  0%| F|  |TAMS 0x0000000086d00000, 0x0000000086d00000| Untracked 
|  64|0x0000000086e00000, 0x0000000086e00000, 0x0000000086f00000|  0%| F|  |TAMS 0x0000000086e00000, 0x0000000086e00000| Untracked 
|  65|0x0000000086f00000, 0x0000000086f00000, 0x0000000087000000|  0%| F|  |TAMS 0x0000000086f00000, 0x0000000086f00000| Untracked 
|  66|0x0000000087000000, 0x0000000087000000, 0x0000000087100000|  0%| F|  |TAMS 0x0000000087000000, 0x0000000087000000| Untracked 
|  67|0x0000000087100000, 0x0000000087100000, 0x0000000087200000|  0%| F|  |TAMS 0x0000000087100000, 0x0000000087100000| Untracked 
|  68|0x0000000087200000, 0x0000000087200000, 0x0000000087300000|  0%| F|  |TAMS 0x0000000087200000, 0x0000000087200000| Untracked 
|  69|0x0000000087300000, 0x0000000087300000, 0x0000000087400000|  0%| F|  |TAMS 0x0000000087300000, 0x0000000087300000| Untracked 
|  70|0x0000000087400000, 0x0000000087400000, 0x0000000087500000|  0%| F|  |TAMS 0x0000000087400000, 0x0000000087400000| Untracked 
|  71|0x0000000087500000, 0x0000000087500000, 0x0000000087600000|  0%| F|  |TAMS 0x0000000087500000, 0x0000000087500000| Untracked 
|  72|0x0000000087600000, 0x0000000087600000, 0x0000000087700000|  0%| F|  |TAMS 0x0000000087600000, 0x0000000087600000| Untracked 
|  73|0x0000000087700000, 0x0000000087700000, 0x0000000087800000|  0%| F|  |TAMS 0x0000000087700000, 0x0000000087700000| Untracked 
|  74|0x0000000087800000, 0x0000000087800000, 0x0000000087900000|  0%| F|  |TAMS 0x0000000087800000, 0x0000000087800000| Untracked 
|  75|0x0000000087900000, 0x0000000087900000, 0x0000000087a00000|  0%| F|  |TAMS 0x0000000087900000, 0x0000000087900000| Untracked 
|  76|0x0000000087a00000, 0x0000000087a00000, 0x0000000087b00000|  0%| F|  |TAMS 0x0000000087a00000, 0x0000000087a00000| Untracked 
|  77|0x0000000087b00000, 0x0000000087b00000, 0x0000000087c00000|  0%| F|  |TAMS 0x0000000087b00000, 0x0000000087b00000| Untracked 
|  78|0x0000000087c00000, 0x0000000087c00000, 0x0000000087d00000|  0%| F|  |TAMS 0x0000000087c00000, 0x0000000087c00000| Untracked 
|  79|0x0000000087d00000, 0x0000000087d00000, 0x0000000087e00000|  0%| F|  |TAMS 0x0000000087d00000, 0x0000000087d00000| Untracked 
|  80|0x0000000087e00000, 0x0000000087e35aa0, 0x0000000087f00000| 20%| S|CS|TAMS 0x0000000087e00000, 0x0000000087e00000| Complete 
|  81|0x0000000087f00000, 0x0000000088000000, 0x0000000088000000|100%| S|CS|TAMS 0x0000000087f00000, 0x0000000087f00000| Complete 
|  82|0x0000000088000000, 0x0000000088100000, 0x0000000088100000|100%| S|CS|TAMS 0x0000000088000000, 0x0000000088000000| Complete 
|  83|0x0000000088100000, 0x0000000088200000, 0x0000000088200000|100%| S|CS|TAMS 0x0000000088100000, 0x0000000088100000| Complete 
|  84|0x0000000088200000, 0x0000000088300000, 0x0000000088300000|100%| S|CS|TAMS 0x0000000088200000, 0x0000000088200000| Complete 
|  85|0x0000000088300000, 0x0000000088400000, 0x0000000088400000|100%| S|CS|TAMS 0x0000000088300000, 0x0000000088300000| Complete 
|  86|0x0000000088400000, 0x0000000088500000, 0x0000000088500000|100%| S|CS|TAMS 0x0000000088400000, 0x0000000088400000| Complete 
|  87|0x0000000088500000, 0x0000000088500000, 0x0000000088600000|  0%| F|  |TAMS 0x0000000088500000, 0x0000000088500000| Untracked 
|  88|0x0000000088600000, 0x0000000088600000, 0x0000000088700000|  0%| F|  |TAMS 0x0000000088600000, 0x0000000088600000| Untracked 
|  89|0x0000000088700000, 0x0000000088700000, 0x0000000088800000|  0%| F|  |TAMS 0x0000000088700000, 0x0000000088700000| Untracked 
|  90|0x0000000088800000, 0x0000000088800000, 0x0000000088900000|  0%| F|  |TAMS 0x0000000088800000, 0x0000000088800000| Untracked 
|  91|0x0000000088900000, 0x0000000088900000, 0x0000000088a00000|  0%| F|  |TAMS 0x0000000088900000, 0x0000000088900000| Untracked 
|  92|0x0000000088a00000, 0x0000000088a00000, 0x0000000088b00000|  0%| F|  |TAMS 0x0000000088a00000, 0x0000000088a00000| Untracked 
|  93|0x0000000088b00000, 0x0000000088b00000, 0x0000000088c00000|  0%| F|  |TAMS 0x0000000088b00000, 0x0000000088b00000| Untracked 
|  94|0x0000000088c00000, 0x0000000088c00000, 0x0000000088d00000|  0%| F|  |TAMS 0x0000000088c00000, 0x0000000088c00000| Untracked 
|  95|0x0000000088d00000, 0x0000000088d00000, 0x0000000088e00000|  0%| F|  |TAMS 0x0000000088d00000, 0x0000000088d00000| Untracked 
|  96|0x0000000088e00000, 0x0000000088e00000, 0x0000000088f00000|  0%| F|  |TAMS 0x0000000088e00000, 0x0000000088e00000| Untracked 
|  97|0x0000000088f00000, 0x0000000088f00000, 0x0000000089000000|  0%| F|  |TAMS 0x0000000088f00000, 0x0000000088f00000| Untracked 
|  98|0x0000000089000000, 0x0000000089000000, 0x0000000089100000|  0%| F|  |TAMS 0x0000000089000000, 0x0000000089000000| Untracked 
|  99|0x0000000089100000, 0x0000000089100000, 0x0000000089200000|  0%| F|  |TAMS 0x0000000089100000, 0x0000000089100000| Untracked 
| 100|0x0000000089200000, 0x0000000089200000, 0x0000000089300000|  0%| F|  |TAMS 0x0000000089200000, 0x0000000089200000| Untracked 
| 101|0x0000000089300000, 0x0000000089300000, 0x0000000089400000|  0%| F|  |TAMS 0x0000000089300000, 0x0000000089300000| Untracked 
| 102|0x0000000089400000, 0x0000000089400000, 0x0000000089500000|  0%| F|  |TAMS 0x0000000089400000, 0x0000000089400000| Untracked 
| 103|0x0000000089500000, 0x0000000089580800, 0x0000000089600000| 50%| E|  |TAMS 0x0000000089500000, 0x0000000089500000| Complete 
| 104|0x0000000089600000, 0x0000000089700000, 0x0000000089700000|100%| E|CS|TAMS 0x0000000089600000, 0x0000000089600000| Complete 
| 105|0x0000000089700000, 0x0000000089800000, 0x0000000089800000|100%| E|CS|TAMS 0x0000000089700000, 0x0000000089700000| Complete 
| 106|0x0000000089800000, 0x0000000089900000, 0x0000000089900000|100%| E|CS|TAMS 0x0000000089800000, 0x0000000089800000| Complete 
| 107|0x0000000089900000, 0x0000000089a00000, 0x0000000089a00000|100%| E|CS|TAMS 0x0000000089900000, 0x0000000089900000| Complete 
| 108|0x0000000089a00000, 0x0000000089b00000, 0x0000000089b00000|100%| E|CS|TAMS 0x0000000089a00000, 0x0000000089a00000| Complete 
| 109|0x0000000089b00000, 0x0000000089c00000, 0x0000000089c00000|100%| E|CS|TAMS 0x0000000089b00000, 0x0000000089b00000| Complete 
| 110|0x0000000089c00000, 0x0000000089d00000, 0x0000000089d00000|100%| E|CS|TAMS 0x0000000089c00000, 0x0000000089c00000| Complete 
| 111|0x0000000089d00000, 0x0000000089e00000, 0x0000000089e00000|100%| E|CS|TAMS 0x0000000089d00000, 0x0000000089d00000| Complete 
| 112|0x0000000089e00000, 0x0000000089f00000, 0x0000000089f00000|100%| E|CS|TAMS 0x0000000089e00000, 0x0000000089e00000| Complete 
| 113|0x0000000089f00000, 0x000000008a000000, 0x000000008a000000|100%| E|CS|TAMS 0x0000000089f00000, 0x0000000089f00000| Complete 
| 114|0x000000008a000000, 0x000000008a100000, 0x000000008a100000|100%| E|CS|TAMS 0x000000008a000000, 0x000000008a000000| Complete 
| 115|0x000000008a100000, 0x000000008a200000, 0x000000008a200000|100%| E|CS|TAMS 0x000000008a100000, 0x000000008a100000| Complete 
| 116|0x000000008a200000, 0x000000008a300000, 0x000000008a300000|100%| E|CS|TAMS 0x000000008a200000, 0x000000008a200000| Complete 
| 117|0x000000008a300000, 0x000000008a400000, 0x000000008a400000|100%| E|CS|TAMS 0x000000008a300000, 0x000000008a300000| Complete 
| 118|0x000000008a400000, 0x000000008a500000, 0x000000008a500000|100%| E|CS|TAMS 0x000000008a400000, 0x000000008a400000| Complete 
| 119|0x000000008a500000, 0x000000008a600000, 0x000000008a600000|100%| E|CS|TAMS 0x000000008a500000, 0x000000008a500000| Complete 
| 120|0x000000008a600000, 0x000000008a700000, 0x000000008a700000|100%| E|CS|TAMS 0x000000008a600000, 0x000000008a600000| Complete 
| 121|0x000000008a700000, 0x000000008a800000, 0x000000008a800000|100%| E|CS|TAMS 0x000000008a700000, 0x000000008a700000| Complete 
| 122|0x000000008a800000, 0x000000008a900000, 0x000000008a900000|100%| E|CS|TAMS 0x000000008a800000, 0x000000008a800000| Complete 
| 123|0x000000008a900000, 0x000000008aa00000, 0x000000008aa00000|100%| E|CS|TAMS 0x000000008a900000, 0x000000008a900000| Complete 
| 124|0x000000008aa00000, 0x000000008ab00000, 0x000000008ab00000|100%| E|CS|TAMS 0x000000008aa00000, 0x000000008aa00000| Complete 
| 125|0x000000008ab00000, 0x000000008ac00000, 0x000000008ac00000|100%| E|CS|TAMS 0x000000008ab00000, 0x000000008ab00000| Complete 

Card table byte_map: [0x00000200992b0000,0x00000200996a0000] _byte_map_base: 0x0000020098e99000

Marking Bits (Prev, Next): (CMBitMap*) 0x000002008624e180, (CMBitMap*) 0x000002008624e148
 Prev Bits: [0x000002009b9e0000, 0x000002009d928000)
 Next Bits: [0x0000020099a90000, 0x000002009b9d8000)

Polling page: 0x00000200840b0000

Metaspace:

Usage:
  Non-class:     23.49 MB capacity,    23.28 MB (>99%) used,   179.48 KB ( <1%) free+waste,    40.13 KB ( <1%) overhead. 
      Class:      2.94 MB capacity,     2.81 MB ( 96%) used,   108.51 KB (  4%) free+waste,    18.06 KB ( <1%) overhead. 
       Both:     26.43 MB capacity,    26.09 MB ( 99%) used,   287.98 KB (  1%) free+waste,    58.19 KB ( <1%) overhead. 

Virtual space:
  Non-class space:       24.00 MB reserved,      23.50 MB ( 98%) committed 
      Class space:        1.00 GB reserved,       3.00 MB ( <1%) committed 
             Both:        1.02 GB reserved,      26.50 MB (  3%) committed 

Chunk freelists:
   Non-Class:  10.00 KB
       Class:  0 bytes
        Both:  10.00 KB

MaxMetaspaceSize: 17179869184.00 GB
CompressedClassSpaceSize: 1.00 GB

CodeHeap 'non-profiled nmethods': size=120000Kb used=643Kb max_used=643Kb free=119356Kb
 bounds [0x0000020091650000, 0x00000200918c0000, 0x0000020098b80000]
CodeHeap 'profiled nmethods': size=120000Kb used=3526Kb max_used=3526Kb free=116473Kb
 bounds [0x000002008a120000, 0x000002008a4a0000, 0x0000020091650000]
CodeHeap 'non-nmethods': size=5760Kb used=1151Kb max_used=1163Kb free=4608Kb
 bounds [0x0000020089b80000, 0x0000020089df0000, 0x000002008a120000]
 total_blobs=2446 nmethods=1955 adapters=402
 compilation: enabled
              stopped_count=0, restarted_count=0
 full_count=0

Compilation events (20 events):
Event: 2.235 Thread 0x00000200a0d77000 nmethod 1935 0x00000200916ef710 code [0x00000200916ef960, 0x00000200916f0020]
Event: 2.242 Thread 0x00000200a21d5800 1943       4       java.lang.ref.SoftReference::get (29 bytes)
Event: 2.243 Thread 0x00000200a21d5800 nmethod 1943 0x00000200916f0510 code [0x00000200916f06a0, 0x00000200916f0778]
Event: 2.247 Thread 0x00000200a0c2f000 1944       3       java.lang.invoke.DirectMethodHandle::preparedLambdaForm (31 bytes)
Event: 2.247 Thread 0x00000200a0c2f000 nmethod 1944 0x000002008a487f90 code [0x000002008a488180, 0x000002008a4883a8]
Event: 2.247 Thread 0x00000200a0c2f000 1948       3       jdk.internal.org.objectweb.asm.MethodWriter::visitMaxs (1144 bytes)
Event: 2.249 Thread 0x00000200a0c2f000 nmethod 1948 0x000002008a488510 code [0x000002008a488a20, 0x000002008a48b348]
Event: 2.249 Thread 0x00000200a0c2f000 1946       3       jdk.internal.org.objectweb.asm.MethodWriter::<init> (247 bytes)
Event: 2.249 Thread 0x00000200a0c2f000 nmethod 1946 0x000002008a48cc90 code [0x000002008a48cf40, 0x000002008a48dd68]
Event: 2.249 Thread 0x00000200a0c2f000 1945       3       jdk.internal.org.objectweb.asm.ClassWriter::visitMethod (20 bytes)
Event: 2.250 Thread 0x00000200a0c2f000 nmethod 1945 0x000002008a48e290 code [0x000002008a48e440, 0x000002008a48e628]
Event: 2.250 Thread 0x00000200a0c2f000 1947       3       jdk.internal.org.objectweb.asm.MethodVisitor::<init> (7 bytes)
Event: 2.250 Thread 0x00000200a0c2f000 nmethod 1947 0x000002008a48e710 code [0x000002008a48e8e0, 0x000002008a48ec08]
Event: 2.250 Thread 0x00000200a0c2f000 1949       3       jdk.internal.org.objectweb.asm.MethodWriter::visitEnd (1 bytes)
Event: 2.250 Thread 0x00000200a0c2f000 nmethod 1949 0x000002008a48ed10 code [0x000002008a48eec0, 0x000002008a48efb8]
Event: 2.251 Thread 0x00000200a0c2f000 1950       3       java.lang.invoke.VarForm::getMemberName (21 bytes)
Event: 2.251 Thread 0x00000200a0c2f000 nmethod 1950 0x000002008a48f090 code [0x000002008a48f260, 0x000002008a48f488]
Event: 2.253 Thread 0x00000200a21d5800 1951   !   4       jdk.internal.loader.BuiltinClassLoader::loadClassOrNull (143 bytes)
Event: 2.254 Thread 0x00000200a0c2f000 1952       3       java.lang.Class::newReflectionData (66 bytes)
Event: 2.254 Thread 0x00000200a0c2f000 nmethod 1952 0x000002008a48f590 code [0x000002008a48f7c0, 0x000002008a490108]

GC Heap History (4 events):
Event: 1.107 GC heap before
{Heap before GC invocations=0 (full 0):
 garbage-first heap   total 129024K, used 27648K [0x0000000082e00000, 0x0000000100000000)
  region size 1024K, 24 young (24576K), 0 survivors (0K)
 Metaspace       used 12340K, capacity 12405K, committed 12544K, reserved 1060864K
  class space    used 1157K, capacity 1174K, committed 1280K, reserved 1048576K
}
Event: 1.110 GC heap after
{Heap after GC invocations=1 (full 0):
 garbage-first heap   total 129024K, used 5612K [0x0000000082e00000, 0x0000000100000000)
  region size 1024K, 3 young (3072K), 3 survivors (3072K)
 Metaspace       used 12340K, capacity 12405K, committed 12544K, reserved 1060864K
  class space    used 1157K, capacity 1174K, committed 1280K, reserved 1048576K
}
Event: 1.780 GC heap before
{Heap before GC invocations=1 (full 0):
 garbage-first heap   total 129024K, used 41452K [0x0000000082e00000, 0x0000000100000000)
  region size 1024K, 39 young (39936K), 3 survivors (3072K)
 Metaspace       used 20985K, capacity 21157K, committed 21248K, reserved 1069056K
  class space    used 2219K, capacity 2284K, committed 2304K, reserved 1048576K
}
Event: 1.789 GC heap after
{Heap after GC invocations=2 (full 0):
 garbage-first heap   total 129024K, used 9430K [0x0000000082e00000, 0x0000000100000000)
  region size 1024K, 7 young (7168K), 7 survivors (7168K)
 Metaspace       used 20985K, capacity 21157K, committed 21248K, reserved 1069056K
  class space    used 2219K, capacity 2284K, committed 2304K, reserved 1048576K
}

Deoptimization events (20 events):
Event: 2.113 Thread 0x00000200841fc000 Uncommon trap: trap_request=0xffffff4d fr.pc=0x00000200916d92e8 relative=0x00000000000001c8
Event: 2.113 Thread 0x00000200841fc000 Uncommon trap: reason=unstable_if action=reinterpret pc=0x00000200916d92e8 method=java.util.Arrays.hashCode([B)I @ 1 c2
Event: 2.113 Thread 0x00000200841fc000 DEOPT PACKING pc=0x00000200916d92e8 sp=0x0000007b549fe520
Event: 2.113 Thread 0x00000200841fc000 DEOPT UNPACKING pc=0x0000020089ba74af sp=0x0000007b549fe490 mode 2
Event: 2.116 Thread 0x00000200841fc000 Uncommon trap: trap_request=0xffffff4d fr.pc=0x00000200916daef4 relative=0x00000000000000d4
Event: 2.116 Thread 0x00000200841fc000 Uncommon trap: reason=unstable_if action=reinterpret pc=0x00000200916daef4 method=jdk.nio.zipfs.ZipConstants.pkSigAt([BIII)Z @ 5 c2
Event: 2.116 Thread 0x00000200841fc000 DEOPT PACKING pc=0x00000200916daef4 sp=0x0000007b549fe380
Event: 2.116 Thread 0x00000200841fc000 DEOPT UNPACKING pc=0x0000020089ba74af sp=0x0000007b549fe328 mode 2
Event: 2.131 Thread 0x00000200841fc000 Uncommon trap: trap_request=0xffffff4d fr.pc=0x00000200916de76c relative=0x000000000000014c
Event: 2.131 Thread 0x00000200841fc000 Uncommon trap: reason=unstable_if action=reinterpret pc=0x00000200916de76c method=jdk.nio.zipfs.ZipFileSystem.getParentOff([B)I @ 21 c2
Event: 2.131 Thread 0x00000200841fc000 DEOPT PACKING pc=0x00000200916de76c sp=0x0000007b549fe480
Event: 2.131 Thread 0x00000200841fc000 DEOPT UNPACKING pc=0x0000020089ba74af sp=0x0000007b549fe418 mode 2
Event: 2.138 Thread 0x00000200841fc000 Uncommon trap: trap_request=0xffffff6e fr.pc=0x00000200916d0e70 relative=0x0000000000001330
Event: 2.138 Thread 0x00000200841fc000 Uncommon trap: reason=speculate_class_check action=maybe_recompile pc=0x00000200916d0e70 method=java.util.zip.InflaterInputStream.read([BII)I @ 100 c2
Event: 2.138 Thread 0x00000200841fc000 DEOPT PACKING pc=0x00000200916d0e70 sp=0x0000007b549fe530
Event: 2.138 Thread 0x00000200841fc000 DEOPT UNPACKING pc=0x0000020089ba74af sp=0x0000007b549fe590 mode 2
Event: 2.220 Thread 0x00000200841fc000 Uncommon trap: trap_request=0xffffff4d fr.pc=0x00000200916c3ba4 relative=0x0000000000000184
Event: 2.220 Thread 0x00000200841fc000 Uncommon trap: reason=unstable_if action=reinterpret pc=0x00000200916c3ba4 method=java.lang.String.startsWith(Ljava/lang/String;I)Z @ 1 c2
Event: 2.220 Thread 0x00000200841fc000 DEOPT PACKING pc=0x00000200916c3ba4 sp=0x0000007b549fde90
Event: 2.220 Thread 0x00000200841fc000 DEOPT UNPACKING pc=0x0000020089ba74af sp=0x0000007b549fde00 mode 2

Classes redefined (0 events):
No events

Internal exceptions (16 events):
Event: 1.469 Thread 0x00000200841fc000 Exception <a 'java/lang/NoSuchMethodError'{0x0000000089799e40}: 'int java.lang.invoke.DirectMethodHandle$Holder.invokeSpecialIFC(java.lang.Object, java.lang.Object, int)'> (0x0000000089799e40) thrown at [./src/hotspot/share/interpreter/linkResolver.cpp, line 773]
Event: 1.674 Thread 0x00000200841fc000 Exception <a 'java/lang/NoSuchMethodError'{0x0000000088cd3ee8}: 'java.lang.Object java.lang.invoke.DirectMethodHandle$Holder.invokeStaticInit(java.lang.Object, int)'> (0x0000000088cd3ee8) thrown at [./src/hotspot/share/interpreter/linkResolver.cpp, line 773]
Event: 1.696 Thread 0x00000200841fc000 Exception <a 'java/lang/NoSuchMethodError'{0x0000000088a6a710}: 'long java.lang.invoke.DirectMethodHandle$Holder.invokeStatic(java.lang.Object)'> (0x0000000088a6a710) thrown at [./src/hotspot/share/interpreter/linkResolver.cpp, line 773]
Event: 1.696 Thread 0x00000200841fc000 Exception <a 'java/lang/NoSuchMethodError'{0x0000000088a6d568}: 'long java.lang.invoke.DirectMethodHandle$Holder.invokeStaticInit(java.lang.Object)'> (0x0000000088a6d568) thrown at [./src/hotspot/share/interpreter/linkResolver.cpp, line 773]
Event: 1.746 Thread 0x00000200841fc000 Exception <a 'java/lang/NoSuchMethodError'{0x00000000887dd130}: 'int java.lang.invoke.DirectMethodHandle$Holder.invokeStaticInit(java.lang.Object, java.lang.Object, java.lang.Object)'> (0x00000000887dd130) thrown at [./src/hotspot/share/interpreter/linkResolver.cpp, line 773]
Event: 1.749 Thread 0x00000200841fc000 Exception <a 'java/lang/NoSuchMethodError'{0x00000000886094b8}: 'int java.lang.invoke.DirectMethodHandle$Holder.invokeStaticInit(java.lang.Object, java.lang.Object)'> (0x00000000886094b8) thrown at [./src/hotspot/share/interpreter/linkResolver.cpp, line 773]
Event: 2.024 Thread 0x00000200841fc000 Exception <a 'java/lang/NoSuchMethodError'{0x000000008a338c38}: 'java.lang.Object java.lang.invoke.DirectMethodHandle$Holder.invokeStatic(java.lang.Object, java.lang.Object, java.lang.Object, java.lang.Object, java.lang.Object, java.lang.Object, java.lang.Object, java.lang.Object, java.lang.Object, java.lang.Object, java.lang.Object, java.lang.Object, java.lang.Object, java.lang.Object, java.lang.Object)'> (0x000000008a338c38) thrown at [./src/hotspot/share/interpreter/linkResolver.cpp, line 773]
Event: 2.025 Thread 0x00000200841fc000 Exception <a 'java/lang/NoSuchMethodError'{0x000000008a346c78}: 'java.lang.Object java.lang.invoke.DirectMethodHandle$Holder.invokeStatic(java.lang.Object, java.lang.Object, java.lang.Object, java.lang.Object, java.lang.Object, java.lang.Object, java.lang.Object, java.lang.Object, java.lang.Object, java.lang.Object, java.lang.Object, java.lang.Object, java.lang.Object, java.lang.Object, java.lang.Object, java.lang.Object)'> (0x000000008a346c78) thrown at [./src/hotspot/share/interpreter/linkResolver.cpp, l
Event: 2.026 Thread 0x00000200841fc000 Exception <a 'java/lang/NoSuchMethodError'{0x000000008a354b90}: 'java.lang.Object java.lang.invoke.DirectMethodHandle$Holder.invokeSpecial(java.lang.Object, java.lang.Object, int, int, java.lang.Object, java.lang.Object, java.lang.Object)'> (0x000000008a354b90) thrown at [./src/hotspot/share/interpreter/linkResolver.cpp, line 773]
Event: 2.026 Thread 0x00000200841fc000 Exception <a 'java/lang/NoSuchMethodError'{0x000000008a3583c8}: 'java.lang.Object java.lang.invoke.DelegatingMethodHandle$Holder.reinvoke_L(java.lang.Object, int, int, java.lang.Object, java.lang.Object, java.lang.Object)'> (0x000000008a3583c8) thrown at [./src/hotspot/share/interpreter/linkResolver.cpp, line 773]
Event: 2.027 Thread 0x00000200841fc000 Exception <a 'java/lang/NoSuchMethodError'{0x000000008a35c750}: 'java.lang.Object java.lang.invoke.DirectMethodHandle$Holder.invokeStatic(java.lang.Object, java.lang.Object, java.lang.Object, java.lang.Object, int)'> (0x000000008a35c750) thrown at [./src/hotspot/share/interpreter/linkResolver.cpp, line 773]
Event: 2.113 Thread 0x00000200841fc000 Implicit null exception at 0x00000200916d912c to 0x00000200916d92da
Event: 2.141 Thread 0x00000200841fc000 Exception <a 'java/lang/NoSuchMethodError'{0x0000000089ec65b0}: 'void java.lang.invoke.DirectMethodHandle$Holder.invokeStatic(java.lang.Object, java.lang.Object, java.lang.Object, java.lang.Object)'> (0x0000000089ec65b0) thrown at [./src/hotspot/share/interpreter/linkResolver.cpp, line 773]
Event: 2.163 Thread 0x00000200841fc000 Exception <a 'java/lang/NoSuchMethodError'{0x0000000089c17150}: 'void java.lang.invoke.DirectMethodHandle$Holder.invokeSpecial(java.lang.Object, java.lang.Object)'> (0x0000000089c17150) thrown at [./src/hotspot/share/interpreter/linkResolver.cpp, line 773]
Event: 2.198 Thread 0x00000200841fc000 Exception <a 'java/lang/NoSuchMethodError'{0x0000000089abc260}: 'void java.lang.invoke.DirectMethodHandle$Holder.invokeStaticInit(java.lang.Object, java.lang.Object)'> (0x0000000089abc260) thrown at [./src/hotspot/share/interpreter/linkResolver.cpp, line 773]
Event: 2.204 Thread 0x00000200841fc000 Exception <a 'java/lang/NoSuchMethodError'{0x0000000089afa9d8}: 'void java.lang.invoke.DirectMethodHandle$Holder.invokeInterface(java.lang.Object, java.lang.Object)'> (0x0000000089afa9d8) thrown at [./src/hotspot/share/interpreter/linkResolver.cpp, line 773]

Events (20 events):
Event: 2.269 loading class org/jetbrains/kotlin/load/java/structure/JavaClassifier done
Event: 2.269 loading class org/jetbrains/kotlin/load/java/structure/JavaAnnotationOwner
Event: 2.269 loading class org/jetbrains/kotlin/load/java/structure/JavaAnnotationOwner done
Event: 2.270 loading class org/jetbrains/kotlin/load/java/structure/JavaElement
Event: 2.270 loading class org/jetbrains/kotlin/load/java/structure/JavaElement done
Event: 2.270 loading class org/jetbrains/kotlin/load/java/structure/JavaNamedElement
Event: 2.270 loading class org/jetbrains/kotlin/load/java/structure/JavaNamedElement done
Event: 2.270 loading class org/jetbrains/kotlin/load/java/structure/JavaModifierListOwner
Event: 2.270 loading class org/jetbrains/kotlin/load/java/structure/JavaModifierListOwner done
Event: 2.270 loading class org/jetbrains/kotlin/load/java/structure/JavaTypeParameterListOwner
Event: 2.270 loading class org/jetbrains/kotlin/load/java/structure/JavaTypeParameterListOwner done
Event: 2.270 loading class org/jetbrains/kotlin/com/intellij/psi/impl/file/PsiPackageImpl
Event: 2.270 loading class org/jetbrains/kotlin/com/intellij/psi/impl/file/PsiPackageImpl done
Event: 2.271 loading class org/jetbrains/kotlin/com/intellij/psi/impl/file/PsiPackageBase
Event: 2.271 loading class org/jetbrains/kotlin/com/intellij/psi/impl/file/PsiPackageBase done
Event: 2.271 loading class org/jetbrains/kotlin/com/intellij/psi/impl/ElementBase$1
Event: 2.271 loading class org/jetbrains/kotlin/com/intellij/psi/impl/ElementBase$1 done
Event: 2.272 loading class org/jetbrains/kotlin/com/intellij/psi/impl/ElementBase$2
Event: 2.272 loading class org/jetbrains/kotlin/com/intellij/psi/impl/ElementBase$2 done
Event: 2.272 loading class javax/swing/Icon


Dynamic libraries:
0x00007ff7d1c40000 - 0x00007ff7d1c4a000 	D:\Android Studio\jre\bin\java.exe
0x00007ffada6b0000 - 0x00007ffada8a5000 	C:\WINDOWS\SYSTEM32\ntdll.dll
0x00007ffad8fe0000 - 0x00007ffad909d000 	C:\WINDOWS\System32\KERNEL32.DLL
0x00007ffad8270000 - 0x00007ffad8538000 	C:\WINDOWS\System32\KERNELBASE.dll
0x00007ffad50a0000 - 0x00007ffad5130000 	C:\WINDOWS\SYSTEM32\apphelp.dll
0x00007ffad8120000 - 0x00007ffad8220000 	C:\WINDOWS\System32\ucrtbase.dll
0x00007ffacfb70000 - 0x00007ffacfb87000 	D:\Android Studio\jre\bin\VCRUNTIME140.dll
0x00007ffad1760000 - 0x00007ffad1779000 	D:\Android Studio\jre\bin\jli.dll
0x00007ffada220000 - 0x00007ffada3c0000 	C:\WINDOWS\System32\USER32.dll
0x00007ffad7fb0000 - 0x00007ffad7fd2000 	C:\WINDOWS\System32\win32u.dll
0x00007ffac2dd0000 - 0x00007ffac306a000 	C:\WINDOWS\WinSxS\amd64_microsoft.windows.common-controls_6595b64144ccf1df_6.0.19041.844_none_ca00b6081b84eb1d\COMCTL32.dll
0x00007ffad9150000 - 0x00007ffad91ee000 	C:\WINDOWS\System32\msvcrt.dll
0x00007ffad8710000 - 0x00007ffad873a000 	C:\WINDOWS\System32\GDI32.dll
0x00007ffad8010000 - 0x00007ffad811b000 	C:\WINDOWS\System32\gdi32full.dll
0x00007ffad8670000 - 0x00007ffad870d000 	C:\WINDOWS\System32\msvcp_win.dll
0x00007ffada3c0000 - 0x00007ffada3f0000 	C:\WINDOWS\System32\IMM32.DLL
0x00007ffab2230000 - 0x00007ffab22cd000 	D:\Android Studio\jre\bin\msvcp140.dll
0x00007ffa9c820000 - 0x00007ffa9d2dc000 	D:\Android Studio\jre\bin\server\jvm.dll
0x00007ffad8f30000 - 0x00007ffad8fdc000 	C:\WINDOWS\System32\ADVAPI32.dll
0x00007ffad9960000 - 0x00007ffad99fb000 	C:\WINDOWS\System32\sechost.dll
0x00007ffad97d0000 - 0x00007ffad98fb000 	C:\WINDOWS\System32\RPCRT4.dll
0x00007ffad8ec0000 - 0x00007ffad8ec8000 	C:\WINDOWS\System32\PSAPI.DLL
0x00007ffad1ce0000 - 0x00007ffad1ce9000 	C:\WINDOWS\SYSTEM32\WSOCK32.dll
0x00007ffac67f0000 - 0x00007ffac6817000 	C:\WINDOWS\SYSTEM32\WINMM.dll
0x00007ffacb180000 - 0x00007ffacb18a000 	C:\WINDOWS\SYSTEM32\VERSION.dll
0x00007ffada3f0000 - 0x00007ffada45b000 	C:\WINDOWS\System32\WS2_32.dll
0x00007ffad6680000 - 0x00007ffad6692000 	C:\WINDOWS\SYSTEM32\kernel.appcore.dll
0x00007ffad1870000 - 0x00007ffad1881000 	D:\Android Studio\jre\bin\verify.dll
0x00007ffad5c10000 - 0x00007ffad5df4000 	C:\WINDOWS\SYSTEM32\DBGHELP.DLL
0x00007ffabf990000 - 0x00007ffabf9bc000 	C:\WINDOWS\SYSTEM32\dbgcore.DLL
0x00007ffad85f0000 - 0x00007ffad8670000 	C:\WINDOWS\System32\bcryptPrimitives.dll
0x00007ffad15c0000 - 0x00007ffad15e9000 	D:\Android Studio\jre\bin\java.dll
0x00007ffad4f70000 - 0x00007ffad4f7b000 	D:\Android Studio\jre\bin\jimage.dll
0x00007ffad1830000 - 0x00007ffad1848000 	D:\Android Studio\jre\bin\zip.dll
0x00007ffad9ab0000 - 0x00007ffada1f2000 	C:\WINDOWS\System32\SHELL32.dll
0x00007ffad5e00000 - 0x00007ffad6590000 	C:\WINDOWS\SYSTEM32\windows.storage.dll
0x00007ffad8870000 - 0x00007ffad8bc5000 	C:\WINDOWS\System32\combase.dll
0x00007ffad7720000 - 0x00007ffad774c000 	C:\WINDOWS\SYSTEM32\Wldp.dll
0x00007ffad90a0000 - 0x00007ffad914e000 	C:\WINDOWS\System32\SHCORE.dll
0x00007ffada610000 - 0x00007ffada665000 	C:\WINDOWS\System32\shlwapi.dll
0x00007ffad7d30000 - 0x00007ffad7d4f000 	C:\WINDOWS\SYSTEM32\profapi.dll
0x00007ffad16d0000 - 0x00007ffad16ea000 	D:\Android Studio\jre\bin\net.dll
0x00007ffacf720000 - 0x00007ffacf82b000 	C:\WINDOWS\SYSTEM32\WINHTTP.dll
0x00007ffad74a0000 - 0x00007ffad750a000 	C:\WINDOWS\system32\mswsock.dll
0x00007ffad1560000 - 0x00007ffad1574000 	D:\Android Studio\jre\bin\nio.dll

dbghelp: loaded successfully - version: 4.0.5 - missing functions: none
symbol engine: initialized successfully - sym options: 0x614 - pdb path: .;D:\Android Studio\jre\bin;C:\WINDOWS\SYSTEM32;C:\WINDOWS\WinSxS\amd64_microsoft.windows.common-controls_6595b64144ccf1df_6.0.19041.844_none_ca00b6081b84eb1d;D:\Android Studio\jre\bin\server

VM Arguments:
java_command: org.jetbrains.kotlin.cli.jvm.K2JVMCompiler @E:\Mani Projekti\todo\app\build\20210525_16510998710783538412.compiler.options
java_class_path (initial): C:\Users\Kristers Tih\.gradle\caches\modules-2\files-2.1\org.jetbrains.kotlin\kotlin-compiler-embeddable\1.5.10\9c35134a025cab7a1e6eee0d87d241c2f30c1218\kotlin-compiler-embeddable-1.5.10.jar;C:\Users\Kristers Tih\.gradle\caches\modules-2\files-2.1\org.jetbrains.kotlin\kotlin-reflect\1.5.10\d6c70f3c0df2457ea0095c61c1fc1188017dc3bc\kotlin-reflect-1.5.10.jar;C:\Users\Kristers Tih\.gradle\caches\modules-2\files-2.1\org.jetbrains.kotlin\kotlin-stdlib\1.5.10\da6a904b132f0402fa4d79169a3c1770598d4702\kotlin-stdlib-1.5.10.jar;C:\Users\Kristers Tih\.gradle\caches\modules-2\files-2.1\org.jetbrains.kotlin\kotlin-script-runtime\1.5.10\69bad0ece91b0797055aeadbd44dc742c458398b\kotlin-script-runtime-1.5.10.jar;C:\Users\Kristers Tih\.gradle\caches\modules-2\files-2.1\org.jetbrains.kotlin\kotlin-daemon-embeddable\1.5.10\d06ad33b62b041dae0609f830c3b48135d53b8bc\kotlin-daemon-embeddable-1.5.10.jar;C:\Users\Kristers Tih\.gradle\caches\modules-2\files-2.1\org.jetbrains.intellij.deps\trove4j\1.0.20181211\216c2e14b070f334479d800987affe4054cd563f\trove4j-1.0.20181211.jar;C:\Users\Kristers Tih\.gradle\caches\modules-2\files-2.1\org.jetbrains\annotations\13.0\919f0dfe192fb4e063e7dacadee7f8bb9a2672a9\annotations-13.0.jar;C:\Users\Kristers Tih\.gradle\caches\modules-2\files-2.1\org.jetbrains.kotlin\kotlin-stdlib-common\1.5.10\6b84d926e28493be69daf673e40076f89492ef7\kotlin-stdlib-common-1.5.10.jar
Launcher Type: SUN_STANDARD

[Global flags]
     intx CICompilerCount                          = 4                                         {product} {ergonomic}
     uint ConcGCThreads                            = 2                                         {product} {ergonomic}
     uint G1ConcRefinementThreads                  = 8                                         {product} {ergonomic}
   size_t G1HeapRegionSize                         = 1048576                                   {product} {ergonomic}
    uintx GCDrainStackTargetSize                   = 64                                        {product} {ergonomic}
   size_t InitialHeapSize                          = 132120576                                 {product} {ergonomic}
   size_t MarkStackSize                            = 4194304                                   {product} {ergonomic}
   size_t MaxHeapSize                              = 2099249152                                {product} {ergonomic}
   size_t MaxNewSize                               = 1259339776                                {product} {ergonomic}
   size_t MinHeapDeltaBytes                        = 1048576                                   {product} {ergonomic}
    uintx NonNMethodCodeHeapSize                   = 5836300                                {pd product} {ergonomic}
    uintx NonProfiledCodeHeapSize                  = 122910970                              {pd product} {ergonomic}
    uintx ProfiledCodeHeapSize                     = 122910970                              {pd product} {ergonomic}
    uintx ReservedCodeCacheSize                    = 251658240                              {pd product} {ergonomic}
     bool SegmentedCodeCache                       = true                                      {product} {ergonomic}
     bool UseCompressedClassPointers               = true                                 {lp64_product} {ergonomic}
     bool UseCompressedOops                        = true                                 {lp64_product} {ergonomic}
     bool UseG1GC                                  = true                                      {product} {ergonomic}
     bool UseLargePagesIndividualAllocation        = false                                  {pd product} {ergonomic}

Logging:
Log output configuration:
 #0: stdout all=warning uptime,level,tags
 #1: stderr all=off uptime,level,tags

Environment Variables:
JAVA_HOME=D:\Programmas\Corretto\jdk11.0.9_12
PATH=D:\Programmas\Corretto\jdk11.0.9_12\bin;C:\WINDOWS\system32;C:\WINDOWS;C:\WINDOWS\System32\Wbem;C:\WINDOWS\System32\WindowsPowerShell\v1.0\;C:\WINDOWS\System32\OpenSSH\;C:\Program Files\Microsoft SQL Server\Client SDK\ODBC\170\Tools\Binn\;C:\Program Files (x86)\Microsoft SQL Server\150\Tools\Binn\;C:\Program Files\Microsoft SQL Server\150\Tools\Binn\;C:\Program Files\Microsoft SQL Server\150\DTS\Binn\;C:\Users\Kristers Tih\AppData\Local\Programs\Python\Python37;C:\Users\Kristers Tih\AppData\Local\Programs\Python\Python37\Scripts;D:\Programmas\mingw-w64-v8.0.0\bin;C:\Program Files\Git\cmd;C:\Program Files\dotnet\;C:\Users\Kristers Tih\AppData\Local\Programs\Python\Python39\Scripts\;C:\Users\Kristers Tih\AppData\Local\Programs\Python\Python39\;C:\Windows\system32;C:\Windows;C:\Windows\System32\Wbem;C:\Windows\System32\WindowsPowerShell\v1.0\;C:\Windows\System32\OpenSSH\;C:\Program Files\dotnet\;C:\Program Files (x86)\Microsoft SQL Server\150\DTS\Binn\;C:\Program Files\Microsoft SQL Server\Client SDK\ODBC\170\Tools\Binn\;C:\Program Files (x86)\Microsoft SQL Server\150\Tools\Binn\;C:\Program Files\Microsoft SQL Server\150\Tools\Binn\;C:\Program Files\Microsoft SQL Server\150\DTS\Binn\;C:\Users\Kristers Tih\AppData\Local\Microsoft\WindowsApps;C:\Users\Kristers Tih\.dotnet\tools;C:\Users\Kristers Tih\AppData\Local\Programs\Microsoft VS Code\bin;C:\Users\Kristers Tih\AppData\Local\atom\bin;C:\Users\Kristers Tih\AppData\Local\Programs\Python\Python37;D:\Programmas\mingw-w64-v8.0.0;C:\Users\Kristers Tih\AppData\Local\Programs\Python\Python37\Scripts;D:\Programmas\Intellij IDEA\IntelliJ IDEA Community Edition 2020.3.1\bin;;C:\Users\Kristers Tih\AppData\Local\Microsoft\WindowsApps;C:\Users\Kristers Tih\.dotnet\tools;D:\Programmas\PyCharm Community Edition 2021.1.1\bin;
USERNAME=Kristers Tih
OS=Windows_NT
PROCESSOR_IDENTIFIER=Intel64 Family 6 Model 158 Stepping 10, GenuineIntel



---------------  S Y S T E M  ---------------

OS: Windows 10 , 64 bit Build 19041 (10.0.19041.928)
OS uptime: 8 days 17:13 hours
HyperV virtualization detected

CPU:total 8 (initial active 8) (4 cores per cpu, 2 threads per core) family 6 model 158 stepping 10, cmov, cx8, fxsr, mmx, sse, sse2, sse3, ssse3, sse4.1, sse4.2, popcnt, avx, avx2, aes, clmul, erms, 3dnowpref, lzcnt, ht, tsc, tscinvbit, bmi1, bmi2, adx, fma

Memory: 4k page, system-wide physical 8001M (659M free)
TotalPageFile size 23124M (AvailPageFile size 4M)
current process WorkingSet (physical memory assigned to process): 135M, peak: 135M
current process commit charge ("private bytes"): 245M, peak: 245M

vm_info: OpenJDK 64-Bit Server VM (11.0.8+10-b944.6842174) for windows-amd64 JRE (11.0.8+10-b944.6842174), built on Sep 19 2020 01:11:42 by "builder" with MS VC++ 14.0 (VS2015)

END.
