#
# There is insufficient memory for the Java Runtime Environment to continue.
# Native memory allocation (malloc) failed to allocate 2264176 bytes for Chunk::new
# Possible reasons:
#   The system is out of physical RAM or swap space
#   The process is running with CompressedOops enabled, and the Java Heap may be blocking the growth of the native heap
# Possible solutions:
#   Reduce memory load on the system
#   Increase physical memory or swap space
#   Check if swap backing store is full
#   Decrease Java heap size (-Xmx/-Xms)
#   Decrease number of Java threads
#   Decrease Java thread stack sizes (-Xss)
#   Set larger code cache with -XX:ReservedCodeCacheSize=
#   JVM is running with Unscaled Compressed Oops mode in which the Java heap is
#     placed in the first 4GB address space. The Java Heap base address is the
#     maximum limit for the native heap growth. Please use -XX:HeapBaseMinAddress
#     to set the Java Heap base and to place the Java Heap above 4GB virtual address.
# This output file may be truncated or incomplete.
#
#  Out of Memory Error (./src/hotspot/share/memory/arena.cpp:197), pid=16228, tid=18236
#
# JRE version: OpenJDK Runtime Environment (11.0.8+10) (build 11.0.8+10-b944.6842174)
# Java VM: OpenJDK 64-Bit Server VM (11.0.8+10-b944.6842174, mixed mode, tiered, compressed oops, g1 gc, windows-amd64)
# No core dump will be written. Minidumps are not enabled by default on client versions of Windows
#

---------------  S U M M A R Y ------------

Command Line: org.jetbrains.kotlin.cli.jvm.K2JVMCompiler @E:\Mani Projekti\todo\app\build\20210525_12745422646708688863.compiler.options

Host: Intel(R) Core(TM) i5-8300H CPU @ 2.30GHz, 8 cores, 7G,  Windows 10 , 64 bit Build 19041 (10.0.19041.928)
Time: Tue May 25 13:20:52 2021 FLE Daylight Time elapsed time: 2 seconds (0d 0h 0m 2s)

---------------  T H R E A D  ---------------

Current thread (0x00000124b00b3800):  JavaThread "C2 CompilerThread2" daemon [_thread_in_native, id=18236, stack(0x0000001e7a300000,0x0000001e7a400000)]


Current CompileTask:
C2:   2570 3305       4       java.lang.ClassLoader::loadClass (7 bytes)

Stack: [0x0000001e7a300000,0x0000001e7a400000]
Native frames: (J=compiled Java code, j=interpreted, Vv=VM code, C=native code)
V  [jvm.dll+0x5de50a]
V  [jvm.dll+0x7122f5]
V  [jvm.dll+0x71384d]
V  [jvm.dll+0x713f03]
V  [jvm.dll+0x23e728]
V  [jvm.dll+0xb899c]
V  [jvm.dll+0xb8e9c]
V  [jvm.dll+0x35020b]
V  [jvm.dll+0x31dea3]
V  [jvm.dll+0x31d39a]
V  [jvm.dll+0x1f7702]
V  [jvm.dll+0x1f68d4]
V  [jvm.dll+0x17f32c]
V  [jvm.dll+0x205047]
V  [jvm.dll+0x203891]
V  [jvm.dll+0x6dad3f]
V  [jvm.dll+0x6d3895]
V  [jvm.dll+0x5dd4a6]
C  [ucrtbase.dll+0x21bb2]
C  [KERNEL32.DLL+0x17034]
C  [ntdll.dll+0x52651]


---------------  P R O C E S S  ---------------

Threads class SMR info:
_java_thread_list=0x00000124b0086180, length=12, elements={
0x000001249358b800, 0x00000124aff01800, 0x00000124aff0b000, 0x00000124aff56800,
0x00000124aff58000, 0x00000124aff5a000, 0x00000124aff5e000, 0x00000124aff61000,
0x00000124b00b0000, 0x00000124b00b8800, 0x00000124b00b6000, 0x00000124b00b3800
}

Java Threads: ( => current thread )
  0x000001249358b800 JavaThread "main" [_thread_in_Java, id=7320, stack(0x0000001e79100000,0x0000001e79200000)]
  0x00000124aff01800 JavaThread "Reference Handler" daemon [_thread_blocked, id=4568, stack(0x0000001e79800000,0x0000001e79900000)]
  0x00000124aff0b000 JavaThread "Finalizer" daemon [_thread_blocked, id=6700, stack(0x0000001e79900000,0x0000001e79a00000)]
  0x00000124aff56800 JavaThread "Signal Dispatcher" daemon [_thread_blocked, id=16712, stack(0x0000001e79a00000,0x0000001e79b00000)]
  0x00000124aff58000 JavaThread "Attach Listener" daemon [_thread_blocked, id=2912, stack(0x0000001e79b00000,0x0000001e79c00000)]
  0x00000124aff5a000 JavaThread "C2 CompilerThread0" daemon [_thread_in_native, id=15080, stack(0x0000001e79c00000,0x0000001e79d00000)]
  0x00000124aff5e000 JavaThread "C1 CompilerThread0" daemon [_thread_in_native, id=11096, stack(0x0000001e79d00000,0x0000001e79e00000)]
  0x00000124aff61000 JavaThread "Sweeper thread" daemon [_thread_blocked, id=10388, stack(0x0000001e79e00000,0x0000001e79f00000)]
  0x00000124b00b0000 JavaThread "Service Thread" daemon [_thread_blocked, id=2132, stack(0x0000001e79f00000,0x0000001e7a000000)]
  0x00000124b00b8800 JavaThread "Common-Cleaner" daemon [_thread_blocked, id=13624, stack(0x0000001e7a100000,0x0000001e7a200000)]
  0x00000124b00b6000 JavaThread "C2 CompilerThread1" daemon [_thread_in_native, id=15980, stack(0x0000001e7a200000,0x0000001e7a300000)]
=>0x00000124b00b3800 JavaThread "C2 CompilerThread2" daemon [_thread_in_native, id=18236, stack(0x0000001e7a300000,0x0000001e7a400000)]

Other Threads:
  0x00000124af6b9000 VMThread "VM Thread" [stack: 0x0000001e79700000,0x0000001e79800000] [id=14700]
  0x00000124b00b2000 WatcherThread [stack: 0x0000001e7a000000,0x0000001e7a100000] [id=10036]
  0x00000124935a7800 GCTaskThread "GC Thread#0" [stack: 0x0000001e79200000,0x0000001e79300000] [id=2004]
  0x00000124b0812000 GCTaskThread "GC Thread#1" [stack: 0x0000001e7a400000,0x0000001e7a500000] [id=16772]
  0x00000124b0812800 GCTaskThread "GC Thread#2" [stack: 0x0000001e7a500000,0x0000001e7a600000] [id=15704]
  0x00000124935d6800 ConcurrentGCThread "G1 Main Marker" [stack: 0x0000001e79300000,0x0000001e79400000] [id=10128]
  0x00000124935d8800 ConcurrentGCThread "G1 Conc#0" [stack: 0x0000001e79400000,0x0000001e79500000] [id=4376]
  0x00000124b081a800 ConcurrentGCThread "G1 Conc#1" [stack: 0x0000001e7a600000,0x0000001e7a700000] [id=3816]
  0x000001249365e800 ConcurrentGCThread "G1 Refine#0" [stack: 0x0000001e79500000,0x0000001e79600000] [id=8044]
  0x00000124af51a800 ConcurrentGCThread "G1 Young RemSet Sampling" [stack: 0x0000001e79600000,0x0000001e79700000] [id=1272]

Threads with active compile tasks:
C2 CompilerThread0   2621 3514       4       org.jetbrains.kotlin.load.java.structure.impl.classFiles.BinaryClassSignatureParser::parseParameterizedClassRefSignature (278 bytes)
C1 CompilerThread0   2621 3622       3       org.jetbrains.kotlin.metadata.ProtoBuf$Annotation$Builder::<init> (16 bytes)
C2 CompilerThread1   2622 3576       4       org.jetbrains.org.objectweb.asm.ClassReader::readMethod (1061 bytes)
C2 CompilerThread2   2622 3305       4       java.lang.ClassLoader::loadClass (7 bytes)

VM state:not at safepoint (normal execution)

VM Mutex/Monitor currently owned by a thread: None

Heap address: 0x0000000082e00000, size: 2002 MB, Compressed Oops mode: 32-bit
Narrow klass base: 0x0000000000000000, Narrow klass shift: 3
Compressed class space size: 1073741824 Address: 0x0000000100000000

Heap:
 garbage-first heap   total 185344K, used 48643K [0x0000000082e00000, 0x0000000100000000)
  region size 1024K, 25 young (25600K), 7 survivors (7168K)
 Metaspace       used 45154K, capacity 45625K, committed 45696K, reserved 1089536K
  class space    used 5295K, capacity 5474K, committed 5504K, reserved 1048576K
Heap Regions: E=young(eden), S=young(survivor), O=old, HS=humongous(starts), HC=humongous(continues), CS=collection set, F=free, A=archive, TAMS=top-at-mark-start (previous, next)
|   0|0x0000000082e00000, 0x0000000082f00000, 0x0000000082f00000|100%|HS|  |TAMS 0x0000000082f00000, 0x0000000082e00000| Complete 
|   1|0x0000000082f00000, 0x0000000083000000, 0x0000000083000000|100%|HC|  |TAMS 0x0000000083000000, 0x0000000082f00000| Complete 
|   2|0x0000000083000000, 0x0000000083100000, 0x0000000083100000|100%|HC|  |TAMS 0x0000000083100000, 0x0000000083000000| Complete 
|   3|0x0000000083100000, 0x0000000083200000, 0x0000000083200000|100%|HS|  |TAMS 0x0000000083200000, 0x0000000083100000| Complete 
|   4|0x0000000083200000, 0x0000000083300000, 0x0000000083300000|100%|HC|  |TAMS 0x0000000083300000, 0x0000000083200000| Complete 
|   5|0x0000000083300000, 0x0000000083400000, 0x0000000083400000|100%|HC|  |TAMS 0x0000000083400000, 0x0000000083300000| Complete 
|   6|0x0000000083400000, 0x0000000083500000, 0x0000000083500000|100%|HS|  |TAMS 0x0000000083500000, 0x0000000083400000| Complete 
|   7|0x0000000083500000, 0x0000000083600000, 0x0000000083600000|100%|HC|  |TAMS 0x0000000083600000, 0x0000000083500000| Complete 
|   8|0x0000000083600000, 0x0000000083700000, 0x0000000083700000|100%|HC|  |TAMS 0x0000000083700000, 0x0000000083600000| Complete 
|   9|0x0000000083700000, 0x0000000083800000, 0x0000000083800000|100%| O|  |TAMS 0x0000000083800000, 0x0000000083700000| Untracked 
|  10|0x0000000083800000, 0x0000000083900000, 0x0000000083900000|100%| O|  |TAMS 0x0000000083900000, 0x0000000083800000| Untracked 
|  11|0x0000000083900000, 0x0000000083a00000, 0x0000000083a00000|100%| O|  |TAMS 0x0000000083a00000, 0x0000000083900000| Untracked 
|  12|0x0000000083a00000, 0x0000000083b00000, 0x0000000083b00000|100%| O|  |TAMS 0x0000000083b00000, 0x0000000083a00000| Untracked 
|  13|0x0000000083b00000, 0x0000000083c00000, 0x0000000083c00000|100%|HS|  |TAMS 0x0000000083c00000, 0x0000000083b00000| Complete 
|  14|0x0000000083c00000, 0x0000000083d00000, 0x0000000083d00000|100%|HC|  |TAMS 0x0000000083d00000, 0x0000000083c00000| Complete 
|  15|0x0000000083d00000, 0x0000000083e00000, 0x0000000083e00000|100%| O|  |TAMS 0x0000000083e00000, 0x0000000083d00000| Untracked 
|  16|0x0000000083e00000, 0x0000000083f00000, 0x0000000083f00000|100%| O|  |TAMS 0x0000000083f00000, 0x0000000083e00000| Untracked 
|  17|0x0000000083f00000, 0x0000000084000000, 0x0000000084000000|100%| O|  |TAMS 0x0000000084000000, 0x0000000083f00000| Untracked 
|  18|0x0000000084000000, 0x0000000084100000, 0x0000000084100000|100%| O|  |TAMS 0x0000000084100000, 0x0000000084000000| Untracked 
|  19|0x0000000084100000, 0x0000000084200000, 0x0000000084200000|100%| O|  |TAMS 0x0000000084200000, 0x0000000084100000| Untracked 
|  20|0x0000000084200000, 0x0000000084300000, 0x0000000084300000|100%| O|  |TAMS 0x0000000084300000, 0x0000000084200000| Untracked 
|  21|0x0000000084300000, 0x0000000084400000, 0x0000000084400000|100%| O|  |TAMS 0x0000000084400000, 0x0000000084300000| Untracked 
|  22|0x0000000084400000, 0x0000000084500000, 0x0000000084500000|100%| O|  |TAMS 0x0000000084500000, 0x0000000084400000| Untracked 
|  23|0x0000000084500000, 0x0000000084548c00, 0x0000000084600000| 28%| O|  |TAMS 0x0000000084548c00, 0x0000000084500000| Untracked 
|  24|0x0000000084600000, 0x0000000084700000, 0x0000000084700000|100%|HS|  |TAMS 0x0000000084600000, 0x0000000084600000| Complete 
|  25|0x0000000084700000, 0x0000000084700000, 0x0000000084800000|  0%| F|  |TAMS 0x0000000084700000, 0x0000000084700000| Untracked 
|  26|0x0000000084800000, 0x0000000084800000, 0x0000000084900000|  0%| F|  |TAMS 0x0000000084800000, 0x0000000084800000| Untracked 
|  27|0x0000000084900000, 0x0000000084900000, 0x0000000084a00000|  0%| F|  |TAMS 0x0000000084900000, 0x0000000084900000| Untracked 
|  28|0x0000000084a00000, 0x0000000084a00000, 0x0000000084b00000|  0%| F|  |TAMS 0x0000000084a00000, 0x0000000084a00000| Untracked 
|  29|0x0000000084b00000, 0x0000000084b00000, 0x0000000084c00000|  0%| F|  |TAMS 0x0000000084b00000, 0x0000000084b00000| Untracked 
|  30|0x0000000084c00000, 0x0000000084c00000, 0x0000000084d00000|  0%| F|  |TAMS 0x0000000084c00000, 0x0000000084c00000| Untracked 
|  31|0x0000000084d00000, 0x0000000084d00000, 0x0000000084e00000|  0%| F|  |TAMS 0x0000000084d00000, 0x0000000084d00000| Untracked 
|  32|0x0000000084e00000, 0x0000000084e00000, 0x0000000084f00000|  0%| F|  |TAMS 0x0000000084e00000, 0x0000000084e00000| Untracked 
|  33|0x0000000084f00000, 0x0000000084f00000, 0x0000000085000000|  0%| F|  |TAMS 0x0000000084f00000, 0x0000000084f00000| Untracked 
|  34|0x0000000085000000, 0x0000000085000000, 0x0000000085100000|  0%| F|  |TAMS 0x0000000085000000, 0x0000000085000000| Untracked 
|  35|0x0000000085100000, 0x0000000085100000, 0x0000000085200000|  0%| F|  |TAMS 0x0000000085100000, 0x0000000085100000| Untracked 
|  36|0x0000000085200000, 0x0000000085200000, 0x0000000085300000|  0%| F|  |TAMS 0x0000000085200000, 0x0000000085200000| Untracked 
|  37|0x0000000085300000, 0x0000000085300000, 0x0000000085400000|  0%| F|  |TAMS 0x0000000085300000, 0x0000000085300000| Untracked 
|  38|0x0000000085400000, 0x0000000085400000, 0x0000000085500000|  0%| F|  |TAMS 0x0000000085400000, 0x0000000085400000| Untracked 
|  39|0x0000000085500000, 0x0000000085500000, 0x0000000085600000|  0%| F|  |TAMS 0x0000000085500000, 0x0000000085500000| Untracked 
|  40|0x0000000085600000, 0x0000000085600000, 0x0000000085700000|  0%| F|  |TAMS 0x0000000085600000, 0x0000000085600000| Untracked 
|  41|0x0000000085700000, 0x0000000085700000, 0x0000000085800000|  0%| F|  |TAMS 0x0000000085700000, 0x0000000085700000| Untracked 
|  42|0x0000000085800000, 0x0000000085800000, 0x0000000085900000|  0%| F|  |TAMS 0x0000000085800000, 0x0000000085800000| Untracked 
|  43|0x0000000085900000, 0x0000000085900000, 0x0000000085a00000|  0%| F|  |TAMS 0x0000000085900000, 0x0000000085900000| Untracked 
|  44|0x0000000085a00000, 0x0000000085a00000, 0x0000000085b00000|  0%| F|  |TAMS 0x0000000085a00000, 0x0000000085a00000| Untracked 
|  45|0x0000000085b00000, 0x0000000085b00000, 0x0000000085c00000|  0%| F|  |TAMS 0x0000000085b00000, 0x0000000085b00000| Untracked 
|  46|0x0000000085c00000, 0x0000000085c00000, 0x0000000085d00000|  0%| F|  |TAMS 0x0000000085c00000, 0x0000000085c00000| Untracked 
|  47|0x0000000085d00000, 0x0000000085d00000, 0x0000000085e00000|  0%| F|  |TAMS 0x0000000085d00000, 0x0000000085d00000| Untracked 
|  48|0x0000000085e00000, 0x0000000085e00000, 0x0000000085f00000|  0%| F|  |TAMS 0x0000000085e00000, 0x0000000085e00000| Untracked 
|  49|0x0000000085f00000, 0x0000000085f00000, 0x0000000086000000|  0%| F|  |TAMS 0x0000000085f00000, 0x0000000085f00000| Untracked 
|  50|0x0000000086000000, 0x0000000086000000, 0x0000000086100000|  0%| F|  |TAMS 0x0000000086000000, 0x0000000086000000| Untracked 
|  51|0x0000000086100000, 0x0000000086100000, 0x0000000086200000|  0%| F|  |TAMS 0x0000000086100000, 0x0000000086100000| Untracked 
|  52|0x0000000086200000, 0x0000000086200000, 0x0000000086300000|  0%| F|  |TAMS 0x0000000086200000, 0x0000000086200000| Untracked 
|  53|0x0000000086300000, 0x0000000086300000, 0x0000000086400000|  0%| F|  |TAMS 0x0000000086300000, 0x0000000086300000| Untracked 
|  54|0x0000000086400000, 0x0000000086400000, 0x0000000086500000|  0%| F|  |TAMS 0x0000000086400000, 0x0000000086400000| Untracked 
|  55|0x0000000086500000, 0x0000000086500000, 0x0000000086600000|  0%| F|  |TAMS 0x0000000086500000, 0x0000000086500000| Untracked 
|  56|0x0000000086600000, 0x0000000086600000, 0x0000000086700000|  0%| F|  |TAMS 0x0000000086600000, 0x0000000086600000| Untracked 
|  57|0x0000000086700000, 0x0000000086700000, 0x0000000086800000|  0%| F|  |TAMS 0x0000000086700000, 0x0000000086700000| Untracked 
|  58|0x0000000086800000, 0x0000000086800000, 0x0000000086900000|  0%| F|  |TAMS 0x0000000086800000, 0x0000000086800000| Untracked 
|  59|0x0000000086900000, 0x0000000086900000, 0x0000000086a00000|  0%| F|  |TAMS 0x0000000086900000, 0x0000000086900000| Untracked 
|  60|0x0000000086a00000, 0x0000000086a00000, 0x0000000086b00000|  0%| F|  |TAMS 0x0000000086a00000, 0x0000000086a00000| Untracked 
|  61|0x0000000086b00000, 0x0000000086b00000, 0x0000000086c00000|  0%| F|  |TAMS 0x0000000086b00000, 0x0000000086b00000| Untracked 
|  62|0x0000000086c00000, 0x0000000086c00000, 0x0000000086d00000|  0%| F|  |TAMS 0x0000000086c00000, 0x0000000086c00000| Untracked 
|  63|0x0000000086d00000, 0x0000000086d00000, 0x0000000086e00000|  0%| F|  |TAMS 0x0000000086d00000, 0x0000000086d00000| Untracked 
|  64|0x0000000086e00000, 0x0000000086e00000, 0x0000000086f00000|  0%| F|  |TAMS 0x0000000086e00000, 0x0000000086e00000| Untracked 
|  65|0x0000000086f00000, 0x0000000086f00000, 0x0000000087000000|  0%| F|  |TAMS 0x0000000086f00000, 0x0000000086f00000| Untracked 
|  66|0x0000000087000000, 0x0000000087000000, 0x0000000087100000|  0%| F|  |TAMS 0x0000000087000000, 0x0000000087000000| Untracked 
|  67|0x0000000087100000, 0x0000000087100000, 0x0000000087200000|  0%| F|  |TAMS 0x0000000087100000, 0x0000000087100000| Untracked 
|  68|0x0000000087200000, 0x0000000087200000, 0x0000000087300000|  0%| F|  |TAMS 0x0000000087200000, 0x0000000087200000| Untracked 
|  69|0x0000000087300000, 0x0000000087300000, 0x0000000087400000|  0%| F|  |TAMS 0x0000000087300000, 0x0000000087300000| Untracked 
|  70|0x0000000087400000, 0x00000000874380e8, 0x0000000087500000| 21%| S|CS|TAMS 0x0000000087400000, 0x0000000087400000| Complete 
|  71|0x0000000087500000, 0x0000000087600000, 0x0000000087600000|100%| S|CS|TAMS 0x0000000087500000, 0x0000000087500000| Complete 
|  72|0x0000000087600000, 0x0000000087700000, 0x0000000087700000|100%| S|CS|TAMS 0x0000000087600000, 0x0000000087600000| Complete 
|  73|0x0000000087700000, 0x0000000087800000, 0x0000000087800000|100%| S|CS|TAMS 0x0000000087700000, 0x0000000087700000| Complete 
|  74|0x0000000087800000, 0x0000000087900000, 0x0000000087900000|100%| S|CS|TAMS 0x0000000087800000, 0x0000000087800000| Complete 
|  75|0x0000000087900000, 0x0000000087a00000, 0x0000000087a00000|100%| S|CS|TAMS 0x0000000087900000, 0x0000000087900000| Complete 
|  76|0x0000000087a00000, 0x0000000087b00000, 0x0000000087b00000|100%| S|CS|TAMS 0x0000000087a00000, 0x0000000087a00000| Complete 
|  77|0x0000000087b00000, 0x0000000087b00000, 0x0000000087c00000|  0%| F|  |TAMS 0x0000000087b00000, 0x0000000087b00000| Untracked 
|  78|0x0000000087c00000, 0x0000000087c00000, 0x0000000087d00000|  0%| F|  |TAMS 0x0000000087c00000, 0x0000000087c00000| Untracked 
|  79|0x0000000087d00000, 0x0000000087d00000, 0x0000000087e00000|  0%| F|  |TAMS 0x0000000087d00000, 0x0000000087d00000| Untracked 
|  80|0x0000000087e00000, 0x0000000087e00000, 0x0000000087f00000|  0%| F|  |TAMS 0x0000000087e00000, 0x0000000087e00000| Untracked 
|  81|0x0000000087f00000, 0x0000000087f00000, 0x0000000088000000|  0%| F|  |TAMS 0x0000000087f00000, 0x0000000087f00000| Untracked 
|  82|0x0000000088000000, 0x0000000088000000, 0x0000000088100000|  0%| F|  |TAMS 0x0000000088000000, 0x0000000088000000| Untracked 
|  83|0x0000000088100000, 0x0000000088100000, 0x0000000088200000|  0%| F|  |TAMS 0x0000000088100000, 0x0000000088100000| Untracked 
|  84|0x0000000088200000, 0x0000000088200000, 0x0000000088300000|  0%| F|  |TAMS 0x0000000088200000, 0x0000000088200000| Untracked 
|  85|0x0000000088300000, 0x0000000088300000, 0x0000000088400000|  0%| F|  |TAMS 0x0000000088300000, 0x0000000088300000| Untracked 
|  86|0x0000000088400000, 0x0000000088400000, 0x0000000088500000|  0%| F|  |TAMS 0x0000000088400000, 0x0000000088400000| Untracked 
|  87|0x0000000088500000, 0x0000000088500000, 0x0000000088600000|  0%| F|  |TAMS 0x0000000088500000, 0x0000000088500000| Untracked 
|  88|0x0000000088600000, 0x0000000088600000, 0x0000000088700000|  0%| F|  |TAMS 0x0000000088600000, 0x0000000088600000| Untracked 
|  89|0x0000000088700000, 0x0000000088700000, 0x0000000088800000|  0%| F|  |TAMS 0x0000000088700000, 0x0000000088700000| Untracked 
|  90|0x0000000088800000, 0x0000000088800000, 0x0000000088900000|  0%| F|  |TAMS 0x0000000088800000, 0x0000000088800000| Untracked 
|  91|0x0000000088900000, 0x0000000088900000, 0x0000000088a00000|  0%| F|  |TAMS 0x0000000088900000, 0x0000000088900000| Untracked 
|  92|0x0000000088a00000, 0x0000000088a00000, 0x0000000088b00000|  0%| F|  |TAMS 0x0000000088a00000, 0x0000000088a00000| Untracked 
|  93|0x0000000088b00000, 0x0000000088b00000, 0x0000000088c00000|  0%| F|  |TAMS 0x0000000088b00000, 0x0000000088b00000| Untracked 
|  94|0x0000000088c00000, 0x0000000088c00000, 0x0000000088d00000|  0%| F|  |TAMS 0x0000000088c00000, 0x0000000088c00000| Untracked 
|  95|0x0000000088d00000, 0x0000000088d00000, 0x0000000088e00000|  0%| F|  |TAMS 0x0000000088d00000, 0x0000000088d00000| Untracked 
|  96|0x0000000088e00000, 0x0000000088e00000, 0x0000000088f00000|  0%| F|  |TAMS 0x0000000088e00000, 0x0000000088e00000| Untracked 
|  97|0x0000000088f00000, 0x0000000088f00000, 0x0000000089000000|  0%| F|  |TAMS 0x0000000088f00000, 0x0000000088f00000| Untracked 
|  98|0x0000000089000000, 0x0000000089000000, 0x0000000089100000|  0%| F|  |TAMS 0x0000000089000000, 0x0000000089000000| Untracked 
|  99|0x0000000089100000, 0x0000000089100000, 0x0000000089200000|  0%| F|  |TAMS 0x0000000089100000, 0x0000000089100000| Untracked 
| 100|0x0000000089200000, 0x0000000089200000, 0x0000000089300000|  0%| F|  |TAMS 0x0000000089200000, 0x0000000089200000| Untracked 
| 101|0x0000000089300000, 0x0000000089300000, 0x0000000089400000|  0%| F|  |TAMS 0x0000000089300000, 0x0000000089300000| Untracked 
| 102|0x0000000089400000, 0x0000000089400000, 0x0000000089500000|  0%| F|  |TAMS 0x0000000089400000, 0x0000000089400000| Untracked 
| 103|0x0000000089500000, 0x0000000089500000, 0x0000000089600000|  0%| F|  |TAMS 0x0000000089500000, 0x0000000089500000| Untracked 
| 104|0x0000000089600000, 0x0000000089600000, 0x0000000089700000|  0%| F|  |TAMS 0x0000000089600000, 0x0000000089600000| Untracked 
| 105|0x0000000089700000, 0x0000000089700000, 0x0000000089800000|  0%| F|  |TAMS 0x0000000089700000, 0x0000000089700000| Untracked 
| 106|0x0000000089800000, 0x0000000089800000, 0x0000000089900000|  0%| F|  |TAMS 0x0000000089800000, 0x0000000089800000| Untracked 
| 107|0x0000000089900000, 0x0000000089900000, 0x0000000089a00000|  0%| F|  |TAMS 0x0000000089900000, 0x0000000089900000| Untracked 
| 108|0x0000000089a00000, 0x0000000089a00000, 0x0000000089b00000|  0%| F|  |TAMS 0x0000000089a00000, 0x0000000089a00000| Untracked 
| 109|0x0000000089b00000, 0x0000000089b00000, 0x0000000089c00000|  0%| F|  |TAMS 0x0000000089b00000, 0x0000000089b00000| Untracked 
| 110|0x0000000089c00000, 0x0000000089c00000, 0x0000000089d00000|  0%| F|  |TAMS 0x0000000089c00000, 0x0000000089c00000| Untracked 
| 111|0x0000000089d00000, 0x0000000089d00000, 0x0000000089e00000|  0%| F|  |TAMS 0x0000000089d00000, 0x0000000089d00000| Untracked 
| 112|0x0000000089e00000, 0x0000000089e00000, 0x0000000089f00000|  0%| F|  |TAMS 0x0000000089e00000, 0x0000000089e00000| Untracked 
| 113|0x0000000089f00000, 0x0000000089f00000, 0x000000008a000000|  0%| F|  |TAMS 0x0000000089f00000, 0x0000000089f00000| Untracked 
| 114|0x000000008a000000, 0x000000008a000000, 0x000000008a100000|  0%| F|  |TAMS 0x000000008a000000, 0x000000008a000000| Untracked 
| 115|0x000000008a100000, 0x000000008a100000, 0x000000008a200000|  0%| F|  |TAMS 0x000000008a100000, 0x000000008a100000| Untracked 
| 116|0x000000008a200000, 0x000000008a200000, 0x000000008a300000|  0%| F|  |TAMS 0x000000008a200000, 0x000000008a200000| Untracked 
| 117|0x000000008a300000, 0x000000008a300000, 0x000000008a400000|  0%| F|  |TAMS 0x000000008a300000, 0x000000008a300000| Untracked 
| 118|0x000000008a400000, 0x000000008a400000, 0x000000008a500000|  0%| F|  |TAMS 0x000000008a400000, 0x000000008a400000| Untracked 
| 119|0x000000008a500000, 0x000000008a500000, 0x000000008a600000|  0%| F|  |TAMS 0x000000008a500000, 0x000000008a500000| Untracked 
| 120|0x000000008a600000, 0x000000008a600000, 0x000000008a700000|  0%| F|  |TAMS 0x000000008a600000, 0x000000008a600000| Untracked 
| 121|0x000000008a700000, 0x000000008a700000, 0x000000008a800000|  0%| F|  |TAMS 0x000000008a700000, 0x000000008a700000| Untracked 
| 122|0x000000008a800000, 0x000000008a800000, 0x000000008a900000|  0%| F|  |TAMS 0x000000008a800000, 0x000000008a800000| Untracked 
| 123|0x000000008a900000, 0x000000008a900000, 0x000000008aa00000|  0%| F|  |TAMS 0x000000008a900000, 0x000000008a900000| Untracked 
| 124|0x000000008aa00000, 0x000000008aa00000, 0x000000008ab00000|  0%| F|  |TAMS 0x000000008aa00000, 0x000000008aa00000| Untracked 
| 125|0x000000008ab00000, 0x000000008ab00000, 0x000000008ac00000|  0%| F|  |TAMS 0x000000008ab00000, 0x000000008ab00000| Untracked 
| 126|0x000000008ac00000, 0x000000008ac00000, 0x000000008ad00000|  0%| F|  |TAMS 0x000000008ac00000, 0x000000008ac00000| Untracked 
| 127|0x000000008ad00000, 0x000000008ad00000, 0x000000008ae00000|  0%| F|  |TAMS 0x000000008ad00000, 0x000000008ad00000| Untracked 
| 128|0x000000008ae00000, 0x000000008ae00000, 0x000000008af00000|  0%| F|  |TAMS 0x000000008ae00000, 0x000000008ae00000| Untracked 
| 129|0x000000008af00000, 0x000000008af00000, 0x000000008b000000|  0%| F|  |TAMS 0x000000008af00000, 0x000000008af00000| Untracked 
| 130|0x000000008b000000, 0x000000008b000000, 0x000000008b100000|  0%| F|  |TAMS 0x000000008b000000, 0x000000008b000000| Untracked 
| 131|0x000000008b100000, 0x000000008b100000, 0x000000008b200000|  0%| F|  |TAMS 0x000000008b100000, 0x000000008b100000| Untracked 
| 132|0x000000008b200000, 0x000000008b200000, 0x000000008b300000|  0%| F|  |TAMS 0x000000008b200000, 0x000000008b200000| Untracked 
| 133|0x000000008b300000, 0x000000008b300000, 0x000000008b400000|  0%| F|  |TAMS 0x000000008b300000, 0x000000008b300000| Untracked 
| 134|0x000000008b400000, 0x000000008b400000, 0x000000008b500000|  0%| F|  |TAMS 0x000000008b400000, 0x000000008b400000| Untracked 
| 135|0x000000008b500000, 0x000000008b500000, 0x000000008b600000|  0%| F|  |TAMS 0x000000008b500000, 0x000000008b500000| Untracked 
| 136|0x000000008b600000, 0x000000008b600000, 0x000000008b700000|  0%| F|  |TAMS 0x000000008b600000, 0x000000008b600000| Untracked 
| 137|0x000000008b700000, 0x000000008b700000, 0x000000008b800000|  0%| F|  |TAMS 0x000000008b700000, 0x000000008b700000| Untracked 
| 138|0x000000008b800000, 0x000000008b800000, 0x000000008b900000|  0%| F|  |TAMS 0x000000008b800000, 0x000000008b800000| Untracked 
| 139|0x000000008b900000, 0x000000008b900000, 0x000000008ba00000|  0%| F|  |TAMS 0x000000008b900000, 0x000000008b900000| Untracked 
| 140|0x000000008ba00000, 0x000000008ba00000, 0x000000008bb00000|  0%| F|  |TAMS 0x000000008ba00000, 0x000000008ba00000| Untracked 
| 141|0x000000008bb00000, 0x000000008bb00000, 0x000000008bc00000|  0%| F|  |TAMS 0x000000008bb00000, 0x000000008bb00000| Untracked 
| 142|0x000000008bc00000, 0x000000008bc00000, 0x000000008bd00000|  0%| F|  |TAMS 0x000000008bc00000, 0x000000008bc00000| Untracked 
| 143|0x000000008bd00000, 0x000000008bd00000, 0x000000008be00000|  0%| F|  |TAMS 0x000000008bd00000, 0x000000008bd00000| Untracked 
| 144|0x000000008be00000, 0x000000008be00000, 0x000000008bf00000|  0%| F|  |TAMS 0x000000008be00000, 0x000000008be00000| Untracked 
| 145|0x000000008bf00000, 0x000000008bf00000, 0x000000008c000000|  0%| F|  |TAMS 0x000000008bf00000, 0x000000008bf00000| Untracked 
| 146|0x000000008c000000, 0x000000008c000000, 0x000000008c100000|  0%| F|  |TAMS 0x000000008c000000, 0x000000008c000000| Untracked 
| 147|0x000000008c100000, 0x000000008c100000, 0x000000008c200000|  0%| F|  |TAMS 0x000000008c100000, 0x000000008c100000| Untracked 
| 148|0x000000008c200000, 0x000000008c200000, 0x000000008c300000|  0%| F|  |TAMS 0x000000008c200000, 0x000000008c200000| Untracked 
| 149|0x000000008c300000, 0x000000008c300000, 0x000000008c400000|  0%| F|  |TAMS 0x000000008c300000, 0x000000008c300000| Untracked 
| 150|0x000000008c400000, 0x000000008c400000, 0x000000008c500000|  0%| F|  |TAMS 0x000000008c400000, 0x000000008c400000| Untracked 
| 151|0x000000008c500000, 0x000000008c500000, 0x000000008c600000|  0%| F|  |TAMS 0x000000008c500000, 0x000000008c500000| Untracked 
| 152|0x000000008c600000, 0x000000008c600000, 0x000000008c700000|  0%| F|  |TAMS 0x000000008c600000, 0x000000008c600000| Untracked 
| 153|0x000000008c700000, 0x000000008c700000, 0x000000008c800000|  0%| F|  |TAMS 0x000000008c700000, 0x000000008c700000| Untracked 
| 154|0x000000008c800000, 0x000000008c800000, 0x000000008c900000|  0%| F|  |TAMS 0x000000008c800000, 0x000000008c800000| Untracked 
| 155|0x000000008c900000, 0x000000008c900000, 0x000000008ca00000|  0%| F|  |TAMS 0x000000008c900000, 0x000000008c900000| Untracked 
| 156|0x000000008ca00000, 0x000000008ca00000, 0x000000008cb00000|  0%| F|  |TAMS 0x000000008ca00000, 0x000000008ca00000| Untracked 
| 157|0x000000008cb00000, 0x000000008cb00000, 0x000000008cc00000|  0%| F|  |TAMS 0x000000008cb00000, 0x000000008cb00000| Untracked 
| 158|0x000000008cc00000, 0x000000008cc00000, 0x000000008cd00000|  0%| F|  |TAMS 0x000000008cc00000, 0x000000008cc00000| Untracked 
| 159|0x000000008cd00000, 0x000000008cd00000, 0x000000008ce00000|  0%| F|  |TAMS 0x000000008cd00000, 0x000000008cd00000| Untracked 
| 160|0x000000008ce00000, 0x000000008ce00000, 0x000000008cf00000|  0%| F|  |TAMS 0x000000008ce00000, 0x000000008ce00000| Untracked 
| 161|0x000000008cf00000, 0x000000008cf00000, 0x000000008d000000|  0%| F|  |TAMS 0x000000008cf00000, 0x000000008cf00000| Untracked 
| 162|0x000000008d000000, 0x000000008d000000, 0x000000008d100000|  0%| F|  |TAMS 0x000000008d000000, 0x000000008d000000| Untracked 
| 163|0x000000008d100000, 0x000000008d180800, 0x000000008d200000| 50%| E|  |TAMS 0x000000008d100000, 0x000000008d100000| Complete 
| 164|0x000000008d200000, 0x000000008d300000, 0x000000008d300000|100%| E|CS|TAMS 0x000000008d200000, 0x000000008d200000| Complete 
| 165|0x000000008d300000, 0x000000008d400000, 0x000000008d400000|100%| E|CS|TAMS 0x000000008d300000, 0x000000008d300000| Complete 
| 166|0x000000008d400000, 0x000000008d500000, 0x000000008d500000|100%| E|CS|TAMS 0x000000008d400000, 0x000000008d400000| Complete 
| 167|0x000000008d500000, 0x000000008d600000, 0x000000008d600000|100%| E|CS|TAMS 0x000000008d500000, 0x000000008d500000| Complete 
| 168|0x000000008d600000, 0x000000008d700000, 0x000000008d700000|100%| E|CS|TAMS 0x000000008d600000, 0x000000008d600000| Complete 
| 169|0x000000008d700000, 0x000000008d800000, 0x000000008d800000|100%| E|CS|TAMS 0x000000008d700000, 0x000000008d700000| Complete 
| 170|0x000000008d800000, 0x000000008d900000, 0x000000008d900000|100%| E|CS|TAMS 0x000000008d800000, 0x000000008d800000| Complete 
| 171|0x000000008d900000, 0x000000008da00000, 0x000000008da00000|100%| E|CS|TAMS 0x000000008d900000, 0x000000008d900000| Complete 
| 172|0x000000008da00000, 0x000000008db00000, 0x000000008db00000|100%| E|CS|TAMS 0x000000008da00000, 0x000000008da00000| Complete 
| 173|0x000000008db00000, 0x000000008dc00000, 0x000000008dc00000|100%| E|CS|TAMS 0x000000008db00000, 0x000000008db00000| Complete 
| 174|0x000000008dc00000, 0x000000008dd00000, 0x000000008dd00000|100%| E|CS|TAMS 0x000000008dc00000, 0x000000008dc00000| Complete 
| 175|0x000000008dd00000, 0x000000008de00000, 0x000000008de00000|100%| E|CS|TAMS 0x000000008dd00000, 0x000000008dd00000| Complete 
| 176|0x000000008de00000, 0x000000008df00000, 0x000000008df00000|100%| E|CS|TAMS 0x000000008de00000, 0x000000008de00000| Complete 
| 177|0x000000008df00000, 0x000000008e000000, 0x000000008e000000|100%| E|CS|TAMS 0x000000008df00000, 0x000000008df00000| Complete 
| 178|0x000000008e000000, 0x000000008e100000, 0x000000008e100000|100%| E|CS|TAMS 0x000000008e000000, 0x000000008e000000| Complete 
| 179|0x000000008e100000, 0x000000008e200000, 0x000000008e200000|100%| E|CS|TAMS 0x000000008e100000, 0x000000008e100000| Complete 
| 180|0x000000008e200000, 0x000000008e300000, 0x000000008e300000|100%| E|CS|TAMS 0x000000008e200000, 0x000000008e200000| Complete 

Card table byte_map: [0x00000124a8570000,0x00000124a8960000] _byte_map_base: 0x00000124a8159000

Marking Bits (Prev, Next): (CMBitMap*) 0x00000124935cdaf0, (CMBitMap*) 0x00000124935cdab8
 Prev Bits: [0x00000124aaca0000, 0x00000124acbe8000)
 Next Bits: [0x00000124a8d50000, 0x00000124aac98000)

Polling page: 0x0000012493660000

Metaspace:

Usage:
  Non-class:     39.27 MB capacity,    38.93 MB (>99%) used,   288.42 KB ( <1%) free+waste,    63.94 KB ( <1%) overhead. 
      Class:      5.35 MB capacity,     5.17 MB ( 97%) used,   151.74 KB (  3%) free+waste,    26.81 KB ( <1%) overhead. 
       Both:     44.62 MB capacity,    44.10 MB ( 99%) used,   440.16 KB ( <1%) free+waste,    90.75 KB ( <1%) overhead. 

Virtual space:
  Non-class space:       40.00 MB reserved,      39.50 MB ( 99%) committed 
      Class space:        1.00 GB reserved,       5.38 MB ( <1%) committed 
             Both:        1.04 GB reserved,      44.88 MB (  4%) committed 

Chunk freelists:
   Non-Class:  41.00 KB
       Class:  30.00 KB
        Both:  71.00 KB

MaxMetaspaceSize: 17179869184.00 GB
CompressedClassSpaceSize: 1.00 GB

CodeHeap 'non-profiled nmethods': size=120000Kb used=1564Kb max_used=1564Kb free=118436Kb
 bounds [0x00000124a01c0000, 0x00000124a0430000, 0x00000124a76f0000]
CodeHeap 'profiled nmethods': size=120000Kb used=7682Kb max_used=7682Kb free=112317Kb
 bounds [0x0000012498c90000, 0x0000012499420000, 0x00000124a01c0000]
CodeHeap 'non-nmethods': size=5760Kb used=1179Kb max_used=1220Kb free=4581Kb
 bounds [0x00000124986f0000, 0x0000012498960000, 0x0000012498c90000]
 total_blobs=4181 nmethods=3651 adapters=441
 compilation: enabled
              stopped_count=0, restarted_count=0
 full_count=0

Compilation events (20 events):
Event: 2.561 Thread 0x00000124aff5e000 3491       3       org.jetbrains.kotlin.load.java.structure.impl.classFiles.AnnotationsAndParameterCollectorMethodVisitor::<init> (100 bytes)
Event: 2.563 Thread 0x00000124aff5e000 nmethod 3491 0x0000012499387990 code [0x0000012499387d40, 0x0000012499389458]
Event: 2.563 Thread 0x00000124aff5e000 3517       3       gnu.trove.THashIterator::nextIndex (62 bytes)
Event: 2.563 Thread 0x00000124aff5e000 nmethod 3517 0x0000012499389c10 code [0x0000012499389e00, 0x000001249938a2b8]
Event: 2.563 Thread 0x00000124aff5e000 3516       3       org.jetbrains.org.objectweb.asm.ClassReader::readConst (276 bytes)
Event: 2.566 Thread 0x00000124aff5e000 nmethod 3516 0x000001249938a490 code [0x000001249938a9a0, 0x000001249938d1e8]
Event: 2.566 Thread 0x00000124aff5e000 3494       3       kotlin.collections.CollectionsKt___CollectionsKt::reversed (43 bytes)
Event: 2.566 Thread 0x00000124b00b6000 nmethod 3466% 0x00000124a0337810 code [0x00000124a0337a60, 0x00000124a03393d8]
Event: 2.567 Thread 0x00000124aff5e000 nmethod 3494 0x000001249938e210 code [0x000001249938e500, 0x000001249938f338]
Event: 2.567 Thread 0x00000124aff5e000 3492       3       org.jetbrains.org.objectweb.asm.MethodVisitor::<init> (7 bytes)
Event: 2.567 Thread 0x00000124aff5e000 nmethod 3492 0x000001249938f810 code [0x000001249938f9c0, 0x000001249938fae8]
Event: 2.567 Thread 0x00000124aff5e000 3505       3       org.jetbrains.org.objectweb.asm.MethodVisitor::<init> (88 bytes)
Event: 2.567 Thread 0x00000124aff5e000 nmethod 3505 0x000001249938fb90 code [0x000001249938fe20, 0x0000012499390908]
Event: 2.567 Thread 0x00000124aff5e000 3508       3       org.jetbrains.org.objectweb.asm.Type::getReturnType (13 bytes)
Event: 2.568 Thread 0x00000124aff5e000 nmethod 3508 0x0000012499390c90 code [0x0000012499390e60, 0x00000124993910b8]
Event: 2.568 Thread 0x00000124aff5e000 3506       3       org.jetbrains.org.objectweb.asm.MethodVisitor::visitEnd (15 bytes)
Event: 2.568 Thread 0x00000124aff5e000 nmethod 3506 0x0000012499391210 code [0x00000124993913c0, 0x00000124993915a8]
Event: 2.568 Thread 0x00000124aff5e000 3515       3       org.jetbrains.kotlin.load.java.structure.impl.classFiles.BinaryJavaMethod::<init> (51 bytes)
Event: 2.569 Thread 0x00000124aff5e000 nmethod 3515 0x0000012499391690 code [0x0000012499391aa0, 0x0000012499393348]
Event: 2.569 Thread 0x00000124aff5e000 3526       3       org.jetbrains.org.objectweb.asm.ClassReader::readElementValues (88 bytes)

GC Heap History (10 events):
Event: 0.431 GC heap before
{Heap before GC invocations=0 (full 0):
 garbage-first heap   total 129024K, used 27648K [0x0000000082e00000, 0x0000000100000000)
  region size 1024K, 24 young (24576K), 0 survivors (0K)
 Metaspace       used 12339K, capacity 12405K, committed 12544K, reserved 1060864K
  class space    used 1157K, capacity 1174K, committed 1280K, reserved 1048576K
}
Event: 0.436 GC heap after
{Heap after GC invocations=1 (full 0):
 garbage-first heap   total 129024K, used 5626K [0x0000000082e00000, 0x0000000100000000)
  region size 1024K, 3 young (3072K), 3 survivors (3072K)
 Metaspace       used 12339K, capacity 12405K, committed 12544K, reserved 1060864K
  class space    used 1157K, capacity 1174K, committed 1280K, reserved 1048576K
}
Event: 0.895 GC heap before
{Heap before GC invocations=1 (full 0):
 garbage-first heap   total 129024K, used 41466K [0x0000000082e00000, 0x0000000100000000)
  region size 1024K, 39 young (39936K), 3 survivors (3072K)
 Metaspace       used 20950K, capacity 21093K, committed 21248K, reserved 1069056K
  class space    used 2220K, capacity 2284K, committed 2304K, reserved 1048576K
}
Event: 0.904 GC heap after
{Heap after GC invocations=2 (full 0):
 garbage-first heap   total 129024K, used 9323K [0x0000000082e00000, 0x0000000100000000)
  region size 1024K, 7 young (7168K), 7 survivors (7168K)
 Metaspace       used 20950K, capacity 21093K, committed 21248K, reserved 1069056K
  class space    used 2220K, capacity 2284K, committed 2304K, reserved 1048576K
}
Event: 1.571 GC heap before
{Heap before GC invocations=3 (full 0):
 garbage-first heap   total 129024K, used 73835K [0x0000000082e00000, 0x0000000100000000)
  region size 1024K, 58 young (59392K), 7 survivors (7168K)
 Metaspace       used 30773K, capacity 31237K, committed 31488K, reserved 1077248K
  class space    used 3652K, capacity 3824K, committed 3840K, reserved 1048576K
}
Event: 1.589 GC heap after
{Heap after GC invocations=4 (full 0):
 garbage-first heap   total 129024K, used 23957K [0x0000000082e00000, 0x0000000100000000)
  region size 1024K, 8 young (8192K), 8 survivors (8192K)
 Metaspace       used 30773K, capacity 31237K, committed 31488K, reserved 1077248K
  class space    used 3652K, capacity 3824K, committed 3840K, reserved 1048576K
}
Event: 1.847 GC heap before
{Heap before GC invocations=4 (full 0):
 garbage-first heap   total 129024K, used 44437K [0x0000000082e00000, 0x0000000100000000)
  region size 1024K, 29 young (29696K), 8 survivors (8192K)
 Metaspace       used 35029K, capacity 35439K, committed 35584K, reserved 1081344K
  class space    used 4103K, capacity 4283K, committed 4352K, reserved 1048576K
}
Event: 1.875 GC heap after
{Heap after GC invocations=5 (full 0):
 garbage-first heap   total 129024K, used 24808K [0x0000000082e00000, 0x0000000100000000)
  region size 1024K, 3 young (3072K), 3 survivors (3072K)
 Metaspace       used 35029K, capacity 35439K, committed 35584K, reserved 1081344K
  class space    used 4103K, capacity 4283K, committed 4352K, reserved 1048576K
}
Event: 2.505 GC heap before
{Heap before GC invocations=6 (full 0):
 garbage-first heap   total 129024K, used 73960K [0x0000000082e00000, 0x0000000100000000)
  region size 1024K, 49 young (50176K), 3 survivors (3072K)
 Metaspace       used 44992K, capacity 45497K, committed 45696K, reserved 1089536K
  class space    used 5293K, capacity 5474K, committed 5504K, reserved 1048576K
}
Event: 2.519 GC heap after
{Heap after GC invocations=7 (full 0):
 garbage-first heap   total 185344K, used 30211K [0x0000000082e00000, 0x0000000100000000)
  region size 1024K, 7 young (7168K), 7 survivors (7168K)
 Metaspace       used 44992K, capacity 45497K, committed 45696K, reserved 1089536K
  class space    used 5293K, capacity 5474K, committed 5504K, reserved 1048576K
}

Deoptimization events (20 events):
Event: 2.321 Thread 0x000001249358b800 Uncommon trap: trap_request=0xffffffc6 fr.pc=0x00000124a027936c relative=0x00000000000014cc
Event: 2.321 Thread 0x000001249358b800 Uncommon trap: reason=bimorphic_or_optimized_type_check action=maybe_recompile pc=0x00000124a027936c method=java.util.zip.ZipFile.getZipEntry(Ljava/lang/String;[BILjava/util/function/Function;)Ljava/util/zip/ZipEntry; @ 108 c2
Event: 2.321 Thread 0x000001249358b800 DEOPT PACKING pc=0x00000124a027936c sp=0x0000001e791faa40
Event: 2.321 Thread 0x000001249358b800 DEOPT UNPACKING pc=0x00000124987174af sp=0x0000001e791fa9f8 mode 2
Event: 2.329 Thread 0x000001249358b800 DEOPT PACKING pc=0x00000124991c27ff sp=0x0000001e791fab60
Event: 2.329 Thread 0x000001249358b800 DEOPT UNPACKING pc=0x00000124987172ce sp=0x0000001e791f9fb0 mode 0
Event: 2.330 Thread 0x000001249358b800 DEOPT PACKING pc=0x000001249903f674 sp=0x0000001e791fa540
Event: 2.330 Thread 0x000001249358b800 DEOPT UNPACKING pc=0x00000124987172ce sp=0x0000001e791f9ae0 mode 0
Event: 2.335 Thread 0x000001249358b800 Uncommon trap: trap_request=0xffffffc6 fr.pc=0x00000124a02c49e8 relative=0x0000000000000568
Event: 2.335 Thread 0x000001249358b800 Uncommon trap: reason=bimorphic_or_optimized_type_check action=maybe_recompile pc=0x00000124a02c49e8 method=org.jetbrains.kotlin.protobuf.CodedInputStream.tryRefillBuffer(I)Z @ 177 c2
Event: 2.335 Thread 0x000001249358b800 DEOPT PACKING pc=0x00000124a02c49e8 sp=0x0000001e791faed0
Event: 2.335 Thread 0x000001249358b800 DEOPT UNPACKING pc=0x00000124987174af sp=0x0000001e791fadb8 mode 2
Event: 2.337 Thread 0x000001249358b800 Uncommon trap: trap_request=0xffffffc6 fr.pc=0x00000124a02c5944 relative=0x00000000000002c4
Event: 2.337 Thread 0x000001249358b800 Uncommon trap: reason=bimorphic_or_optimized_type_check action=maybe_recompile pc=0x00000124a02c5944 method=org.jetbrains.kotlin.protobuf.CodedInputStream.tryRefillBuffer(I)Z @ 177 c2
Event: 2.337 Thread 0x000001249358b800 DEOPT PACKING pc=0x00000124a02c5944 sp=0x0000001e791fae80
Event: 2.337 Thread 0x000001249358b800 DEOPT UNPACKING pc=0x00000124987174af sp=0x0000001e791fadb8 mode 2
Event: 2.478 Thread 0x000001249358b800 Uncommon trap: trap_request=0xffffff4d fr.pc=0x00000124a032b280 relative=0x00000000000000c0
Event: 2.478 Thread 0x000001249358b800 Uncommon trap: reason=unstable_if action=reinterpret pc=0x00000124a032b280 method=java.text.StringCharacterIterator.current()C @ 19 c2
Event: 2.478 Thread 0x000001249358b800 DEOPT PACKING pc=0x00000124a032b280 sp=0x0000001e791fb650
Event: 2.478 Thread 0x000001249358b800 DEOPT UNPACKING pc=0x00000124987174af sp=0x0000001e791fb5e8 mode 2

Classes redefined (0 events):
No events

Internal exceptions (20 events):
Event: 0.840 Thread 0x000001249358b800 Exception <a 'java/lang/NoSuchMethodError'{0x0000000088a70a10}: 'long java.lang.invoke.DirectMethodHandle$Holder.invokeStaticInit(java.lang.Object)'> (0x0000000088a70a10) thrown at [./src/hotspot/share/interpreter/linkResolver.cpp, line 773]
Event: 0.874 Thread 0x000001249358b800 Exception <a 'java/lang/NoSuchMethodError'{0x00000000887dfcf8}: 'int java.lang.invoke.DirectMethodHandle$Holder.invokeStaticInit(java.lang.Object, java.lang.Object, java.lang.Object)'> (0x00000000887dfcf8) thrown at [./src/hotspot/share/interpreter/linkResolver.cpp, line 773]
Event: 0.876 Thread 0x000001249358b800 Exception <a 'java/lang/NoSuchMethodError'{0x000000008860bbe0}: 'int java.lang.invoke.DirectMethodHandle$Holder.invokeStaticInit(java.lang.Object, java.lang.Object)'> (0x000000008860bbe0) thrown at [./src/hotspot/share/interpreter/linkResolver.cpp, line 773]
Event: 1.029 Thread 0x000001249358b800 Exception <a 'java/lang/NoSuchMethodError'{0x000000008a341620}: 'java.lang.Object java.lang.invoke.DirectMethodHandle$Holder.invokeStatic(java.lang.Object, java.lang.Object, java.lang.Object, java.lang.Object, java.lang.Object, java.lang.Object, java.lang.Object, java.lang.Object, java.lang.Object, java.lang.Object, java.lang.Object, java.lang.Object, java.lang.Object, java.lang.Object, java.lang.Object)'> (0x000000008a341620) thrown at [./src/hotspot/share/interpreter/linkResolver.cpp, line 773]
Event: 1.030 Thread 0x000001249358b800 Exception <a 'java/lang/NoSuchMethodError'{0x000000008a34f9f8}: 'java.lang.Object java.lang.invoke.DirectMethodHandle$Holder.invokeStatic(java.lang.Object, java.lang.Object, java.lang.Object, java.lang.Object, java.lang.Object, java.lang.Object, java.lang.Object, java.lang.Object, java.lang.Object, java.lang.Object, java.lang.Object, java.lang.Object, java.lang.Object, java.lang.Object, java.lang.Object, java.lang.Object)'> (0x000000008a34f9f8) thrown at [./src/hotspot/share/interpreter/linkResolver.cpp, l
Event: 1.031 Thread 0x000001249358b800 Exception <a 'java/lang/NoSuchMethodError'{0x000000008a35d910}: 'java.lang.Object java.lang.invoke.DirectMethodHandle$Holder.invokeSpecial(java.lang.Object, java.lang.Object, int, int, java.lang.Object, java.lang.Object, java.lang.Object)'> (0x000000008a35d910) thrown at [./src/hotspot/share/interpreter/linkResolver.cpp, line 773]
Event: 1.031 Thread 0x000001249358b800 Exception <a 'java/lang/NoSuchMethodError'{0x000000008a361148}: 'java.lang.Object java.lang.invoke.DelegatingMethodHandle$Holder.reinvoke_L(java.lang.Object, int, int, java.lang.Object, java.lang.Object, java.lang.Object)'> (0x000000008a361148) thrown at [./src/hotspot/share/interpreter/linkResolver.cpp, line 773]
Event: 1.031 Thread 0x000001249358b800 Exception <a 'java/lang/NoSuchMethodError'{0x000000008a3654d0}: 'java.lang.Object java.lang.invoke.DirectMethodHandle$Holder.invokeStatic(java.lang.Object, java.lang.Object, java.lang.Object, java.lang.Object, int)'> (0x000000008a3654d0) thrown at [./src/hotspot/share/interpreter/linkResolver.cpp, line 773]
Event: 1.059 Thread 0x000001249358b800 Implicit null exception at 0x00000124a02495ac to 0x00000124a024975a
Event: 1.081 Thread 0x000001249358b800 Exception <a 'java/lang/NoSuchMethodError'{0x0000000089ecfc98}: 'void java.lang.invoke.DirectMethodHandle$Holder.invokeStatic(java.lang.Object, java.lang.Object, java.lang.Object, java.lang.Object)'> (0x0000000089ecfc98) thrown at [./src/hotspot/share/interpreter/linkResolver.cpp, line 773]
Event: 1.095 Thread 0x000001249358b800 Exception <a 'java/lang/NoSuchMethodError'{0x0000000089c20288}: 'void java.lang.invoke.DirectMethodHandle$Holder.invokeSpecial(java.lang.Object, java.lang.Object)'> (0x0000000089c20288) thrown at [./src/hotspot/share/interpreter/linkResolver.cpp, line 773]
Event: 1.121 Thread 0x000001249358b800 Exception <a 'java/lang/NoSuchMethodError'{0x0000000089ac7688}: 'void java.lang.invoke.DirectMethodHandle$Holder.invokeStaticInit(java.lang.Object, java.lang.Object)'> (0x0000000089ac7688) thrown at [./src/hotspot/share/interpreter/linkResolver.cpp, line 773]
Event: 1.126 Thread 0x000001249358b800 Exception <a 'java/lang/NoSuchMethodError'{0x0000000089906290}: 'void java.lang.invoke.DirectMethodHandle$Holder.invokeInterface(java.lang.Object, java.lang.Object)'> (0x0000000089906290) thrown at [./src/hotspot/share/interpreter/linkResolver.cpp, line 773]
Event: 1.170 Thread 0x000001249358b800 Exception <a 'java/lang/NoSuchMethodError'{0x0000000089513c98}: 'void java.lang.invoke.DirectMethodHandle$Holder.invokeVirtual(java.lang.Object, java.lang.Object)'> (0x0000000089513c98) thrown at [./src/hotspot/share/interpreter/linkResolver.cpp, line 773]
Event: 1.177 Thread 0x000001249358b800 Exception <a 'java/lang/NoSuchMethodError'{0x000000008958b020}: 'int java.lang.invoke.DirectMethodHandle$Holder.invokeVirtual(java.lang.Object, java.lang.Object)'> (0x000000008958b020) thrown at [./src/hotspot/share/interpreter/linkResolver.cpp, line 773]
Event: 1.695 Thread 0x000001249358b800 Exception <a 'java/lang/NoSuchMethodError'{0x000000008a3b4278}: 'java.lang.Object java.lang.invoke.DirectMethodHandle$Holder.invokeVirtual(java.lang.Object, java.lang.Object, java.lang.Object)'> (0x000000008a3b4278) thrown at [./src/hotspot/share/interpreter/linkResolver.cpp, line 773]
Event: 2.183 Thread 0x000001249358b800 Exception <a 'java/lang/NoSuchMethodError'{0x0000000088dbbf60}: 'java.lang.Object java.lang.invoke.Invokers$Holder.linkToTargetMethod(java.lang.Object, int, java.lang.Object)'> (0x0000000088dbbf60) thrown at [./src/hotspot/share/interpreter/linkResolver.cpp, line 773]
Event: 2.265 Thread 0x000001249358b800 Exception <a 'java/lang/NoSuchMethodError'{0x0000000088927a20}: 'java.lang.Object java.lang.invoke.DirectMethodHandle$Holder.invokeStatic(java.lang.Object, java.lang.Object, java.lang.Object, int)'> (0x0000000088927a20) thrown at [./src/hotspot/share/interpreter/linkResolver.cpp, line 773]
Event: 2.265 Thread 0x000001249358b800 Exception <a 'java/lang/NoSuchMethodError'{0x000000008892b690}: 'java.lang.Object java.lang.invoke.DirectMethodHandle$Holder.invokeSpecial(java.lang.Object, java.lang.Object, java.lang.Object, java.lang.Object, int)'> (0x000000008892b690) thrown at [./src/hotspot/share/interpreter/linkResolver.cpp, line 773]
Event: 2.265 Thread 0x000001249358b800 Exception <a 'java/lang/NoSuchMethodError'{0x000000008892e9a0}: 'java.lang.Object java.lang.invoke.Invokers$Holder.linkToTargetMethod(java.lang.Object, java.lang.Object, int, java.lang.Object)'> (0x000000008892e9a0) thrown at [./src/hotspot/share/interpreter/linkResolver.cpp, line 773]

Events (20 events):
Event: 2.481 loading class gnu/trove/THashMap$KeyView
Event: 2.481 loading class gnu/trove/THashMap$KeyView done
Event: 2.492 loading class javaslang/control/Option$None
Event: 2.492 loading class javaslang/control/Option$None done
Event: 2.502 loading class org/jetbrains/kotlin/utils/SmartList$SingletonIterator
Event: 2.502 loading class org/jetbrains/kotlin/utils/SmartList$SingletonIterator done
Event: 2.502 loading class org/jetbrains/kotlin/utils/SmartList$SingletonIteratorBase
Event: 2.502 loading class org/jetbrains/kotlin/utils/SmartList$SingletonIteratorBase done
Event: 2.505 Executing VM operation: G1CollectForAllocation
Event: 2.519 Executing VM operation: G1CollectForAllocation done
Event: 2.523 loading class org/jetbrains/kotlin/load/java/structure/impl/classFiles/BinaryJavaClass$WhenMappings
Event: 2.523 loading class org/jetbrains/kotlin/load/java/structure/impl/classFiles/BinaryJavaClass$WhenMappings done
Event: 2.541 Executing VM operation: CGC_Operation
Event: 2.546 Executing VM operation: CGC_Operation done
Event: 2.554 Executing VM operation: CGC_Operation
Event: 2.554 Executing VM operation: CGC_Operation done
Event: 2.555 loading class org/jetbrains/kotlin/load/java/structure/impl/classFiles/PlainJavaAnnotationAsAnnotationArgument
Event: 2.555 loading class org/jetbrains/kotlin/load/java/structure/impl/classFiles/PlainJavaAnnotationAsAnnotationArgument done
Event: 2.555 loading class org/jetbrains/kotlin/load/java/structure/JavaAnnotationAsAnnotationArgument
Event: 2.555 loading class org/jetbrains/kotlin/load/java/structure/JavaAnnotationAsAnnotationArgument done


Dynamic libraries:
0x00007ff7d1c40000 - 0x00007ff7d1c4a000 	D:\Android Studio\jre\bin\java.exe
0x00007ffada6b0000 - 0x00007ffada8a5000 	C:\WINDOWS\SYSTEM32\ntdll.dll
0x00007ffad8fe0000 - 0x00007ffad909d000 	C:\WINDOWS\System32\KERNEL32.DLL
0x00007ffad8270000 - 0x00007ffad8538000 	C:\WINDOWS\System32\KERNELBASE.dll
0x00007ffad50a0000 - 0x00007ffad5130000 	C:\WINDOWS\SYSTEM32\apphelp.dll
0x00007ffad8120000 - 0x00007ffad8220000 	C:\WINDOWS\System32\ucrtbase.dll
0x00007ffad1760000 - 0x00007ffad1779000 	D:\Android Studio\jre\bin\jli.dll
0x00007ffacfb70000 - 0x00007ffacfb87000 	D:\Android Studio\jre\bin\VCRUNTIME140.dll
0x00007ffada220000 - 0x00007ffada3c0000 	C:\WINDOWS\System32\USER32.dll
0x00007ffac2dd0000 - 0x00007ffac306a000 	C:\WINDOWS\WinSxS\amd64_microsoft.windows.common-controls_6595b64144ccf1df_6.0.19041.844_none_ca00b6081b84eb1d\COMCTL32.dll
0x00007ffad7fb0000 - 0x00007ffad7fd2000 	C:\WINDOWS\System32\win32u.dll
0x00007ffad9150000 - 0x00007ffad91ee000 	C:\WINDOWS\System32\msvcrt.dll
0x00007ffad8710000 - 0x00007ffad873a000 	C:\WINDOWS\System32\GDI32.dll
0x00007ffad8010000 - 0x00007ffad811b000 	C:\WINDOWS\System32\gdi32full.dll
0x00007ffad8670000 - 0x00007ffad870d000 	C:\WINDOWS\System32\msvcp_win.dll
0x00007ffada3c0000 - 0x00007ffada3f0000 	C:\WINDOWS\System32\IMM32.DLL
0x00007ffab2230000 - 0x00007ffab22cd000 	D:\Android Studio\jre\bin\msvcp140.dll
0x00007ffa9c820000 - 0x00007ffa9d2dc000 	D:\Android Studio\jre\bin\server\jvm.dll
0x00007ffad8f30000 - 0x00007ffad8fdc000 	C:\WINDOWS\System32\ADVAPI32.dll
0x00007ffad9960000 - 0x00007ffad99fb000 	C:\WINDOWS\System32\sechost.dll
0x00007ffad97d0000 - 0x00007ffad98fb000 	C:\WINDOWS\System32\RPCRT4.dll
0x00007ffad8ec0000 - 0x00007ffad8ec8000 	C:\WINDOWS\System32\PSAPI.DLL
0x00007ffad1ce0000 - 0x00007ffad1ce9000 	C:\WINDOWS\SYSTEM32\WSOCK32.dll
0x00007ffac67f0000 - 0x00007ffac6817000 	C:\WINDOWS\SYSTEM32\WINMM.dll
0x00007ffacb180000 - 0x00007ffacb18a000 	C:\WINDOWS\SYSTEM32\VERSION.dll
0x00007ffada3f0000 - 0x00007ffada45b000 	C:\WINDOWS\System32\WS2_32.dll
0x00007ffad6680000 - 0x00007ffad6692000 	C:\WINDOWS\SYSTEM32\kernel.appcore.dll
0x00007ffad1870000 - 0x00007ffad1881000 	D:\Android Studio\jre\bin\verify.dll
0x00007ffad5c10000 - 0x00007ffad5df4000 	C:\WINDOWS\SYSTEM32\DBGHELP.DLL
0x00007ffabf990000 - 0x00007ffabf9bc000 	C:\WINDOWS\SYSTEM32\dbgcore.DLL
0x00007ffad85f0000 - 0x00007ffad8670000 	C:\WINDOWS\System32\bcryptPrimitives.dll
0x00007ffad15c0000 - 0x00007ffad15e9000 	D:\Android Studio\jre\bin\java.dll
0x00007ffad4f70000 - 0x00007ffad4f7b000 	D:\Android Studio\jre\bin\jimage.dll
0x00007ffad1830000 - 0x00007ffad1848000 	D:\Android Studio\jre\bin\zip.dll
0x00007ffad9ab0000 - 0x00007ffada1f2000 	C:\WINDOWS\System32\SHELL32.dll
0x00007ffad5e00000 - 0x00007ffad6590000 	C:\WINDOWS\SYSTEM32\windows.storage.dll
0x00007ffad8870000 - 0x00007ffad8bc5000 	C:\WINDOWS\System32\combase.dll
0x00007ffad7720000 - 0x00007ffad774c000 	C:\WINDOWS\SYSTEM32\Wldp.dll
0x00007ffad90a0000 - 0x00007ffad914e000 	C:\WINDOWS\System32\SHCORE.dll
0x00007ffada610000 - 0x00007ffada665000 	C:\WINDOWS\System32\shlwapi.dll
0x00007ffad7d30000 - 0x00007ffad7d4f000 	C:\WINDOWS\SYSTEM32\profapi.dll
0x00007ffad16d0000 - 0x00007ffad16ea000 	D:\Android Studio\jre\bin\net.dll
0x00007ffacf720000 - 0x00007ffacf82b000 	C:\WINDOWS\SYSTEM32\WINHTTP.dll
0x00007ffad74a0000 - 0x00007ffad750a000 	C:\WINDOWS\system32\mswsock.dll
0x00007ffad1560000 - 0x00007ffad1574000 	D:\Android Studio\jre\bin\nio.dll

dbghelp: loaded successfully - version: 4.0.5 - missing functions: none
symbol engine: initialized successfully - sym options: 0x614 - pdb path: .;D:\Android Studio\jre\bin;C:\WINDOWS\SYSTEM32;C:\WINDOWS\WinSxS\amd64_microsoft.windows.common-controls_6595b64144ccf1df_6.0.19041.844_none_ca00b6081b84eb1d;D:\Android Studio\jre\bin\server

VM Arguments:
java_command: org.jetbrains.kotlin.cli.jvm.K2JVMCompiler @E:\Mani Projekti\todo\app\build\20210525_12745422646708688863.compiler.options
java_class_path (initial): C:\Users\Kristers Tih\.gradle\caches\modules-2\files-2.1\org.jetbrains.kotlin\kotlin-compiler-embeddable\1.5.10\9c35134a025cab7a1e6eee0d87d241c2f30c1218\kotlin-compiler-embeddable-1.5.10.jar;C:\Users\Kristers Tih\.gradle\caches\modules-2\files-2.1\org.jetbrains.kotlin\kotlin-reflect\1.5.10\d6c70f3c0df2457ea0095c61c1fc1188017dc3bc\kotlin-reflect-1.5.10.jar;C:\Users\Kristers Tih\.gradle\caches\modules-2\files-2.1\org.jetbrains.kotlin\kotlin-stdlib\1.5.10\da6a904b132f0402fa4d79169a3c1770598d4702\kotlin-stdlib-1.5.10.jar;C:\Users\Kristers Tih\.gradle\caches\modules-2\files-2.1\org.jetbrains.kotlin\kotlin-script-runtime\1.5.10\69bad0ece91b0797055aeadbd44dc742c458398b\kotlin-script-runtime-1.5.10.jar;C:\Users\Kristers Tih\.gradle\caches\modules-2\files-2.1\org.jetbrains.kotlin\kotlin-daemon-embeddable\1.5.10\d06ad33b62b041dae0609f830c3b48135d53b8bc\kotlin-daemon-embeddable-1.5.10.jar;C:\Users\Kristers Tih\.gradle\caches\modules-2\files-2.1\org.jetbrains.intellij.deps\trove4j\1.0.20181211\216c2e14b070f334479d800987affe4054cd563f\trove4j-1.0.20181211.jar;C:\Users\Kristers Tih\.gradle\caches\modules-2\files-2.1\org.jetbrains\annotations\13.0\919f0dfe192fb4e063e7dacadee7f8bb9a2672a9\annotations-13.0.jar;C:\Users\Kristers Tih\.gradle\caches\modules-2\files-2.1\org.jetbrains.kotlin\kotlin-stdlib-common\1.5.10\6b84d926e28493be69daf673e40076f89492ef7\kotlin-stdlib-common-1.5.10.jar
Launcher Type: SUN_STANDARD

[Global flags]
     intx CICompilerCount                          = 4                                         {product} {ergonomic}
     uint ConcGCThreads                            = 2                                         {product} {ergonomic}
     uint G1ConcRefinementThreads                  = 8                                         {product} {ergonomic}
   size_t G1HeapRegionSize                         = 1048576                                   {product} {ergonomic}
    uintx GCDrainStackTargetSize                   = 64                                        {product} {ergonomic}
   size_t InitialHeapSize                          = 132120576                                 {product} {ergonomic}
   size_t MarkStackSize                            = 4194304                                   {product} {ergonomic}
   size_t MaxHeapSize                              = 2099249152                                {product} {ergonomic}
   size_t MaxNewSize                               = 1259339776                                {product} {ergonomic}
   size_t MinHeapDeltaBytes                        = 1048576                                   {product} {ergonomic}
    uintx NonNMethodCodeHeapSize                   = 5836300                                {pd product} {ergonomic}
    uintx NonProfiledCodeHeapSize                  = 122910970                              {pd product} {ergonomic}
    uintx ProfiledCodeHeapSize                     = 122910970                              {pd product} {ergonomic}
    uintx ReservedCodeCacheSize                    = 251658240                              {pd product} {ergonomic}
     bool SegmentedCodeCache                       = true                                      {product} {ergonomic}
     bool UseCompressedClassPointers               = true                                 {lp64_product} {ergonomic}
     bool UseCompressedOops                        = true                                 {lp64_product} {ergonomic}
     bool UseG1GC                                  = true                                      {product} {ergonomic}
     bool UseLargePagesIndividualAllocation        = false                                  {pd product} {ergonomic}

Logging:
Log output configuration:
 #0: stdout all=warning uptime,level,tags
 #1: stderr all=off uptime,level,tags

Environment Variables:
JAVA_HOME=D:\Programmas\Corretto\jdk11.0.9_12
PATH=D:\Programmas\Corretto\jdk11.0.9_12\bin;C:\WINDOWS\system32;C:\WINDOWS;C:\WINDOWS\System32\Wbem;C:\WINDOWS\System32\WindowsPowerShell\v1.0\;C:\WINDOWS\System32\OpenSSH\;C:\Program Files\Microsoft SQL Server\Client SDK\ODBC\170\Tools\Binn\;C:\Program Files (x86)\Microsoft SQL Server\150\Tools\Binn\;C:\Program Files\Microsoft SQL Server\150\Tools\Binn\;C:\Program Files\Microsoft SQL Server\150\DTS\Binn\;C:\Users\Kristers Tih\AppData\Local\Programs\Python\Python37;C:\Users\Kristers Tih\AppData\Local\Programs\Python\Python37\Scripts;D:\Programmas\mingw-w64-v8.0.0\bin;C:\Program Files\Git\cmd;C:\Program Files\dotnet\;C:\Users\Kristers Tih\AppData\Local\Programs\Python\Python39\Scripts\;C:\Users\Kristers Tih\AppData\Local\Programs\Python\Python39\;C:\Windows\system32;C:\Windows;C:\Windows\System32\Wbem;C:\Windows\System32\WindowsPowerShell\v1.0\;C:\Windows\System32\OpenSSH\;C:\Program Files\dotnet\;C:\Program Files (x86)\Microsoft SQL Server\150\DTS\Binn\;C:\Program Files\Microsoft SQL Server\Client SDK\ODBC\170\Tools\Binn\;C:\Program Files (x86)\Microsoft SQL Server\150\Tools\Binn\;C:\Program Files\Microsoft SQL Server\150\Tools\Binn\;C:\Program Files\Microsoft SQL Server\150\DTS\Binn\;C:\Users\Kristers Tih\AppData\Local\Microsoft\WindowsApps;C:\Users\Kristers Tih\.dotnet\tools;C:\Users\Kristers Tih\AppData\Local\Programs\Microsoft VS Code\bin;C:\Users\Kristers Tih\AppData\Local\atom\bin;C:\Users\Kristers Tih\AppData\Local\Programs\Python\Python37;D:\Programmas\mingw-w64-v8.0.0;C:\Users\Kristers Tih\AppData\Local\Programs\Python\Python37\Scripts;D:\Programmas\Intellij IDEA\IntelliJ IDEA Community Edition 2020.3.1\bin;;C:\Users\Kristers Tih\AppData\Local\Microsoft\WindowsApps;C:\Users\Kristers Tih\.dotnet\tools;D:\Programmas\PyCharm Community Edition 2021.1.1\bin;
USERNAME=Kristers Tih
OS=Windows_NT
PROCESSOR_IDENTIFIER=Intel64 Family 6 Model 158 Stepping 10, GenuineIntel



---------------  S Y S T E M  ---------------

OS: Windows 10 , 64 bit Build 19041 (10.0.19041.928)
OS uptime: 8 days 17:02 hours
HyperV virtualization detected

CPU:total 8 (initial active 8) (4 cores per cpu, 2 threads per core) family 6 model 158 stepping 10, cmov, cx8, fxsr, mmx, sse, sse2, sse3, ssse3, sse4.1, sse4.2, popcnt, avx, avx2, aes, clmul, erms, 3dnowpref, lzcnt, ht, tsc, tscinvbit, bmi1, bmi2, adx, fma

Memory: 4k page, system-wide physical 8001M (579M free)
TotalPageFile size 23124M (AvailPageFile size 5M)
current process WorkingSet (physical memory assigned to process): 274M, peak: 274M
current process commit charge ("private bytes"): 385M, peak: 385M

vm_info: OpenJDK 64-Bit Server VM (11.0.8+10-b944.6842174) for windows-amd64 JRE (11.0.8+10-b944.6842174), built on Sep 19 2020 01:11:42 by "builder" with MS VC++ 14.0 (VS2015)

END.
