#
# There is insufficient memory for the Java Runtime Environment to continue.
# Native memory allocation (malloc) failed to allocate 387056 bytes for Chunk::new
# Possible reasons:
#   The system is out of physical RAM or swap space
#   The process is running with CompressedOops enabled, and the Java Heap may be blocking the growth of the native heap
# Possible solutions:
#   Reduce memory load on the system
#   Increase physical memory or swap space
#   Check if swap backing store is full
#   Decrease Java heap size (-Xmx/-Xms)
#   Decrease number of Java threads
#   Decrease Java thread stack sizes (-Xss)
#   Set larger code cache with -XX:ReservedCodeCacheSize=
#   JVM is running with Unscaled Compressed Oops mode in which the Java heap is
#     placed in the first 4GB address space. The Java Heap base address is the
#     maximum limit for the native heap growth. Please use -XX:HeapBaseMinAddress
#     to set the Java Heap base and to place the Java Heap above 4GB virtual address.
# This output file may be truncated or incomplete.
#
#  Out of Memory Error (./src/hotspot/share/memory/arena.cpp:197), pid=15928, tid=13532
#
# JRE version: OpenJDK Runtime Environment (11.0.8+10) (build 11.0.8+10-b944.6842174)
# Java VM: OpenJDK 64-Bit Server VM (11.0.8+10-b944.6842174, mixed mode, tiered, compressed oops, g1 gc, windows-amd64)
# No core dump will be written. Minidumps are not enabled by default on client versions of Windows
#

---------------  S U M M A R Y ------------

Command Line: org.jetbrains.kotlin.cli.jvm.K2JVMCompiler @E:\Mani Projekti\todo\app\build\20210525_9922199442448149692.compiler.options

Host: Intel(R) Core(TM) i5-8300H CPU @ 2.30GHz, 8 cores, 7G,  Windows 10 , 64 bit Build 19041 (10.0.19041.928)
Time: Tue May 25 13:17:14 2021 FLE Daylight Time elapsed time: 1 seconds (0d 0h 0m 1s)

---------------  T H R E A D  ---------------

Current thread (0x00000254c2de0800):  JavaThread "C2 CompilerThread1" daemon [_thread_in_native, id=13532, stack(0x00000072dd900000,0x00000072dda00000)]


Current CompileTask:
C2:   1016 1587   !   4       java.util.concurrent.ConcurrentHashMap::transfer (828 bytes)

Stack: [0x00000072dd900000,0x00000072dda00000]
Native frames: (J=compiled Java code, j=interpreted, Vv=VM code, C=native code)
V  [jvm.dll+0x5de50a]
V  [jvm.dll+0x7122f5]
V  [jvm.dll+0x71384d]
V  [jvm.dll+0x713f03]
V  [jvm.dll+0x23e728]
V  [jvm.dll+0xb899c]
V  [jvm.dll+0xb8e9c]
V  [jvm.dll+0x35024d]
V  [jvm.dll+0x31dea3]
V  [jvm.dll+0x31d39a]
V  [jvm.dll+0x1f7702]
V  [jvm.dll+0x1f68d4]
V  [jvm.dll+0x17f32c]
V  [jvm.dll+0x205047]
V  [jvm.dll+0x203891]
V  [jvm.dll+0x6dad3f]
V  [jvm.dll+0x6d3895]
V  [jvm.dll+0x5dd4a6]
C  [ucrtbase.dll+0x21bb2]
C  [KERNEL32.DLL+0x17034]
C  [ntdll.dll+0x52651]


---------------  P R O C E S S  ---------------

Threads class SMR info:
_java_thread_list=0x00000254c2de32b0, length=11, elements={
0x00000254a827f800, 0x00000254c2c10800, 0x00000254c2c1f000, 0x00000254c2c66800,
0x00000254c2c68000, 0x00000254c2c6a000, 0x00000254c2c72800, 0x00000254c2c93000,
0x00000254c2ddc800, 0x00000254c2de5800, 0x00000254c2de0800
}

Java Threads: ( => current thread )
  0x00000254a827f800 JavaThread "main" [_thread_in_Java, id=6752, stack(0x00000072dc800000,0x00000072dc900000)]
  0x00000254c2c10800 JavaThread "Reference Handler" daemon [_thread_blocked, id=5972, stack(0x00000072dcf00000,0x00000072dd000000)]
  0x00000254c2c1f000 JavaThread "Finalizer" daemon [_thread_blocked, id=18420, stack(0x00000072dd000000,0x00000072dd100000)]
  0x00000254c2c66800 JavaThread "Signal Dispatcher" daemon [_thread_blocked, id=2336, stack(0x00000072dd100000,0x00000072dd200000)]
  0x00000254c2c68000 JavaThread "Attach Listener" daemon [_thread_blocked, id=4168, stack(0x00000072dd200000,0x00000072dd300000)]
  0x00000254c2c6a000 JavaThread "C2 CompilerThread0" daemon [_thread_in_native, id=17808, stack(0x00000072dd300000,0x00000072dd400000)]
  0x00000254c2c72800 JavaThread "C1 CompilerThread0" daemon [_thread_blocked, id=3128, stack(0x00000072dd400000,0x00000072dd500000)]
  0x00000254c2c93000 JavaThread "Sweeper thread" daemon [_thread_blocked, id=2256, stack(0x00000072dd500000,0x00000072dd600000)]
  0x00000254c2ddc800 JavaThread "Service Thread" daemon [_thread_blocked, id=17540, stack(0x00000072dd600000,0x00000072dd700000)]
  0x00000254c2de5800 JavaThread "Common-Cleaner" daemon [_thread_blocked, id=11376, stack(0x00000072dd800000,0x00000072dd900000)]
=>0x00000254c2de0800 JavaThread "C2 CompilerThread1" daemon [_thread_in_native, id=13532, stack(0x00000072dd900000,0x00000072dda00000)]

Other Threads:
  0x00000254c23c6800 VMThread "VM Thread" [stack: 0x00000072dce00000,0x00000072dcf00000] [id=6264]
  0x00000254c2ddd800 WatcherThread [stack: 0x00000072dd700000,0x00000072dd800000] [id=5200]
  0x00000254a8298800 GCTaskThread "GC Thread#0" [stack: 0x00000072dc900000,0x00000072dca00000] [id=18000]
  0x00000254c358f800 GCTaskThread "GC Thread#1" [stack: 0x00000072dda00000,0x00000072ddb00000] [id=14740]
  0x00000254c35a2000 GCTaskThread "GC Thread#2" [stack: 0x00000072ddb00000,0x00000072ddc00000] [id=12716]
  0x00000254a82c7000 ConcurrentGCThread "G1 Main Marker" [stack: 0x00000072dca00000,0x00000072dcb00000] [id=7460]
  0x00000254a82c9800 ConcurrentGCThread "G1 Conc#0" [stack: 0x00000072dcb00000,0x00000072dcc00000] [id=14780]
  0x00000254c35a0800 ConcurrentGCThread "G1 Conc#1" [stack: 0x00000072ddc00000,0x00000072ddd00000] [id=4212]
  0x00000254c2230800 ConcurrentGCThread "G1 Refine#0" [stack: 0x00000072dcc00000,0x00000072dcd00000] [id=5980]
  0x00000254c2231800 ConcurrentGCThread "G1 Young RemSet Sampling" [stack: 0x00000072dcd00000,0x00000072dce00000] [id=17828]

Threads with active compile tasks:
C2 CompilerThread0   1032 1595   !   4       java.util.zip.InflaterInputStream::read (138 bytes)
C1 CompilerThread0   1032 1636       3       sun.util.locale.LocaleObjectCache::get (126 bytes)
C2 CompilerThread1   1032 1587   !   4       java.util.concurrent.ConcurrentHashMap::transfer (828 bytes)

VM state:at safepoint (normal execution)

VM Mutex/Monitor currently owned by a thread:  ([mutex/lock_event])
[0x00000254a624a6e0] Threads_lock - owner thread: 0x00000254c23c6800
[0x00000254a624aec0] Heap_lock - owner thread: 0x00000254a82c7000

Heap address: 0x0000000082e00000, size: 2002 MB, Compressed Oops mode: 32-bit
Narrow klass base: 0x0000000000000000, Narrow klass shift: 3
Compressed class space size: 1073741824 Address: 0x0000000100000000

Heap:
 garbage-first heap   total 129024K, used 10214K [0x0000000082e00000, 0x0000000100000000)
  region size 1024K, 2 young (2048K), 1 survivors (1024K)
 Metaspace       used 21792K, capacity 22010K, committed 22144K, reserved 1077248K
  class space    used 2311K, capacity 2419K, committed 2432K, reserved 1048576K
Heap Regions: E=young(eden), S=young(survivor), O=old, HS=humongous(starts), HC=humongous(continues), CS=collection set, F=free, A=archive, TAMS=top-at-mark-start (previous, next)
|   0|0x0000000082e00000, 0x0000000082f00000, 0x0000000082f00000|100%|HS|  |TAMS 0x0000000082f00000, 0x0000000082f00000| Complete 
|   1|0x0000000082f00000, 0x0000000083000000, 0x0000000083000000|100%|HC|  |TAMS 0x0000000083000000, 0x0000000083000000| Complete 
|   2|0x0000000083000000, 0x0000000083100000, 0x0000000083100000|100%|HC|  |TAMS 0x0000000083100000, 0x0000000083100000| Complete 
|   3|0x0000000083100000, 0x0000000083200000, 0x0000000083200000|100%| O|  |TAMS 0x0000000083100000, 0x0000000083200000| Untracked 
|   4|0x0000000083200000, 0x0000000083300000, 0x0000000083300000|100%| O|  |TAMS 0x0000000083200000, 0x0000000083300000| Untracked 
|   5|0x0000000083300000, 0x0000000083400000, 0x0000000083400000|100%| O|  |TAMS 0x0000000083300000, 0x0000000083400000| Untracked 
|   6|0x0000000083400000, 0x0000000083500000, 0x0000000083500000|100%| O|  |TAMS 0x0000000083400000, 0x0000000083500000| Untracked 
|   7|0x0000000083500000, 0x0000000083600000, 0x0000000083600000|100%| O|  |TAMS 0x0000000083500000, 0x0000000083600000| Untracked 
|   8|0x0000000083600000, 0x0000000083700000, 0x0000000083700000|100%| O|  |TAMS 0x0000000083600000, 0x0000000083700000| Untracked 
|   9|0x0000000083700000, 0x000000008371a600, 0x0000000083800000| 10%| O|  |TAMS 0x0000000083700000, 0x000000008371a600| Untracked 
|  10|0x0000000083800000, 0x0000000083800000, 0x0000000083900000|  0%| F|  |TAMS 0x0000000083800000, 0x0000000083800000| Untracked 
|  11|0x0000000083900000, 0x0000000083900000, 0x0000000083a00000|  0%| F|  |TAMS 0x0000000083900000, 0x0000000083900000| Untracked 
|  12|0x0000000083a00000, 0x0000000083a00000, 0x0000000083b00000|  0%| F|  |TAMS 0x0000000083a00000, 0x0000000083a00000| Untracked 
|  13|0x0000000083b00000, 0x0000000083b00000, 0x0000000083c00000|  0%| F|  |TAMS 0x0000000083b00000, 0x0000000083b00000| Untracked 
|  14|0x0000000083c00000, 0x0000000083c00000, 0x0000000083d00000|  0%| F|  |TAMS 0x0000000083c00000, 0x0000000083c00000| Untracked 
|  15|0x0000000083d00000, 0x0000000083d00000, 0x0000000083e00000|  0%| F|  |TAMS 0x0000000083d00000, 0x0000000083d00000| Untracked 
|  16|0x0000000083e00000, 0x0000000083e00000, 0x0000000083f00000|  0%| F|  |TAMS 0x0000000083e00000, 0x0000000083e00000| Untracked 
|  17|0x0000000083f00000, 0x0000000083f00000, 0x0000000084000000|  0%| F|  |TAMS 0x0000000083f00000, 0x0000000083f00000| Untracked 
|  18|0x0000000084000000, 0x0000000084000000, 0x0000000084100000|  0%| F|  |TAMS 0x0000000084000000, 0x0000000084000000| Untracked 
|  19|0x0000000084100000, 0x0000000084100000, 0x0000000084200000|  0%| F|  |TAMS 0x0000000084100000, 0x0000000084100000| Untracked 
|  20|0x0000000084200000, 0x0000000084200000, 0x0000000084300000|  0%| F|  |TAMS 0x0000000084200000, 0x0000000084200000| Untracked 
|  21|0x0000000084300000, 0x0000000084300000, 0x0000000084400000|  0%| F|  |TAMS 0x0000000084300000, 0x0000000084300000| Untracked 
|  22|0x0000000084400000, 0x0000000084400000, 0x0000000084500000|  0%| F|  |TAMS 0x0000000084400000, 0x0000000084400000| Untracked 
|  23|0x0000000084500000, 0x0000000084500000, 0x0000000084600000|  0%| F|  |TAMS 0x0000000084500000, 0x0000000084500000| Untracked 
|  24|0x0000000084600000, 0x0000000084600000, 0x0000000084700000|  0%| F|  |TAMS 0x0000000084600000, 0x0000000084600000| Untracked 
|  25|0x0000000084700000, 0x0000000084700000, 0x0000000084800000|  0%| F|  |TAMS 0x0000000084700000, 0x0000000084700000| Untracked 
|  26|0x0000000084800000, 0x0000000084800000, 0x0000000084900000|  0%| F|  |TAMS 0x0000000084800000, 0x0000000084800000| Untracked 
|  27|0x0000000084900000, 0x0000000084900000, 0x0000000084a00000|  0%| F|  |TAMS 0x0000000084900000, 0x0000000084900000| Untracked 
|  28|0x0000000084a00000, 0x0000000084a00000, 0x0000000084b00000|  0%| F|  |TAMS 0x0000000084a00000, 0x0000000084a00000| Untracked 
|  29|0x0000000084b00000, 0x0000000084b00000, 0x0000000084c00000|  0%| F|  |TAMS 0x0000000084b00000, 0x0000000084b00000| Untracked 
|  30|0x0000000084c00000, 0x0000000084c00000, 0x0000000084d00000|  0%| F|  |TAMS 0x0000000084c00000, 0x0000000084c00000| Untracked 
|  31|0x0000000084d00000, 0x0000000084d00000, 0x0000000084e00000|  0%| F|  |TAMS 0x0000000084d00000, 0x0000000084d00000| Untracked 
|  32|0x0000000084e00000, 0x0000000084e00000, 0x0000000084f00000|  0%| F|  |TAMS 0x0000000084e00000, 0x0000000084e00000| Untracked 
|  33|0x0000000084f00000, 0x0000000084f00000, 0x0000000085000000|  0%| F|  |TAMS 0x0000000084f00000, 0x0000000084f00000| Untracked 
|  34|0x0000000085000000, 0x0000000085000000, 0x0000000085100000|  0%| F|  |TAMS 0x0000000085000000, 0x0000000085000000| Untracked 
|  35|0x0000000085100000, 0x0000000085100000, 0x0000000085200000|  0%| F|  |TAMS 0x0000000085100000, 0x0000000085100000| Untracked 
|  36|0x0000000085200000, 0x0000000085200000, 0x0000000085300000|  0%| F|  |TAMS 0x0000000085200000, 0x0000000085200000| Untracked 
|  37|0x0000000085300000, 0x0000000085300000, 0x0000000085400000|  0%| F|  |TAMS 0x0000000085300000, 0x0000000085300000| Untracked 
|  38|0x0000000085400000, 0x0000000085400000, 0x0000000085500000|  0%| F|  |TAMS 0x0000000085400000, 0x0000000085400000| Untracked 
|  39|0x0000000085500000, 0x0000000085500000, 0x0000000085600000|  0%| F|  |TAMS 0x0000000085500000, 0x0000000085500000| Untracked 
|  40|0x0000000085600000, 0x0000000085600000, 0x0000000085700000|  0%| F|  |TAMS 0x0000000085600000, 0x0000000085600000| Untracked 
|  41|0x0000000085700000, 0x0000000085700000, 0x0000000085800000|  0%| F|  |TAMS 0x0000000085700000, 0x0000000085700000| Untracked 
|  42|0x0000000085800000, 0x0000000085800000, 0x0000000085900000|  0%| F|  |TAMS 0x0000000085800000, 0x0000000085800000| Untracked 
|  43|0x0000000085900000, 0x0000000085900000, 0x0000000085a00000|  0%| F|  |TAMS 0x0000000085900000, 0x0000000085900000| Untracked 
|  44|0x0000000085a00000, 0x0000000085a00000, 0x0000000085b00000|  0%| F|  |TAMS 0x0000000085a00000, 0x0000000085a00000| Untracked 
|  45|0x0000000085b00000, 0x0000000085b00000, 0x0000000085c00000|  0%| F|  |TAMS 0x0000000085b00000, 0x0000000085b00000| Untracked 
|  46|0x0000000085c00000, 0x0000000085c00000, 0x0000000085d00000|  0%| F|  |TAMS 0x0000000085c00000, 0x0000000085c00000| Untracked 
|  47|0x0000000085d00000, 0x0000000085d00000, 0x0000000085e00000|  0%| F|  |TAMS 0x0000000085d00000, 0x0000000085d00000| Untracked 
|  48|0x0000000085e00000, 0x0000000085e00000, 0x0000000085f00000|  0%| F|  |TAMS 0x0000000085e00000, 0x0000000085e00000| Untracked 
|  49|0x0000000085f00000, 0x0000000085f00000, 0x0000000086000000|  0%| F|  |TAMS 0x0000000085f00000, 0x0000000085f00000| Untracked 
|  50|0x0000000086000000, 0x0000000086000000, 0x0000000086100000|  0%| F|  |TAMS 0x0000000086000000, 0x0000000086000000| Untracked 
|  51|0x0000000086100000, 0x0000000086100000, 0x0000000086200000|  0%| F|  |TAMS 0x0000000086100000, 0x0000000086100000| Untracked 
|  52|0x0000000086200000, 0x0000000086200000, 0x0000000086300000|  0%| F|  |TAMS 0x0000000086200000, 0x0000000086200000| Untracked 
|  53|0x0000000086300000, 0x0000000086300000, 0x0000000086400000|  0%| F|  |TAMS 0x0000000086300000, 0x0000000086300000| Untracked 
|  54|0x0000000086400000, 0x0000000086400000, 0x0000000086500000|  0%| F|  |TAMS 0x0000000086400000, 0x0000000086400000| Untracked 
|  55|0x0000000086500000, 0x0000000086500000, 0x0000000086600000|  0%| F|  |TAMS 0x0000000086500000, 0x0000000086500000| Untracked 
|  56|0x0000000086600000, 0x0000000086600000, 0x0000000086700000|  0%| F|  |TAMS 0x0000000086600000, 0x0000000086600000| Untracked 
|  57|0x0000000086700000, 0x0000000086700000, 0x0000000086800000|  0%| F|  |TAMS 0x0000000086700000, 0x0000000086700000| Untracked 
|  58|0x0000000086800000, 0x0000000086800000, 0x0000000086900000|  0%| F|  |TAMS 0x0000000086800000, 0x0000000086800000| Untracked 
|  59|0x0000000086900000, 0x0000000086900000, 0x0000000086a00000|  0%| F|  |TAMS 0x0000000086900000, 0x0000000086900000| Untracked 
|  60|0x0000000086a00000, 0x0000000086a00000, 0x0000000086b00000|  0%| F|  |TAMS 0x0000000086a00000, 0x0000000086a00000| Untracked 
|  61|0x0000000086b00000, 0x0000000086b00000, 0x0000000086c00000|  0%| F|  |TAMS 0x0000000086b00000, 0x0000000086b00000| Untracked 
|  62|0x0000000086c00000, 0x0000000086c00000, 0x0000000086d00000|  0%| F|  |TAMS 0x0000000086c00000, 0x0000000086c00000| Untracked 
|  63|0x0000000086d00000, 0x0000000086d00000, 0x0000000086e00000|  0%| F|  |TAMS 0x0000000086d00000, 0x0000000086d00000| Untracked 
|  64|0x0000000086e00000, 0x0000000086e00000, 0x0000000086f00000|  0%| F|  |TAMS 0x0000000086e00000, 0x0000000086e00000| Untracked 
|  65|0x0000000086f00000, 0x0000000086f00000, 0x0000000087000000|  0%| F|  |TAMS 0x0000000086f00000, 0x0000000086f00000| Untracked 
|  66|0x0000000087000000, 0x0000000087000000, 0x0000000087100000|  0%| F|  |TAMS 0x0000000087000000, 0x0000000087000000| Untracked 
|  67|0x0000000087100000, 0x0000000087100000, 0x0000000087200000|  0%| F|  |TAMS 0x0000000087100000, 0x0000000087100000| Untracked 
|  68|0x0000000087200000, 0x0000000087200000, 0x0000000087300000|  0%| F|  |TAMS 0x0000000087200000, 0x0000000087200000| Untracked 
|  69|0x0000000087300000, 0x0000000087300000, 0x0000000087400000|  0%| F|  |TAMS 0x0000000087300000, 0x0000000087300000| Untracked 
|  70|0x0000000087400000, 0x0000000087400000, 0x0000000087500000|  0%| F|  |TAMS 0x0000000087400000, 0x0000000087400000| Untracked 
|  71|0x0000000087500000, 0x0000000087500000, 0x0000000087600000|  0%| F|  |TAMS 0x0000000087500000, 0x0000000087500000| Untracked 
|  72|0x0000000087600000, 0x0000000087600000, 0x0000000087700000|  0%| F|  |TAMS 0x0000000087600000, 0x0000000087600000| Untracked 
|  73|0x0000000087700000, 0x0000000087700000, 0x0000000087800000|  0%| F|  |TAMS 0x0000000087700000, 0x0000000087700000| Untracked 
|  74|0x0000000087800000, 0x0000000087800000, 0x0000000087900000|  0%| F|  |TAMS 0x0000000087800000, 0x0000000087800000| Untracked 
|  75|0x0000000087900000, 0x0000000087900000, 0x0000000087a00000|  0%| F|  |TAMS 0x0000000087900000, 0x0000000087900000| Untracked 
|  76|0x0000000087a00000, 0x0000000087a00000, 0x0000000087b00000|  0%| F|  |TAMS 0x0000000087a00000, 0x0000000087a00000| Untracked 
|  77|0x0000000087b00000, 0x0000000087b00000, 0x0000000087c00000|  0%| F|  |TAMS 0x0000000087b00000, 0x0000000087b00000| Untracked 
|  78|0x0000000087c00000, 0x0000000087c00000, 0x0000000087d00000|  0%| F|  |TAMS 0x0000000087c00000, 0x0000000087c00000| Untracked 
|  79|0x0000000087d00000, 0x0000000087d00000, 0x0000000087e00000|  0%| F|  |TAMS 0x0000000087d00000, 0x0000000087d00000| Untracked 
|  80|0x0000000087e00000, 0x0000000087e00000, 0x0000000087f00000|  0%| F|  |TAMS 0x0000000087e00000, 0x0000000087e00000| Untracked 
|  81|0x0000000087f00000, 0x0000000087f00000, 0x0000000088000000|  0%| F|  |TAMS 0x0000000087f00000, 0x0000000087f00000| Untracked 
|  82|0x0000000088000000, 0x0000000088000000, 0x0000000088100000|  0%| F|  |TAMS 0x0000000088000000, 0x0000000088000000| Untracked 
|  83|0x0000000088100000, 0x0000000088100000, 0x0000000088200000|  0%| F|  |TAMS 0x0000000088100000, 0x0000000088100000| Untracked 
|  84|0x0000000088200000, 0x0000000088200000, 0x0000000088300000|  0%| F|  |TAMS 0x0000000088200000, 0x0000000088200000| Untracked 
|  85|0x0000000088300000, 0x0000000088300000, 0x0000000088400000|  0%| F|  |TAMS 0x0000000088300000, 0x0000000088300000| Untracked 
|  86|0x0000000088400000, 0x0000000088400000, 0x0000000088500000|  0%| F|  |TAMS 0x0000000088400000, 0x0000000088400000| Untracked 
|  87|0x0000000088500000, 0x0000000088500000, 0x0000000088600000|  0%| F|  |TAMS 0x0000000088500000, 0x0000000088500000| Untracked 
|  88|0x0000000088600000, 0x0000000088600000, 0x0000000088700000|  0%| F|  |TAMS 0x0000000088600000, 0x0000000088600000| Untracked 
|  89|0x0000000088700000, 0x0000000088700000, 0x0000000088800000|  0%| F|  |TAMS 0x0000000088700000, 0x0000000088700000| Untracked 
|  90|0x0000000088800000, 0x0000000088800000, 0x0000000088900000|  0%| F|  |TAMS 0x0000000088800000, 0x0000000088800000| Untracked 
|  91|0x0000000088900000, 0x0000000088900000, 0x0000000088a00000|  0%| F|  |TAMS 0x0000000088900000, 0x0000000088900000| Untracked 
|  92|0x0000000088a00000, 0x0000000088a00000, 0x0000000088b00000|  0%| F|  |TAMS 0x0000000088a00000, 0x0000000088a00000| Untracked 
|  93|0x0000000088b00000, 0x0000000088b00000, 0x0000000088c00000|  0%| F|  |TAMS 0x0000000088b00000, 0x0000000088b00000| Untracked 
|  94|0x0000000088c00000, 0x0000000088c00000, 0x0000000088d00000|  0%| F|  |TAMS 0x0000000088c00000, 0x0000000088c00000| Untracked 
|  95|0x0000000088d00000, 0x0000000088d00000, 0x0000000088e00000|  0%| F|  |TAMS 0x0000000088d00000, 0x0000000088d00000| Untracked 
|  96|0x0000000088e00000, 0x0000000088e00000, 0x0000000088f00000|  0%| F|  |TAMS 0x0000000088e00000, 0x0000000088e00000| Untracked 
|  97|0x0000000088f00000, 0x0000000088f00000, 0x0000000089000000|  0%| F|  |TAMS 0x0000000088f00000, 0x0000000088f00000| Untracked 
|  98|0x0000000089000000, 0x0000000089000000, 0x0000000089100000|  0%| F|  |TAMS 0x0000000089000000, 0x0000000089000000| Untracked 
|  99|0x0000000089100000, 0x0000000089100000, 0x0000000089200000|  0%| F|  |TAMS 0x0000000089100000, 0x0000000089100000| Untracked 
| 100|0x0000000089200000, 0x0000000089200000, 0x0000000089300000|  0%| F|  |TAMS 0x0000000089200000, 0x0000000089200000| Untracked 
| 101|0x0000000089300000, 0x0000000089300000, 0x0000000089400000|  0%| F|  |TAMS 0x0000000089300000, 0x0000000089300000| Untracked 
| 102|0x0000000089400000, 0x0000000089400000, 0x0000000089500000|  0%| F|  |TAMS 0x0000000089400000, 0x0000000089400000| Untracked 
| 103|0x0000000089500000, 0x0000000089500000, 0x0000000089600000|  0%| F|  |TAMS 0x0000000089500000, 0x0000000089500000| Untracked 
| 104|0x0000000089600000, 0x0000000089600000, 0x0000000089700000|  0%| F|  |TAMS 0x0000000089600000, 0x0000000089600000| Untracked 
| 105|0x0000000089700000, 0x0000000089700000, 0x0000000089800000|  0%| F|  |TAMS 0x0000000089700000, 0x0000000089700000| Untracked 
| 106|0x0000000089800000, 0x0000000089800000, 0x0000000089900000|  0%| F|  |TAMS 0x0000000089800000, 0x0000000089800000| Untracked 
| 107|0x0000000089900000, 0x0000000089900000, 0x0000000089a00000|  0%| F|  |TAMS 0x0000000089900000, 0x0000000089900000| Untracked 
| 108|0x0000000089a00000, 0x0000000089a00000, 0x0000000089b00000|  0%| F|  |TAMS 0x0000000089a00000, 0x0000000089a00000| Untracked 
| 109|0x0000000089b00000, 0x0000000089b00000, 0x0000000089c00000|  0%| F|  |TAMS 0x0000000089b00000, 0x0000000089b00000| Untracked 
| 110|0x0000000089c00000, 0x0000000089c00000, 0x0000000089d00000|  0%| F|  |TAMS 0x0000000089c00000, 0x0000000089c00000| Untracked 
| 111|0x0000000089d00000, 0x0000000089d00000, 0x0000000089e00000|  0%| F|  |TAMS 0x0000000089d00000, 0x0000000089d00000| Untracked 
| 112|0x0000000089e00000, 0x0000000089e00000, 0x0000000089f00000|  0%| F|  |TAMS 0x0000000089e00000, 0x0000000089e00000| Untracked 
| 113|0x0000000089f00000, 0x0000000089f00000, 0x000000008a000000|  0%| F|  |TAMS 0x0000000089f00000, 0x0000000089f00000| Untracked 
| 114|0x000000008a000000, 0x000000008a000000, 0x000000008a100000|  0%| F|  |TAMS 0x000000008a000000, 0x000000008a000000| Untracked 
| 115|0x000000008a100000, 0x000000008a100000, 0x000000008a200000|  0%| F|  |TAMS 0x000000008a100000, 0x000000008a100000| Untracked 
| 116|0x000000008a200000, 0x000000008a200000, 0x000000008a300000|  0%| F|  |TAMS 0x000000008a200000, 0x000000008a200000| Untracked 
| 117|0x000000008a300000, 0x000000008a300000, 0x000000008a400000|  0%| F|  |TAMS 0x000000008a300000, 0x000000008a300000| Untracked 
| 118|0x000000008a400000, 0x000000008a400000, 0x000000008a500000|  0%| F|  |TAMS 0x000000008a400000, 0x000000008a400000| Untracked 
| 119|0x000000008a500000, 0x000000008a500000, 0x000000008a600000|  0%| F|  |TAMS 0x000000008a500000, 0x000000008a500000| Untracked 
| 120|0x000000008a600000, 0x000000008a600000, 0x000000008a700000|  0%| F|  |TAMS 0x000000008a600000, 0x000000008a600000| Untracked 
| 121|0x000000008a700000, 0x000000008a700000, 0x000000008a800000|  0%| F|  |TAMS 0x000000008a700000, 0x000000008a700000| Untracked 
| 122|0x000000008a800000, 0x000000008a800000, 0x000000008a900000|  0%| F|  |TAMS 0x000000008a800000, 0x000000008a800000| Untracked 
| 123|0x000000008a900000, 0x000000008a9df578, 0x000000008aa00000| 87%| S|CS|TAMS 0x000000008a900000, 0x000000008a900000| Complete 
| 124|0x000000008aa00000, 0x000000008aa00000, 0x000000008ab00000|  0%| F|  |TAMS 0x000000008aa00000, 0x000000008aa00000| Untracked 
| 125|0x000000008ab00000, 0x000000008ab80000, 0x000000008ac00000| 50%| E|  |TAMS 0x000000008ab00000, 0x000000008ab00000| Complete 

Card table byte_map: [0x00000254bb310000,0x00000254bb700000] _byte_map_base: 0x00000254baef9000

Marking Bits (Prev, Next): (CMBitMap*) 0x00000254a82be768, (CMBitMap*) 0x00000254a82be7a0
 Prev Bits: [0x00000254bbaf0000, 0x00000254bda38000)
 Next Bits: [0x00000254bda40000, 0x00000254bf988000)

Polling page: 0x00000254a6120000

Metaspace:

Usage:
  Non-class:     19.13 MB capacity,    19.03 MB (>99%) used,    82.86 KB ( <1%) free+waste,    25.56 KB ( <1%) overhead. 
      Class:      2.36 MB capacity,     2.26 MB ( 96%) used,    97.04 KB (  4%) free+waste,    10.44 KB ( <1%) overhead. 
       Both:     21.49 MB capacity,    21.28 MB (>99%) used,   179.90 KB ( <1%) free+waste,    36.00 KB ( <1%) overhead. 

Virtual space:
  Non-class space:       28.00 MB reserved,      19.25 MB ( 69%) committed 
      Class space:        1.00 GB reserved,       2.38 MB ( <1%) committed 
             Both:        1.03 GB reserved,      21.63 MB (  2%) committed 

Chunk freelists:
   Non-Class:  57.00 KB
       Class:  13.00 KB
        Both:  70.00 KB

MaxMetaspaceSize: 17179869184.00 GB
CompressedClassSpaceSize: 1.00 GB

CodeHeap 'non-profiled nmethods': size=120000Kb used=510Kb max_used=510Kb free=119489Kb
 bounds [0x00000254b36c0000, 0x00000254b3930000, 0x00000254babf0000]
CodeHeap 'profiled nmethods': size=120000Kb used=3025Kb max_used=3025Kb free=116974Kb
 bounds [0x00000254ac190000, 0x00000254ac490000, 0x00000254b36c0000]
CodeHeap 'non-nmethods': size=5760Kb used=1125Kb max_used=1130Kb free=4634Kb
 bounds [0x00000254abbf0000, 0x00000254abe60000, 0x00000254ac190000]
 total_blobs=2079 nmethods=1632 adapters=358
 compilation: enabled
              stopped_count=0, restarted_count=0
 full_count=0

Compilation events (20 events):
Event: 0.959 Thread 0x00000254c2c72800 1585       3       jdk.internal.org.objectweb.asm.ByteVector::enlarge (51 bytes)
Event: 0.959 Thread 0x00000254c2c72800 nmethod 1585 0x00000254ac46ab10 code [0x00000254ac46ace0, 0x00000254ac46afe8]
Event: 0.985 Thread 0x00000254c2c6a000 1586       4       java.lang.StringLatin1::toLowerCase (180 bytes)
Event: 0.990 Thread 0x00000254c2de0800 1587   !   4       java.util.concurrent.ConcurrentHashMap::transfer (828 bytes)
Event: 0.993 Thread 0x00000254c2c72800 1588       3       jdk.internal.loader.BuiltinClassLoader::moduleReaderFor (45 bytes)
Event: 0.993 Thread 0x00000254c2c72800 nmethod 1588 0x00000254ac46b110 code [0x00000254ac46b320, 0x00000254ac46b9d8]
Event: 0.993 Thread 0x00000254c2c72800 1590       3       java.util.concurrent.ConcurrentHashMap$Traverser::advance (188 bytes)
Event: 0.993 Thread 0x00000254c2c72800 nmethod 1590 0x00000254ac46bb90 code [0x00000254ac46be00, 0x00000254ac46cb98]
Event: 0.993 Thread 0x00000254c2c72800 1589       3       jdk.internal.module.SystemModuleFinders$SystemModuleReader::find (54 bytes)
Event: 0.994 Thread 0x00000254c2c6a000 nmethod 1586 0x00000254b373c890 code [0x00000254b373ca80, 0x00000254b373d308]
Event: 0.994 Thread 0x00000254c2c72800 nmethod 1589 0x00000254ac46ce90 code [0x00000254ac46d1c0, 0x00000254ac46e1d8]
Event: 0.994 Thread 0x00000254c2c72800 1591       3       java.lang.invoke.MemberName::getType (19 bytes)
Event: 0.994 Thread 0x00000254c2c72800 nmethod 1591 0x00000254ac46e810 code [0x00000254ac46ea00, 0x00000254ac46ed98]
Event: 0.994 Thread 0x00000254c2c72800 1592       1       java.lang.invoke.DirectMethodHandle::internalMemberName (5 bytes)
Event: 0.994 Thread 0x00000254c2c72800 nmethod 1592 0x00000254b373d710 code [0x00000254b373d8c0, 0x00000254b373d978]
Event: 0.997 Thread 0x00000254c2c72800 1593       3       sun.invoke.util.VerifyAccess::isClassAccessible (182 bytes)
Event: 0.998 Thread 0x00000254c2c6a000 1595   !   4       java.util.zip.InflaterInputStream::read (138 bytes)
Event: 0.998 Thread 0x00000254c2c72800 nmethod 1593 0x00000254ac46ef10 code [0x00000254ac46f2c0, 0x00000254ac470878]
Event: 0.998 Thread 0x00000254c2c72800 1594       3       sun.invoke.util.VerifyAccess::getClassModifiers (24 bytes)
Event: 0.999 Thread 0x00000254c2c72800 nmethod 1594 0x00000254ac470f10 code [0x00000254ac4710e0, 0x00000254ac471308]

GC Heap History (4 events):
Event: 0.459 GC heap before
{Heap before GC invocations=0 (full 0):
 garbage-first heap   total 129024K, used 27648K [0x0000000082e00000, 0x0000000100000000)
  region size 1024K, 24 young (24576K), 0 survivors (0K)
 Metaspace       used 12348K, capacity 12405K, committed 12544K, reserved 1060864K
  class space    used 1157K, capacity 1174K, committed 1280K, reserved 1048576K
}
Event: 0.462 GC heap after
{Heap after GC invocations=1 (full 0):
 garbage-first heap   total 129024K, used 5620K [0x0000000082e00000, 0x0000000100000000)
  region size 1024K, 3 young (3072K), 3 survivors (3072K)
 Metaspace       used 12348K, capacity 12405K, committed 12544K, reserved 1060864K
  class space    used 1157K, capacity 1174K, committed 1280K, reserved 1048576K
}
Event: 0.967 GC heap before
{Heap before GC invocations=1 (full 0):
 garbage-first heap   total 129024K, used 41460K [0x0000000082e00000, 0x0000000100000000)
  region size 1024K, 39 young (39936K), 3 survivors (3072K)
 Metaspace       used 20979K, capacity 21157K, committed 21248K, reserved 1069056K
  class space    used 2220K, capacity 2284K, committed 2304K, reserved 1048576K
}
Event: 0.978 GC heap after
{Heap after GC invocations=2 (full 0):
 garbage-first heap   total 129024K, used 9431K [0x0000000082e00000, 0x0000000100000000)
  region size 1024K, 7 young (7168K), 7 survivors (7168K)
 Metaspace       used 20979K, capacity 21157K, committed 21248K, reserved 1069056K
  class space    used 2220K, capacity 2284K, committed 2304K, reserved 1048576K
}

Deoptimization events (20 events):
Event: 0.429 Thread 0x00000254a827f800 DEOPT PACKING pc=0x00000254ac1d83b0 sp=0x00000072dc8fc270
Event: 0.429 Thread 0x00000254a827f800 DEOPT UNPACKING pc=0x00000254abc172ce sp=0x00000072dc8fb788 mode 0
Event: 0.457 Thread 0x00000254a827f800 DEOPT PACKING pc=0x00000254ac1d5aff sp=0x00000072dc8fd330
Event: 0.457 Thread 0x00000254a827f800 DEOPT UNPACKING pc=0x00000254abc172ce sp=0x00000072dc8fc780 mode 0
Event: 0.498 Thread 0x00000254a827f800 Uncommon trap: trap_request=0xffffff4d fr.pc=0x00000254b36ece24 relative=0x00000000000001e4
Event: 0.498 Thread 0x00000254a827f800 Uncommon trap: reason=unstable_if action=reinterpret pc=0x00000254b36ece24 method=kotlin.reflect.jvm.internal.impl.protobuf.CodedInputStream.readRawVarint32()I @ 10 c2
Event: 0.498 Thread 0x00000254a827f800 DEOPT PACKING pc=0x00000254b36ece24 sp=0x00000072dc8fb0f0
Event: 0.498 Thread 0x00000254a827f800 DEOPT UNPACKING pc=0x00000254abc174af sp=0x00000072dc8fb070 mode 2
Event: 0.543 Thread 0x00000254a827f800 Uncommon trap: trap_request=0xffffff4d fr.pc=0x00000254b36fec5c relative=0x000000000000051c
Event: 0.543 Thread 0x00000254a827f800 Uncommon trap: reason=unstable_if action=reinterpret pc=0x00000254b36fec5c method=java.util.ArrayList.newCapacity(I)I @ 25 c2
Event: 0.543 Thread 0x00000254a827f800 DEOPT PACKING pc=0x00000254b36fec5c sp=0x00000072dc8fd980
Event: 0.543 Thread 0x00000254a827f800 DEOPT UNPACKING pc=0x00000254abc174af sp=0x00000072dc8fd7a0 mode 2
Event: 0.722 Thread 0x00000254a827f800 Uncommon trap: trap_request=0xffffff4d fr.pc=0x00000254b36e45ec relative=0x000000000000022c
Event: 0.722 Thread 0x00000254a827f800 Uncommon trap: reason=unstable_if action=reinterpret pc=0x00000254b36e45ec method=java.lang.String.startsWith(Ljava/lang/String;I)Z @ 14 c2
Event: 0.722 Thread 0x00000254a827f800 DEOPT PACKING pc=0x00000254b36e45ec sp=0x00000072dc8feb30
Event: 0.722 Thread 0x00000254a827f800 DEOPT UNPACKING pc=0x00000254abc174af sp=0x00000072dc8fea98 mode 2
Event: 0.734 Thread 0x00000254a827f800 Uncommon trap: trap_request=0xffffff4d fr.pc=0x00000254b36e717c relative=0x00000000000000bc
Event: 0.734 Thread 0x00000254a827f800 Uncommon trap: reason=unstable_if action=reinterpret pc=0x00000254b36e717c method=java.lang.Integer.valueOf(I)Ljava/lang/Integer; @ 3 c2
Event: 0.734 Thread 0x00000254a827f800 DEOPT PACKING pc=0x00000254b36e717c sp=0x00000072dc8fcc70
Event: 0.734 Thread 0x00000254a827f800 DEOPT UNPACKING pc=0x00000254abc174af sp=0x00000072dc8fcc08 mode 2

Classes redefined (0 events):
No events

Internal exceptions (6 events):
Event: 0.789 Thread 0x00000254a827f800 Exception <a 'java/lang/NoSuchMethodError'{0x0000000089798188}: 'int java.lang.invoke.DirectMethodHandle$Holder.invokeSpecialIFC(java.lang.Object, java.lang.Object, int)'> (0x0000000089798188) thrown at [./src/hotspot/share/interpreter/linkResolver.cpp, line 773]
Event: 0.888 Thread 0x00000254a827f800 Exception <a 'java/lang/NoSuchMethodError'{0x0000000088cd2560}: 'java.lang.Object java.lang.invoke.DirectMethodHandle$Holder.invokeStaticInit(java.lang.Object, int)'> (0x0000000088cd2560) thrown at [./src/hotspot/share/interpreter/linkResolver.cpp, line 773]
Event: 0.907 Thread 0x00000254a827f800 Exception <a 'java/lang/NoSuchMethodError'{0x0000000088a6a710}: 'long java.lang.invoke.DirectMethodHandle$Holder.invokeStatic(java.lang.Object)'> (0x0000000088a6a710) thrown at [./src/hotspot/share/interpreter/linkResolver.cpp, line 773]
Event: 0.907 Thread 0x00000254a827f800 Exception <a 'java/lang/NoSuchMethodError'{0x0000000088a6d568}: 'long java.lang.invoke.DirectMethodHandle$Holder.invokeStaticInit(java.lang.Object)'> (0x0000000088a6d568) thrown at [./src/hotspot/share/interpreter/linkResolver.cpp, line 773]
Event: 0.944 Thread 0x00000254a827f800 Exception <a 'java/lang/NoSuchMethodError'{0x00000000887dd130}: 'int java.lang.invoke.DirectMethodHandle$Holder.invokeStaticInit(java.lang.Object, java.lang.Object, java.lang.Object)'> (0x00000000887dd130) thrown at [./src/hotspot/share/interpreter/linkResolver.cpp, line 773]
Event: 0.946 Thread 0x00000254a827f800 Exception <a 'java/lang/NoSuchMethodError'{0x00000000886094b8}: 'int java.lang.invoke.DirectMethodHandle$Holder.invokeStaticInit(java.lang.Object, java.lang.Object)'> (0x00000000886094b8) thrown at [./src/hotspot/share/interpreter/linkResolver.cpp, line 773]

Events (20 events):
Event: 0.999 loading class org/jetbrains/kotlin/com/intellij/openapi/util/SafeJdomFactory
Event: 0.999 loading class org/jetbrains/kotlin/com/intellij/openapi/util/SafeJdomFactory done
Event: 0.999 loading class java/text/DateFormat
Event: 0.999 loading class java/text/Format
Event: 0.999 loading class java/text/Format done
Event: 0.999 loading class java/text/DateFormat done
Event: 0.999 loading class java/text/SimpleDateFormat
Event: 1.000 loading class java/text/SimpleDateFormat done
Event: 1.000 loading class org/jetbrains/kotlin/it/unimi/dsi/fastutil/objects/ObjectOpenHashSet
Event: 1.000 loading class org/jetbrains/kotlin/it/unimi/dsi/fastutil/objects/ObjectOpenHashSet done
Event: 1.000 loading class org/jetbrains/kotlin/it/unimi/dsi/fastutil/objects/AbstractObjectSet
Event: 1.000 loading class org/jetbrains/kotlin/it/unimi/dsi/fastutil/objects/AbstractObjectSet done
Event: 1.001 loading class org/jetbrains/kotlin/it/unimi/dsi/fastutil/objects/AbstractObjectCollection
Event: 1.001 loading class org/jetbrains/kotlin/it/unimi/dsi/fastutil/objects/AbstractObjectCollection done
Event: 1.001 loading class java/text/DateFormat$Field
Event: 1.001 loading class java/text/Format$Field
Event: 1.002 loading class java/text/AttributedCharacterIterator$Attribute
Event: 1.002 loading class java/text/AttributedCharacterIterator$Attribute done
Event: 1.002 loading class java/text/Format$Field done
Event: 1.002 loading class java/text/DateFormat$Field done


Dynamic libraries:
0x00007ff7d1c40000 - 0x00007ff7d1c4a000 	D:\Android Studio\jre\bin\java.exe
0x00007ffada6b0000 - 0x00007ffada8a5000 	C:\WINDOWS\SYSTEM32\ntdll.dll
0x00007ffad8fe0000 - 0x00007ffad909d000 	C:\WINDOWS\System32\KERNEL32.DLL
0x00007ffad8270000 - 0x00007ffad8538000 	C:\WINDOWS\System32\KERNELBASE.dll
0x00007ffad50a0000 - 0x00007ffad5130000 	C:\WINDOWS\SYSTEM32\apphelp.dll
0x00007ffad8120000 - 0x00007ffad8220000 	C:\WINDOWS\System32\ucrtbase.dll
0x00007ffad1760000 - 0x00007ffad1779000 	D:\Android Studio\jre\bin\jli.dll
0x00007ffacfb70000 - 0x00007ffacfb87000 	D:\Android Studio\jre\bin\VCRUNTIME140.dll
0x00007ffada220000 - 0x00007ffada3c0000 	C:\WINDOWS\System32\USER32.dll
0x00007ffad7fb0000 - 0x00007ffad7fd2000 	C:\WINDOWS\System32\win32u.dll
0x00007ffac2dd0000 - 0x00007ffac306a000 	C:\WINDOWS\WinSxS\amd64_microsoft.windows.common-controls_6595b64144ccf1df_6.0.19041.844_none_ca00b6081b84eb1d\COMCTL32.dll
0x00007ffad9150000 - 0x00007ffad91ee000 	C:\WINDOWS\System32\msvcrt.dll
0x00007ffad8710000 - 0x00007ffad873a000 	C:\WINDOWS\System32\GDI32.dll
0x00007ffad8010000 - 0x00007ffad811b000 	C:\WINDOWS\System32\gdi32full.dll
0x00007ffad8670000 - 0x00007ffad870d000 	C:\WINDOWS\System32\msvcp_win.dll
0x00007ffada3c0000 - 0x00007ffada3f0000 	C:\WINDOWS\System32\IMM32.DLL
0x00007ffab2230000 - 0x00007ffab22cd000 	D:\Android Studio\jre\bin\msvcp140.dll
0x00007ffa9c820000 - 0x00007ffa9d2dc000 	D:\Android Studio\jre\bin\server\jvm.dll
0x00007ffad8f30000 - 0x00007ffad8fdc000 	C:\WINDOWS\System32\ADVAPI32.dll
0x00007ffad9960000 - 0x00007ffad99fb000 	C:\WINDOWS\System32\sechost.dll
0x00007ffad97d0000 - 0x00007ffad98fb000 	C:\WINDOWS\System32\RPCRT4.dll
0x00007ffad8ec0000 - 0x00007ffad8ec8000 	C:\WINDOWS\System32\PSAPI.DLL
0x00007ffacb180000 - 0x00007ffacb18a000 	C:\WINDOWS\SYSTEM32\VERSION.dll
0x00007ffac67f0000 - 0x00007ffac6817000 	C:\WINDOWS\SYSTEM32\WINMM.dll
0x00007ffad1ce0000 - 0x00007ffad1ce9000 	C:\WINDOWS\SYSTEM32\WSOCK32.dll
0x00007ffada3f0000 - 0x00007ffada45b000 	C:\WINDOWS\System32\WS2_32.dll
0x00007ffad6680000 - 0x00007ffad6692000 	C:\WINDOWS\SYSTEM32\kernel.appcore.dll
0x00007ffad1870000 - 0x00007ffad1881000 	D:\Android Studio\jre\bin\verify.dll
0x00007ffad5c10000 - 0x00007ffad5df4000 	C:\WINDOWS\SYSTEM32\DBGHELP.DLL
0x00007ffabf990000 - 0x00007ffabf9bc000 	C:\WINDOWS\SYSTEM32\dbgcore.DLL
0x00007ffad85f0000 - 0x00007ffad8670000 	C:\WINDOWS\System32\bcryptPrimitives.dll
0x00007ffad15c0000 - 0x00007ffad15e9000 	D:\Android Studio\jre\bin\java.dll
0x00007ffad4f70000 - 0x00007ffad4f7b000 	D:\Android Studio\jre\bin\jimage.dll
0x00007ffad1830000 - 0x00007ffad1848000 	D:\Android Studio\jre\bin\zip.dll
0x00007ffad9ab0000 - 0x00007ffada1f2000 	C:\WINDOWS\System32\SHELL32.dll
0x00007ffad5e00000 - 0x00007ffad6590000 	C:\WINDOWS\SYSTEM32\windows.storage.dll
0x00007ffad8870000 - 0x00007ffad8bc5000 	C:\WINDOWS\System32\combase.dll
0x00007ffad7720000 - 0x00007ffad774c000 	C:\WINDOWS\SYSTEM32\Wldp.dll
0x00007ffad90a0000 - 0x00007ffad914e000 	C:\WINDOWS\System32\SHCORE.dll
0x00007ffada610000 - 0x00007ffada665000 	C:\WINDOWS\System32\shlwapi.dll
0x00007ffad7d30000 - 0x00007ffad7d4f000 	C:\WINDOWS\SYSTEM32\profapi.dll
0x00007ffad16d0000 - 0x00007ffad16ea000 	D:\Android Studio\jre\bin\net.dll
0x00007ffacf720000 - 0x00007ffacf82b000 	C:\WINDOWS\SYSTEM32\WINHTTP.dll
0x00007ffad74a0000 - 0x00007ffad750a000 	C:\WINDOWS\system32\mswsock.dll
0x00007ffad1560000 - 0x00007ffad1574000 	D:\Android Studio\jre\bin\nio.dll

dbghelp: loaded successfully - version: 4.0.5 - missing functions: none
symbol engine: initialized successfully - sym options: 0x614 - pdb path: .;D:\Android Studio\jre\bin;C:\WINDOWS\SYSTEM32;C:\WINDOWS\WinSxS\amd64_microsoft.windows.common-controls_6595b64144ccf1df_6.0.19041.844_none_ca00b6081b84eb1d;D:\Android Studio\jre\bin\server

VM Arguments:
java_command: org.jetbrains.kotlin.cli.jvm.K2JVMCompiler @E:\Mani Projekti\todo\app\build\20210525_9922199442448149692.compiler.options
java_class_path (initial): C:\Users\Kristers Tih\.gradle\caches\modules-2\files-2.1\org.jetbrains.kotlin\kotlin-compiler-embeddable\1.5.10\9c35134a025cab7a1e6eee0d87d241c2f30c1218\kotlin-compiler-embeddable-1.5.10.jar;C:\Users\Kristers Tih\.gradle\caches\modules-2\files-2.1\org.jetbrains.kotlin\kotlin-reflect\1.5.10\d6c70f3c0df2457ea0095c61c1fc1188017dc3bc\kotlin-reflect-1.5.10.jar;C:\Users\Kristers Tih\.gradle\caches\modules-2\files-2.1\org.jetbrains.kotlin\kotlin-stdlib\1.5.10\da6a904b132f0402fa4d79169a3c1770598d4702\kotlin-stdlib-1.5.10.jar;C:\Users\Kristers Tih\.gradle\caches\modules-2\files-2.1\org.jetbrains.kotlin\kotlin-script-runtime\1.5.10\69bad0ece91b0797055aeadbd44dc742c458398b\kotlin-script-runtime-1.5.10.jar;C:\Users\Kristers Tih\.gradle\caches\modules-2\files-2.1\org.jetbrains.kotlin\kotlin-daemon-embeddable\1.5.10\d06ad33b62b041dae0609f830c3b48135d53b8bc\kotlin-daemon-embeddable-1.5.10.jar;C:\Users\Kristers Tih\.gradle\caches\modules-2\files-2.1\org.jetbrains.intellij.deps\trove4j\1.0.20181211\216c2e14b070f334479d800987affe4054cd563f\trove4j-1.0.20181211.jar;C:\Users\Kristers Tih\.gradle\caches\modules-2\files-2.1\org.jetbrains\annotations\13.0\919f0dfe192fb4e063e7dacadee7f8bb9a2672a9\annotations-13.0.jar;C:\Users\Kristers Tih\.gradle\caches\modules-2\files-2.1\org.jetbrains.kotlin\kotlin-stdlib-common\1.5.10\6b84d926e28493be69daf673e40076f89492ef7\kotlin-stdlib-common-1.5.10.jar
Launcher Type: SUN_STANDARD

[Global flags]
     intx CICompilerCount                          = 4                                         {product} {ergonomic}
     uint ConcGCThreads                            = 2                                         {product} {ergonomic}
     uint G1ConcRefinementThreads                  = 8                                         {product} {ergonomic}
   size_t G1HeapRegionSize                         = 1048576                                   {product} {ergonomic}
    uintx GCDrainStackTargetSize                   = 64                                        {product} {ergonomic}
   size_t InitialHeapSize                          = 132120576                                 {product} {ergonomic}
   size_t MarkStackSize                            = 4194304                                   {product} {ergonomic}
   size_t MaxHeapSize                              = 2099249152                                {product} {ergonomic}
   size_t MaxNewSize                               = 1259339776                                {product} {ergonomic}
   size_t MinHeapDeltaBytes                        = 1048576                                   {product} {ergonomic}
    uintx NonNMethodCodeHeapSize                   = 5836300                                {pd product} {ergonomic}
    uintx NonProfiledCodeHeapSize                  = 122910970                              {pd product} {ergonomic}
    uintx ProfiledCodeHeapSize                     = 122910970                              {pd product} {ergonomic}
    uintx ReservedCodeCacheSize                    = 251658240                              {pd product} {ergonomic}
     bool SegmentedCodeCache                       = true                                      {product} {ergonomic}
     bool UseCompressedClassPointers               = true                                 {lp64_product} {ergonomic}
     bool UseCompressedOops                        = true                                 {lp64_product} {ergonomic}
     bool UseG1GC                                  = true                                      {product} {ergonomic}
     bool UseLargePagesIndividualAllocation        = false                                  {pd product} {ergonomic}

Logging:
Log output configuration:
 #0: stdout all=warning uptime,level,tags
 #1: stderr all=off uptime,level,tags

Environment Variables:
JAVA_HOME=D:\Programmas\Corretto\jdk11.0.9_12
PATH=D:\Programmas\Corretto\jdk11.0.9_12\bin;C:\WINDOWS\system32;C:\WINDOWS;C:\WINDOWS\System32\Wbem;C:\WINDOWS\System32\WindowsPowerShell\v1.0\;C:\WINDOWS\System32\OpenSSH\;C:\Program Files\Microsoft SQL Server\Client SDK\ODBC\170\Tools\Binn\;C:\Program Files (x86)\Microsoft SQL Server\150\Tools\Binn\;C:\Program Files\Microsoft SQL Server\150\Tools\Binn\;C:\Program Files\Microsoft SQL Server\150\DTS\Binn\;C:\Users\Kristers Tih\AppData\Local\Programs\Python\Python37;C:\Users\Kristers Tih\AppData\Local\Programs\Python\Python37\Scripts;D:\Programmas\mingw-w64-v8.0.0\bin;C:\Program Files\Git\cmd;C:\Program Files\dotnet\;C:\Users\Kristers Tih\AppData\Local\Programs\Python\Python39\Scripts\;C:\Users\Kristers Tih\AppData\Local\Programs\Python\Python39\;C:\Windows\system32;C:\Windows;C:\Windows\System32\Wbem;C:\Windows\System32\WindowsPowerShell\v1.0\;C:\Windows\System32\OpenSSH\;C:\Program Files\dotnet\;C:\Program Files (x86)\Microsoft SQL Server\150\DTS\Binn\;C:\Program Files\Microsoft SQL Server\Client SDK\ODBC\170\Tools\Binn\;C:\Program Files (x86)\Microsoft SQL Server\150\Tools\Binn\;C:\Program Files\Microsoft SQL Server\150\Tools\Binn\;C:\Program Files\Microsoft SQL Server\150\DTS\Binn\;C:\Users\Kristers Tih\AppData\Local\Microsoft\WindowsApps;C:\Users\Kristers Tih\.dotnet\tools;C:\Users\Kristers Tih\AppData\Local\Programs\Microsoft VS Code\bin;C:\Users\Kristers Tih\AppData\Local\atom\bin;C:\Users\Kristers Tih\AppData\Local\Programs\Python\Python37;D:\Programmas\mingw-w64-v8.0.0;C:\Users\Kristers Tih\AppData\Local\Programs\Python\Python37\Scripts;D:\Programmas\Intellij IDEA\IntelliJ IDEA Community Edition 2020.3.1\bin;;C:\Users\Kristers Tih\AppData\Local\Microsoft\WindowsApps;C:\Users\Kristers Tih\.dotnet\tools;D:\Programmas\PyCharm Community Edition 2021.1.1\bin;
USERNAME=Kristers Tih
OS=Windows_NT
PROCESSOR_IDENTIFIER=Intel64 Family 6 Model 158 Stepping 10, GenuineIntel



---------------  S Y S T E M  ---------------

OS: Windows 10 , 64 bit Build 19041 (10.0.19041.928)
OS uptime: 8 days 16:59 hours
HyperV virtualization detected

CPU:total 8 (initial active 8) (4 cores per cpu, 2 threads per core) family 6 model 158 stepping 10, cmov, cx8, fxsr, mmx, sse, sse2, sse3, ssse3, sse4.1, sse4.2, popcnt, avx, avx2, aes, clmul, erms, 3dnowpref, lzcnt, ht, tsc, tscinvbit, bmi1, bmi2, adx, fma

Memory: 4k page, system-wide physical 8001M (495M free)
TotalPageFile size 23124M (AvailPageFile size 3M)
current process WorkingSet (physical memory assigned to process): 122M, peak: 122M
current process commit charge ("private bytes"): 231M, peak: 231M

vm_info: OpenJDK 64-Bit Server VM (11.0.8+10-b944.6842174) for windows-amd64 JRE (11.0.8+10-b944.6842174), built on Sep 19 2020 01:11:42 by "builder" with MS VC++ 14.0 (VS2015)

END.
