#
# There is insufficient memory for the Java Runtime Environment to continue.
# Native memory allocation (mmap) failed to map 39845888 bytes for Failed to commit area from 0x000000008ac00000 to 0x000000008d200000 of length 39845888.
# Possible reasons:
#   The system is out of physical RAM or swap space
#   The process is running with CompressedOops enabled, and the Java Heap may be blocking the growth of the native heap
# Possible solutions:
#   Reduce memory load on the system
#   Increase physical memory or swap space
#   Check if swap backing store is full
#   Decrease Java heap size (-Xmx/-Xms)
#   Decrease number of Java threads
#   Decrease Java thread stack sizes (-Xss)
#   Set larger code cache with -XX:ReservedCodeCacheSize=
#   JVM is running with Unscaled Compressed Oops mode in which the Java heap is
#     placed in the first 4GB address space. The Java Heap base address is the
#     maximum limit for the native heap growth. Please use -XX:HeapBaseMinAddress
#     to set the Java Heap base and to place the Java Heap above 4GB virtual address.
# This output file may be truncated or incomplete.
#
#  Out of Memory Error (./src/hotspot/os/windows/os_windows.cpp:3303), pid=6272, tid=2916
#
# JRE version: OpenJDK Runtime Environment (11.0.8+10) (build 11.0.8+10-b944.6842174)
# Java VM: OpenJDK 64-Bit Server VM (11.0.8+10-b944.6842174, mixed mode, tiered, compressed oops, g1 gc, windows-amd64)
# No core dump will be written. Minidumps are not enabled by default on client versions of Windows
#

---------------  S U M M A R Y ------------

Command Line: org.jetbrains.kotlin.cli.jvm.K2JVMCompiler @E:\Mani Projekti\todo\app\build\20210525_12665509894621397903.compiler.options

Host: Intel(R) Core(TM) i5-8300H CPU @ 2.30GHz, 8 cores, 7G,  Windows 10 , 64 bit Build 19041 (10.0.19041.928)
Time: Tue May 25 13:25:46 2021 FLE Daylight Time elapsed time: 2 seconds (0d 0h 0m 2s)

---------------  T H R E A D  ---------------

Current thread (0x000001fc2f878000):  VMThread "VM Thread" [stack: 0x0000004b86500000,0x0000004b86600000] [id=2916]

Stack: [0x0000004b86500000,0x0000004b86600000]
[error occurred during error reporting (printing stack bounds), id 0xc0000005, EXCEPTION_ACCESS_VIOLATION (0xc0000005) at pc=0x000001fc190a0dad]

Native frames: (J=compiled Java code, j=interpreted, Vv=VM code, C=native code)
V  [jvm.dll+0x5de50a]
V  [jvm.dll+0x7122f5]
V  [jvm.dll+0x71384d]
V  [jvm.dll+0x713e65]
V  [jvm.dll+0x713e1b]
V  [jvm.dll+0x5dd958]
V  [jvm.dll+0x5de0f8]
C  [ntdll.dll+0xa217f]
C  [ntdll.dll+0x51454]
C  [ntdll.dll+0xa0cae]
C  0x000001fc190a0dad

VM_Operation (0x0000004b85ff8c30): G1CollectForAllocation, mode: safepoint, requested by thread 0x000001fc1572c800


---------------  P R O C E S S  ---------------

Threads class SMR info:
_java_thread_list=0x000001fc302a4120, length=12, elements={
0x000001fc1572c800, 0x000001fc300c2800, 0x000001fc300cb800, 0x000001fc30117800,
0x000001fc30118800, 0x000001fc30119800, 0x000001fc3011e000, 0x000001fc30121000,
0x000001fc3029b000, 0x000001fc3029e800, 0x000001fc302a1800, 0x000001fc3029d000
}

Java Threads: ( => current thread )
  0x000001fc1572c800 JavaThread "main" [_thread_blocked, id=13944, stack(0x0000004b85f00000,0x0000004b86000000)]
  0x000001fc300c2800 JavaThread "Reference Handler" daemon [_thread_blocked, id=6192, stack(0x0000004b86600000,0x0000004b86700000)]
  0x000001fc300cb800 JavaThread "Finalizer" daemon [_thread_blocked, id=7876, stack(0x0000004b86700000,0x0000004b86800000)]
  0x000001fc30117800 JavaThread "Signal Dispatcher" daemon [_thread_blocked, id=15156, stack(0x0000004b86800000,0x0000004b86900000)]
  0x000001fc30118800 JavaThread "Attach Listener" daemon [_thread_blocked, id=17268, stack(0x0000004b86900000,0x0000004b86a00000)]
  0x000001fc30119800 JavaThread "C2 CompilerThread0" daemon [_thread_blocked, id=7872, stack(0x0000004b86a00000,0x0000004b86b00000)]
  0x000001fc3011e000 JavaThread "C1 CompilerThread0" daemon [_thread_blocked, id=1796, stack(0x0000004b86b00000,0x0000004b86c00000)]
  0x000001fc30121000 JavaThread "Sweeper thread" daemon [_thread_blocked, id=1360, stack(0x0000004b86c00000,0x0000004b86d00000)]
  0x000001fc3029b000 JavaThread "Service Thread" daemon [_thread_blocked, id=9840, stack(0x0000004b86d00000,0x0000004b86e00000)]
  0x000001fc3029e800 JavaThread "Common-Cleaner" daemon [_thread_blocked, id=16800, stack(0x0000004b86f00000,0x0000004b87000000)]
  0x000001fc302a1800 JavaThread "C2 CompilerThread1" daemon [_thread_blocked, id=14008, stack(0x0000004b87000000,0x0000004b87100000)]
  0x000001fc3029d000 JavaThread "C2 CompilerThread2" daemon [_thread_blocked, id=9008, stack(0x0000004b87100000,0x0000004b87200000)]

Other Threads:
=>0x000001fc2f878000 VMThread "VM Thread" [stack: 0x0000004b86500000,0x0000004b86600000] [id=2916]
  0x000001fc3029c000 WatcherThread [stack: 0x0000004b86e00000,0x0000004b86f00000] [id=10328]
  0x000001fc15748800 GCTaskThread "GC Thread#0" [stack: 0x0000004b86000000,0x0000004b86100000] [id=7120]
  0x000001fc309e9000 GCTaskThread "GC Thread#1" [stack: 0x0000004b87200000,0x0000004b87300000] [id=16520]
  0x000001fc309f9000 GCTaskThread "GC Thread#2" [stack: 0x0000004b87300000,0x0000004b87400000] [id=13680]
  0x000001fc15777800 ConcurrentGCThread "G1 Main Marker" [stack: 0x0000004b86100000,0x0000004b86200000] [id=17444]
  0x000001fc15779800 ConcurrentGCThread "G1 Conc#0" [stack: 0x0000004b86200000,0x0000004b86300000] [id=1004]
  0x000001fc31614800 ConcurrentGCThread "G1 Conc#1" [stack: 0x0000004b87400000,0x0000004b87500000] [id=7356]
  0x000001fc2f6e2800 ConcurrentGCThread "G1 Refine#0" [stack: 0x0000004b86300000,0x0000004b86400000] [id=17392]
  0x000001fc157fa800 ConcurrentGCThread "G1 Young RemSet Sampling" [stack: 0x0000004b86400000,0x0000004b86500000] [id=9152]

Threads with active compile tasks:
C2 CompilerThread0   2680 3308       4       java.lang.ClassLoader::loadClass (7 bytes)
C1 CompilerThread0   2680 3490       3       org.jetbrains.kotlin.load.java.structure.impl.classFiles.AnnotationsAndParameterCollectorMethodVisitor::<init> (100 bytes)
C2 CompilerThread1   2680 3347       4       jdk.internal.loader.ClassLoaders$AppClassLoader::loadClass (40 bytes)
C2 CompilerThread2   2680 3469 %     4       java.util.zip.ZipFile$Source::initCEN @ 223 (658 bytes)

VM state:at safepoint (normal execution)

VM Mutex/Monitor currently owned by a thread:  ([mutex/lock_event])
[0x000001fc15729db0] Threads_lock - owner thread: 0x000001fc2f878000
[0x000001fc15729ed0] Heap_lock - owner thread: 0x000001fc1572c800

Heap address: 0x0000000082e00000, size: 2002 MB, Compressed Oops mode: 32-bit
Narrow klass base: 0x0000000000000000, Narrow klass shift: 3
Compressed class space size: 1073741824 Address: 0x0000000100000000

Heap:
 garbage-first heap   total 167936K, used 31713K [0x0000000082e00000, 0x0000000100000000)
  region size 1024K, 7 young (7168K), 7 survivors (7168K)
 Metaspace       used 44983K, capacity 45429K, committed 45696K, reserved 1089536K
  class space    used 5294K, capacity 5474K, committed 5504K, reserved 1048576K
Heap Regions: E=young(eden), S=young(survivor), O=old, HS=humongous(starts), HC=humongous(continues), CS=collection set, F=free, A=archive, TAMS=top-at-mark-start (previous, next)
|   0|0x0000000082e00000, 0x0000000082f00000, 0x0000000082f00000|100%|HS|  |TAMS 0x0000000082f00000, 0x0000000082e00000| Complete 
|   1|0x0000000082f00000, 0x0000000083000000, 0x0000000083000000|100%|HC|  |TAMS 0x0000000083000000, 0x0000000082f00000| Complete 
|   2|0x0000000083000000, 0x0000000083100000, 0x0000000083100000|100%|HC|  |TAMS 0x0000000083100000, 0x0000000083000000| Complete 
|   3|0x0000000083100000, 0x0000000083200000, 0x0000000083200000|100%|HS|  |TAMS 0x0000000083200000, 0x0000000083100000| Complete 
|   4|0x0000000083200000, 0x0000000083300000, 0x0000000083300000|100%|HC|  |TAMS 0x0000000083300000, 0x0000000083200000| Complete 
|   5|0x0000000083300000, 0x0000000083400000, 0x0000000083400000|100%|HC|  |TAMS 0x0000000083400000, 0x0000000083300000| Complete 
|   6|0x0000000083400000, 0x0000000083500000, 0x0000000083500000|100%|HS|  |TAMS 0x0000000083500000, 0x0000000083400000| Complete 
|   7|0x0000000083500000, 0x0000000083600000, 0x0000000083600000|100%|HC|  |TAMS 0x0000000083600000, 0x0000000083500000| Complete 
|   8|0x0000000083600000, 0x0000000083700000, 0x0000000083700000|100%|HC|  |TAMS 0x0000000083700000, 0x0000000083600000| Complete 
|   9|0x0000000083700000, 0x0000000083800000, 0x0000000083800000|100%| O|  |TAMS 0x0000000083800000, 0x0000000083700000| Untracked 
|  10|0x0000000083800000, 0x0000000083900000, 0x0000000083900000|100%| O|  |TAMS 0x0000000083900000, 0x0000000083800000| Untracked 
|  11|0x0000000083900000, 0x0000000083a00000, 0x0000000083a00000|100%| O|  |TAMS 0x0000000083a00000, 0x0000000083900000| Untracked 
|  12|0x0000000083a00000, 0x0000000083b00000, 0x0000000083b00000|100%| O|  |TAMS 0x0000000083b00000, 0x0000000083a00000| Untracked 
|  13|0x0000000083b00000, 0x0000000083c00000, 0x0000000083c00000|100%|HS|  |TAMS 0x0000000083b00000, 0x0000000083b00000| Complete 
|  14|0x0000000083c00000, 0x0000000083d00000, 0x0000000083d00000|100%|HC|  |TAMS 0x0000000083c00000, 0x0000000083c00000| Complete 
|  15|0x0000000083d00000, 0x0000000083e00000, 0x0000000083e00000|100%| O|  |TAMS 0x0000000083e00000, 0x0000000083d00000| Untracked 
|  16|0x0000000083e00000, 0x0000000083f00000, 0x0000000083f00000|100%| O|  |TAMS 0x0000000083f00000, 0x0000000083e00000| Untracked 
|  17|0x0000000083f00000, 0x0000000084000000, 0x0000000084000000|100%| O|  |TAMS 0x0000000084000000, 0x0000000083f00000| Untracked 
|  18|0x0000000084000000, 0x0000000084100000, 0x0000000084100000|100%| O|  |TAMS 0x0000000084100000, 0x0000000084000000| Untracked 
|  19|0x0000000084100000, 0x0000000084200000, 0x0000000084200000|100%| O|  |TAMS 0x0000000084200000, 0x0000000084100000| Untracked 
|  20|0x0000000084200000, 0x0000000084300000, 0x0000000084300000|100%| O|  |TAMS 0x0000000084300000, 0x0000000084200000| Untracked 
|  21|0x0000000084300000, 0x0000000084400000, 0x0000000084400000|100%| O|  |TAMS 0x0000000084400000, 0x0000000084300000| Untracked 
|  22|0x0000000084400000, 0x0000000084500000, 0x0000000084500000|100%| O|  |TAMS 0x0000000084500000, 0x0000000084400000| Untracked 
|  23|0x0000000084500000, 0x00000000845f8400, 0x0000000084600000| 96%| O|  |TAMS 0x0000000084525e08, 0x0000000084500000| Untracked 
|  24|0x0000000084600000, 0x0000000084600000, 0x0000000084700000|  0%| F|  |TAMS 0x0000000084600000, 0x0000000084600000| Untracked 
|  25|0x0000000084700000, 0x0000000084700000, 0x0000000084800000|  0%| F|  |TAMS 0x0000000084700000, 0x0000000084700000| Untracked 
|  26|0x0000000084800000, 0x0000000084800000, 0x0000000084900000|  0%| F|  |TAMS 0x0000000084800000, 0x0000000084800000| Untracked 
|  27|0x0000000084900000, 0x0000000084900000, 0x0000000084a00000|  0%| F|  |TAMS 0x0000000084900000, 0x0000000084900000| Untracked 
|  28|0x0000000084a00000, 0x0000000084a00000, 0x0000000084b00000|  0%| F|  |TAMS 0x0000000084a00000, 0x0000000084a00000| Untracked 
|  29|0x0000000084b00000, 0x0000000084b00000, 0x0000000084c00000|  0%| F|  |TAMS 0x0000000084b00000, 0x0000000084b00000| Untracked 
|  30|0x0000000084c00000, 0x0000000084c00000, 0x0000000084d00000|  0%| F|  |TAMS 0x0000000084c00000, 0x0000000084c00000| Untracked 
|  31|0x0000000084d00000, 0x0000000084d00000, 0x0000000084e00000|  0%| F|  |TAMS 0x0000000084d00000, 0x0000000084d00000| Untracked 
|  32|0x0000000084e00000, 0x0000000084e00000, 0x0000000084f00000|  0%| F|  |TAMS 0x0000000084e00000, 0x0000000084e00000| Untracked 
|  33|0x0000000084f00000, 0x0000000084f00000, 0x0000000085000000|  0%| F|  |TAMS 0x0000000084f00000, 0x0000000084f00000| Untracked 
|  34|0x0000000085000000, 0x0000000085000000, 0x0000000085100000|  0%| F|  |TAMS 0x0000000085000000, 0x0000000085000000| Untracked 
|  35|0x0000000085100000, 0x0000000085100000, 0x0000000085200000|  0%| F|  |TAMS 0x0000000085100000, 0x0000000085100000| Untracked 
|  36|0x0000000085200000, 0x0000000085200000, 0x0000000085300000|  0%| F|  |TAMS 0x0000000085200000, 0x0000000085200000| Untracked 
|  37|0x0000000085300000, 0x0000000085300000, 0x0000000085400000|  0%| F|  |TAMS 0x0000000085300000, 0x0000000085300000| Untracked 
|  38|0x0000000085400000, 0x0000000085400000, 0x0000000085500000|  0%| F|  |TAMS 0x0000000085400000, 0x0000000085400000| Untracked 
|  39|0x0000000085500000, 0x0000000085500000, 0x0000000085600000|  0%| F|  |TAMS 0x0000000085500000, 0x0000000085500000| Untracked 
|  40|0x0000000085600000, 0x0000000085600000, 0x0000000085700000|  0%| F|  |TAMS 0x0000000085600000, 0x0000000085600000| Untracked 
|  41|0x0000000085700000, 0x0000000085700000, 0x0000000085800000|  0%| F|  |TAMS 0x0000000085700000, 0x0000000085700000| Untracked 
|  42|0x0000000085800000, 0x0000000085800000, 0x0000000085900000|  0%| F|  |TAMS 0x0000000085800000, 0x0000000085800000| Untracked 
|  43|0x0000000085900000, 0x0000000085900000, 0x0000000085a00000|  0%| F|  |TAMS 0x0000000085900000, 0x0000000085900000| Untracked 
|  44|0x0000000085a00000, 0x0000000085a00000, 0x0000000085b00000|  0%| F|  |TAMS 0x0000000085a00000, 0x0000000085a00000| Untracked 
|  45|0x0000000085b00000, 0x0000000085b00000, 0x0000000085c00000|  0%| F|  |TAMS 0x0000000085b00000, 0x0000000085b00000| Untracked 
|  46|0x0000000085c00000, 0x0000000085c00000, 0x0000000085d00000|  0%| F|  |TAMS 0x0000000085c00000, 0x0000000085c00000| Untracked 
|  47|0x0000000085d00000, 0x0000000085d00000, 0x0000000085e00000|  0%| F|  |TAMS 0x0000000085d00000, 0x0000000085d00000| Untracked 
|  48|0x0000000085e00000, 0x0000000085e00000, 0x0000000085f00000|  0%| F|  |TAMS 0x0000000085e00000, 0x0000000085e00000| Untracked 
|  49|0x0000000085f00000, 0x0000000085f00000, 0x0000000086000000|  0%| F|  |TAMS 0x0000000085f00000, 0x0000000085f00000| Untracked 
|  50|0x0000000086000000, 0x0000000086000000, 0x0000000086100000|  0%| F|  |TAMS 0x0000000086000000, 0x0000000086000000| Untracked 
|  51|0x0000000086100000, 0x0000000086100000, 0x0000000086200000|  0%| F|  |TAMS 0x0000000086100000, 0x0000000086100000| Untracked 
|  52|0x0000000086200000, 0x0000000086200000, 0x0000000086300000|  0%| F|  |TAMS 0x0000000086200000, 0x0000000086200000| Untracked 
|  53|0x0000000086300000, 0x0000000086300000, 0x0000000086400000|  0%| F|  |TAMS 0x0000000086300000, 0x0000000086300000| Untracked 
|  54|0x0000000086400000, 0x0000000086400000, 0x0000000086500000|  0%| F|  |TAMS 0x0000000086400000, 0x0000000086400000| Untracked 
|  55|0x0000000086500000, 0x0000000086500000, 0x0000000086600000|  0%| F|  |TAMS 0x0000000086500000, 0x0000000086500000| Untracked 
|  56|0x0000000086600000, 0x0000000086600000, 0x0000000086700000|  0%| F|  |TAMS 0x0000000086600000, 0x0000000086600000| Untracked 
|  57|0x0000000086700000, 0x0000000086700000, 0x0000000086800000|  0%| F|  |TAMS 0x0000000086700000, 0x0000000086700000| Untracked 
|  58|0x0000000086800000, 0x0000000086800000, 0x0000000086900000|  0%| F|  |TAMS 0x0000000086800000, 0x0000000086800000| Untracked 
|  59|0x0000000086900000, 0x0000000086900000, 0x0000000086a00000|  0%| F|  |TAMS 0x0000000086900000, 0x0000000086900000| Untracked 
|  60|0x0000000086a00000, 0x0000000086a00000, 0x0000000086b00000|  0%| F|  |TAMS 0x0000000086a00000, 0x0000000086a00000| Untracked 
|  61|0x0000000086b00000, 0x0000000086b00000, 0x0000000086c00000|  0%| F|  |TAMS 0x0000000086b00000, 0x0000000086b00000| Untracked 
|  62|0x0000000086c00000, 0x0000000086c00000, 0x0000000086d00000|  0%| F|  |TAMS 0x0000000086c00000, 0x0000000086c00000| Untracked 
|  63|0x0000000086d00000, 0x0000000086d00000, 0x0000000086e00000|  0%| F|  |TAMS 0x0000000086d00000, 0x0000000086d00000| Untracked 
|  64|0x0000000086e00000, 0x0000000086e00000, 0x0000000086f00000|  0%| F|  |TAMS 0x0000000086e00000, 0x0000000086e00000| Untracked 
|  65|0x0000000086f00000, 0x0000000086f00000, 0x0000000087000000|  0%| F|  |TAMS 0x0000000086f00000, 0x0000000086f00000| Untracked 
|  66|0x0000000087000000, 0x0000000087000000, 0x0000000087100000|  0%| F|  |TAMS 0x0000000087000000, 0x0000000087000000| Untracked 
|  67|0x0000000087100000, 0x0000000087100000, 0x0000000087200000|  0%| F|  |TAMS 0x0000000087100000, 0x0000000087100000| Untracked 
|  68|0x0000000087200000, 0x0000000087200000, 0x0000000087300000|  0%| F|  |TAMS 0x0000000087200000, 0x0000000087200000| Untracked 
|  69|0x0000000087300000, 0x0000000087400000, 0x0000000087400000|100%| S|CS|TAMS 0x0000000087300000, 0x0000000087300000| Complete 
|  70|0x0000000087400000, 0x0000000087500000, 0x0000000087500000|100%| S|CS|TAMS 0x0000000087400000, 0x0000000087400000| Complete 
|  71|0x0000000087500000, 0x0000000087600000, 0x0000000087600000|100%| S|CS|TAMS 0x0000000087500000, 0x0000000087500000| Complete 
|  72|0x0000000087600000, 0x0000000087700000, 0x0000000087700000|100%| S|CS|TAMS 0x0000000087600000, 0x0000000087600000| Complete 
|  73|0x0000000087700000, 0x0000000087800000, 0x0000000087800000|100%| S|CS|TAMS 0x0000000087700000, 0x0000000087700000| Complete 
|  74|0x0000000087800000, 0x0000000087900000, 0x0000000087900000|100%| S|CS|TAMS 0x0000000087800000, 0x0000000087800000| Complete 
|  75|0x0000000087900000, 0x0000000087a00000, 0x0000000087a00000|100%| S|CS|TAMS 0x0000000087900000, 0x0000000087900000| Complete 
|  76|0x0000000087a00000, 0x0000000087a00000, 0x0000000087b00000|  0%| F|  |TAMS 0x0000000087a00000, 0x0000000087a00000| Untracked 
|  77|0x0000000087b00000, 0x0000000087b00000, 0x0000000087c00000|  0%| F|  |TAMS 0x0000000087b00000, 0x0000000087b00000| Untracked 
|  78|0x0000000087c00000, 0x0000000087c00000, 0x0000000087d00000|  0%| F|  |TAMS 0x0000000087c00000, 0x0000000087c00000| Untracked 
|  79|0x0000000087d00000, 0x0000000087d00000, 0x0000000087e00000|  0%| F|  |TAMS 0x0000000087d00000, 0x0000000087d00000| Untracked 
|  80|0x0000000087e00000, 0x0000000087e00000, 0x0000000087f00000|  0%| F|  |TAMS 0x0000000087e00000, 0x0000000087e00000| Untracked 
|  81|0x0000000087f00000, 0x0000000087f00000, 0x0000000088000000|  0%| F|  |TAMS 0x0000000087f00000, 0x0000000087f00000| Untracked 
|  82|0x0000000088000000, 0x0000000088000000, 0x0000000088100000|  0%| F|  |TAMS 0x0000000088000000, 0x0000000088000000| Untracked 
|  83|0x0000000088100000, 0x0000000088100000, 0x0000000088200000|  0%| F|  |TAMS 0x0000000088100000, 0x0000000088100000| Untracked 
|  84|0x0000000088200000, 0x0000000088200000, 0x0000000088300000|  0%| F|  |TAMS 0x0000000088200000, 0x0000000088200000| Untracked 
|  85|0x0000000088300000, 0x0000000088300000, 0x0000000088400000|  0%| F|  |TAMS 0x0000000088300000, 0x0000000088300000| Untracked 
|  86|0x0000000088400000, 0x0000000088400000, 0x0000000088500000|  0%| F|  |TAMS 0x0000000088400000, 0x0000000088400000| Untracked 
|  87|0x0000000088500000, 0x0000000088500000, 0x0000000088600000|  0%| F|  |TAMS 0x0000000088500000, 0x0000000088500000| Untracked 
|  88|0x0000000088600000, 0x0000000088600000, 0x0000000088700000|  0%| F|  |TAMS 0x0000000088600000, 0x0000000088600000| Untracked 
|  89|0x0000000088700000, 0x0000000088700000, 0x0000000088800000|  0%| F|  |TAMS 0x0000000088700000, 0x0000000088700000| Untracked 
|  90|0x0000000088800000, 0x0000000088800000, 0x0000000088900000|  0%| F|  |TAMS 0x0000000088800000, 0x0000000088800000| Untracked 
|  91|0x0000000088900000, 0x0000000088900000, 0x0000000088a00000|  0%| F|  |TAMS 0x0000000088900000, 0x0000000088900000| Untracked 
|  92|0x0000000088a00000, 0x0000000088a00000, 0x0000000088b00000|  0%| F|  |TAMS 0x0000000088a00000, 0x0000000088a00000| Untracked 
|  93|0x0000000088b00000, 0x0000000088b00000, 0x0000000088c00000|  0%| F|  |TAMS 0x0000000088b00000, 0x0000000088b00000| Untracked 
|  94|0x0000000088c00000, 0x0000000088c00000, 0x0000000088d00000|  0%| F|  |TAMS 0x0000000088c00000, 0x0000000088c00000| Untracked 
|  95|0x0000000088d00000, 0x0000000088d00000, 0x0000000088e00000|  0%| F|  |TAMS 0x0000000088d00000, 0x0000000088d00000| Untracked 
|  96|0x0000000088e00000, 0x0000000088e00000, 0x0000000088f00000|  0%| F|  |TAMS 0x0000000088e00000, 0x0000000088e00000| Untracked 
|  97|0x0000000088f00000, 0x0000000088f00000, 0x0000000089000000|  0%| F|  |TAMS 0x0000000088f00000, 0x0000000088f00000| Untracked 
|  98|0x0000000089000000, 0x0000000089000000, 0x0000000089100000|  0%| F|  |TAMS 0x0000000089000000, 0x0000000089000000| Untracked 
|  99|0x0000000089100000, 0x0000000089100000, 0x0000000089200000|  0%| F|  |TAMS 0x0000000089100000, 0x0000000089100000| Untracked 
| 100|0x0000000089200000, 0x0000000089200000, 0x0000000089300000|  0%| F|  |TAMS 0x0000000089200000, 0x0000000089200000| Untracked 
| 101|0x0000000089300000, 0x0000000089300000, 0x0000000089400000|  0%| F|  |TAMS 0x0000000089300000, 0x0000000089300000| Untracked 
| 102|0x0000000089400000, 0x0000000089400000, 0x0000000089500000|  0%| F|  |TAMS 0x0000000089400000, 0x0000000089400000| Untracked 
| 103|0x0000000089500000, 0x0000000089500000, 0x0000000089600000|  0%| F|  |TAMS 0x0000000089500000, 0x0000000089500000| Untracked 
| 104|0x0000000089600000, 0x0000000089600000, 0x0000000089700000|  0%| F|  |TAMS 0x0000000089600000, 0x0000000089600000| Untracked 
| 105|0x0000000089700000, 0x0000000089700000, 0x0000000089800000|  0%| F|  |TAMS 0x0000000089700000, 0x0000000089700000| Untracked 
| 106|0x0000000089800000, 0x0000000089800000, 0x0000000089900000|  0%| F|  |TAMS 0x0000000089800000, 0x0000000089800000| Untracked 
| 107|0x0000000089900000, 0x0000000089900000, 0x0000000089a00000|  0%| F|  |TAMS 0x0000000089900000, 0x0000000089900000| Untracked 
| 108|0x0000000089a00000, 0x0000000089a00000, 0x0000000089b00000|  0%| F|  |TAMS 0x0000000089a00000, 0x0000000089a00000| Untracked 
| 109|0x0000000089b00000, 0x0000000089b00000, 0x0000000089c00000|  0%| F|  |TAMS 0x0000000089b00000, 0x0000000089b00000| Untracked 
| 110|0x0000000089c00000, 0x0000000089c00000, 0x0000000089d00000|  0%| F|  |TAMS 0x0000000089c00000, 0x0000000089c00000| Untracked 
| 111|0x0000000089d00000, 0x0000000089d00000, 0x0000000089e00000|  0%| F|  |TAMS 0x0000000089d00000, 0x0000000089d00000| Untracked 
| 112|0x0000000089e00000, 0x0000000089e00000, 0x0000000089f00000|  0%| F|  |TAMS 0x0000000089e00000, 0x0000000089e00000| Untracked 
| 113|0x0000000089f00000, 0x0000000089f00000, 0x000000008a000000|  0%| F|  |TAMS 0x0000000089f00000, 0x0000000089f00000| Untracked 
| 114|0x000000008a000000, 0x000000008a000000, 0x000000008a100000|  0%| F|  |TAMS 0x000000008a000000, 0x000000008a000000| Untracked 
| 115|0x000000008a100000, 0x000000008a100000, 0x000000008a200000|  0%| F|  |TAMS 0x000000008a100000, 0x000000008a100000| Untracked 
| 116|0x000000008a200000, 0x000000008a200000, 0x000000008a300000|  0%| F|  |TAMS 0x000000008a200000, 0x000000008a200000| Untracked 
| 117|0x000000008a300000, 0x000000008a300000, 0x000000008a400000|  0%| F|  |TAMS 0x000000008a300000, 0x000000008a300000| Untracked 
| 118|0x000000008a400000, 0x000000008a400000, 0x000000008a500000|  0%| F|  |TAMS 0x000000008a400000, 0x000000008a400000| Untracked 
| 119|0x000000008a500000, 0x000000008a500000, 0x000000008a600000|  0%| F|  |TAMS 0x000000008a500000, 0x000000008a500000| Untracked 
| 120|0x000000008a600000, 0x000000008a600000, 0x000000008a700000|  0%| F|  |TAMS 0x000000008a600000, 0x000000008a600000| Untracked 
| 121|0x000000008a700000, 0x000000008a700000, 0x000000008a800000|  0%| F|  |TAMS 0x000000008a700000, 0x000000008a700000| Untracked 
| 122|0x000000008a800000, 0x000000008a800000, 0x000000008a900000|  0%| F|  |TAMS 0x000000008a800000, 0x000000008a800000| Untracked 
| 123|0x000000008a900000, 0x000000008a900000, 0x000000008aa00000|  0%| F|  |TAMS 0x000000008a900000, 0x000000008a900000| Untracked 
| 124|0x000000008aa00000, 0x000000008aa00000, 0x000000008ab00000|  0%| F|  |TAMS 0x000000008aa00000, 0x000000008aa00000| Untracked 
| 125|0x000000008ab00000, 0x000000008ab00000, 0x000000008ac00000|  0%| F|  |TAMS 0x000000008ab00000, 0x000000008ab00000| Untracked 

Card table byte_map: [0x000001fc287c0000,0x000001fc28bb0000] _byte_map_base: 0x000001fc283a9000

Marking Bits (Prev, Next): (CMBitMap*) 0x000001fc1576eb38, (CMBitMap*) 0x000001fc1576eb70
 Prev Bits: [0x000001fc28fa0000, 0x000001fc2aee8000)
 Next Bits: [0x000001fc2aef0000, 0x000001fc2ce38000)

Polling page: 0x000001fc13660000

Metaspace:

Usage:
  Non-class:     39.02 MB capacity,    38.76 MB (>99%) used,   202.18 KB ( <1%) free+waste,    63.69 KB ( <1%) overhead. 
      Class:      5.35 MB capacity,     5.17 MB ( 97%) used,   152.97 KB (  3%) free+waste,    26.81 KB ( <1%) overhead. 
       Both:     44.36 MB capacity,    43.93 MB (>99%) used,   355.15 KB ( <1%) free+waste,    90.50 KB ( <1%) overhead. 

Virtual space:
  Non-class space:       40.00 MB reserved,      39.25 MB ( 98%) committed 
      Class space:        1.00 GB reserved,       5.38 MB ( <1%) committed 
             Both:        1.04 GB reserved,      44.63 MB (  4%) committed 

Chunk freelists:
   Non-Class:  45.00 KB
       Class:  30.00 KB
        Both:  75.00 KB

MaxMetaspaceSize: 17179869184.00 GB
CompressedClassSpaceSize: 1.00 GB

CodeHeap 'non-profiled nmethods': size=120000Kb used=1449Kb max_used=1449Kb free=118550Kb
 bounds [0x000001fc20b70000, 0x000001fc20de0000, 0x000001fc280a0000]
CodeHeap 'profiled nmethods': size=120000Kb used=7203Kb max_used=7203Kb free=112796Kb
 bounds [0x000001fc19640000, 0x000001fc19d50000, 0x000001fc20b70000]
CodeHeap 'non-nmethods': size=5760Kb used=1178Kb max_used=1229Kb free=4581Kb
 bounds [0x000001fc190a0000, 0x000001fc19310000, 0x000001fc19640000]
 total_blobs=4012 nmethods=3482 adapters=441
 compilation: enabled
              stopped_count=0, restarted_count=0
 full_count=0

Compilation events (20 events):
Event: 2.649 Thread 0x000001fc3011e000 nmethod 3487 0x000001fc19d2e390 code [0x000001fc19d2eb80, 0x000001fc19d33358]
Event: 2.649 Thread 0x000001fc3011e000 3496       3       org.jetbrains.kotlin.load.java.structure.impl.classFiles.BinaryJavaMethodBase$Companion::parseMethodDescription (163 bytes)
Event: 2.651 Thread 0x000001fc3011e000 nmethod 3496 0x000001fc19d35290 code [0x000001fc19d35800, 0x000001fc19d37d18]
Event: 2.651 Thread 0x000001fc3011e000 3486       3       org.jetbrains.kotlin.load.java.structure.impl.classFiles.BinaryJavaClass::visitMethod (231 bytes)
Event: 2.653 Thread 0x000001fc3011e000 nmethod 3486 0x000001fc19d38f90 code [0x000001fc19d39520, 0x000001fc19d3c3d8]
Event: 2.653 Thread 0x000001fc3011e000 3501       1       org.jetbrains.kotlin.load.java.structure.impl.classFiles.PlainJavaPrimitiveType::getType (5 bytes)
Event: 2.654 Thread 0x000001fc3011e000 nmethod 3501 0x000001fc20cd9f10 code [0x000001fc20cda0c0, 0x000001fc20cda178]
Event: 2.654 Thread 0x000001fc3011e000 3500       1       org.jetbrains.kotlin.load.java.structure.impl.classFiles.BinaryJavaClass::getFields (5 bytes)
Event: 2.654 Thread 0x000001fc3011e000 nmethod 3500 0x000001fc20cda210 code [0x000001fc20cda3c0, 0x000001fc20cda478]
Event: 2.654 Thread 0x000001fc3011e000 3488       3       org.jetbrains.kotlin.load.java.structure.impl.classFiles.BinaryJavaMethodBase$Companion$MethodInfo::<init> (38 bytes)
Event: 2.655 Thread 0x000001fc3011e000 nmethod 3488 0x000001fc19d3d410 code [0x000001fc19d3d740, 0x000001fc19d3e758]
Event: 2.655 Thread 0x000001fc3011e000 3489       3       org.jetbrains.kotlin.load.java.structure.impl.classFiles.BinaryJavaMethodBase::<init> (83 bytes)
Event: 2.656 Thread 0x000001fc3011e000 nmethod 3489 0x000001fc19d3ed10 code [0x000001fc19d3f140, 0x000001fc19d40d88]
Event: 2.656 Thread 0x000001fc3011e000 3505       3       org.jetbrains.org.objectweb.asm.ClassReader::readField (667 bytes)
Event: 2.659 Thread 0x000001fc3011e000 nmethod 3505 0x000001fc19d41790 code [0x000001fc19d41d40, 0x000001fc19d45178]
Event: 2.659 Thread 0x000001fc3011e000 3507       3       org.jetbrains.org.objectweb.asm.Type::getReturnTypeOffset (64 bytes)
Event: 2.660 Thread 0x000001fc3011e000 nmethod 3507 0x000001fc19d46b10 code [0x000001fc19d46e40, 0x000001fc19d48218]
Event: 2.660 Thread 0x000001fc3011e000 3495       3       org.jetbrains.org.objectweb.asm.MethodVisitor::visitEnd (15 bytes)
Event: 2.660 Thread 0x000001fc3011e000 nmethod 3495 0x000001fc19d48990 code [0x000001fc19d48b40, 0x000001fc19d48d28]
Event: 2.660 Thread 0x000001fc3011e000 3490       3       org.jetbrains.kotlin.load.java.structure.impl.classFiles.AnnotationsAndParameterCollectorMethodVisitor::<init> (100 bytes)

GC Heap History (9 events):
Event: 0.423 GC heap before
{Heap before GC invocations=0 (full 0):
 garbage-first heap   total 129024K, used 27648K [0x0000000082e00000, 0x0000000100000000)
  region size 1024K, 24 young (24576K), 0 survivors (0K)
 Metaspace       used 12342K, capacity 12405K, committed 12544K, reserved 1060864K
  class space    used 1157K, capacity 1174K, committed 1280K, reserved 1048576K
}
Event: 0.426 GC heap after
{Heap after GC invocations=1 (full 0):
 garbage-first heap   total 129024K, used 5637K [0x0000000082e00000, 0x0000000100000000)
  region size 1024K, 3 young (3072K), 3 survivors (3072K)
 Metaspace       used 12342K, capacity 12405K, committed 12544K, reserved 1060864K
  class space    used 1157K, capacity 1174K, committed 1280K, reserved 1048576K
}
Event: 0.864 GC heap before
{Heap before GC invocations=1 (full 0):
 garbage-first heap   total 129024K, used 41477K [0x0000000082e00000, 0x0000000100000000)
  region size 1024K, 39 young (39936K), 3 survivors (3072K)
 Metaspace       used 20974K, capacity 21157K, committed 21248K, reserved 1069056K
  class space    used 2220K, capacity 2284K, committed 2304K, reserved 1048576K
}
Event: 0.873 GC heap after
{Heap after GC invocations=2 (full 0):
 garbage-first heap   total 129024K, used 9431K [0x0000000082e00000, 0x0000000100000000)
  region size 1024K, 7 young (7168K), 7 survivors (7168K)
 Metaspace       used 20974K, capacity 21157K, committed 21248K, reserved 1069056K
  class space    used 2220K, capacity 2284K, committed 2304K, reserved 1048576K
}
Event: 1.664 GC heap before
{Heap before GC invocations=3 (full 0):
 garbage-first heap   total 129024K, used 72919K [0x0000000082e00000, 0x0000000100000000)
  region size 1024K, 57 young (58368K), 7 survivors (7168K)
 Metaspace       used 30690K, capacity 31141K, committed 31232K, reserved 1077248K
  class space    used 3630K, capacity 3792K, committed 3840K, reserved 1048576K
}
Event: 1.685 GC heap after
{Heap after GC invocations=4 (full 0):
 garbage-first heap   total 129024K, used 23646K [0x0000000082e00000, 0x0000000100000000)
  region size 1024K, 8 young (8192K), 8 survivors (8192K)
 Metaspace       used 30690K, capacity 31141K, committed 31232K, reserved 1077248K
  class space    used 3630K, capacity 3792K, committed 3840K, reserved 1048576K
}
Event: 1.987 GC heap before
{Heap before GC invocations=4 (full 0):
 garbage-first heap   total 129024K, used 45150K [0x0000000082e00000, 0x0000000100000000)
  region size 1024K, 30 young (30720K), 8 survivors (8192K)
 Metaspace       used 35119K, capacity 35498K, committed 35584K, reserved 1081344K
  class space    used 4111K, capacity 4283K, committed 4352K, reserved 1048576K
}
Event: 2.001 GC heap after
{Heap after GC invocations=5 (full 0):
 garbage-first heap   total 129024K, used 24667K [0x0000000082e00000, 0x0000000100000000)
  region size 1024K, 3 young (3072K), 3 survivors (3072K)
 Metaspace       used 35119K, capacity 35498K, committed 35584K, reserved 1081344K
  class space    used 4111K, capacity 4283K, committed 4352K, reserved 1048576K
}
Event: 2.660 GC heap before
{Heap before GC invocations=6 (full 0):
 garbage-first heap   total 129024K, used 74843K [0x0000000082e00000, 0x0000000100000000)
  region size 1024K, 50 young (51200K), 3 survivors (3072K)
 Metaspace       used 44983K, capacity 45429K, committed 45696K, reserved 1089536K
  class space    used 5294K, capacity 5474K, committed 5504K, reserved 1048576K
}

Deoptimization events (20 events):
Event: 2.482 Thread 0x000001fc1572c800 DEOPT PACKING pc=0x000001fc20c6c754 sp=0x0000004b85ffca80
Event: 2.482 Thread 0x000001fc1572c800 DEOPT UNPACKING pc=0x000001fc190c74af sp=0x0000004b85ffca18 mode 2
Event: 2.512 Thread 0x000001fc1572c800 Uncommon trap: trap_request=0xffffffc6 fr.pc=0x000001fc20c6c754 relative=0x0000000000000094
Event: 2.512 Thread 0x000001fc1572c800 Uncommon trap: reason=bimorphic_or_optimized_type_check action=maybe_recompile pc=0x000001fc20c6c754 method=java.util.AbstractList$Itr.hasNext()Z @ 8 c2
Event: 2.512 Thread 0x000001fc1572c800 DEOPT PACKING pc=0x000001fc20c6c754 sp=0x0000004b85ffc6a0
Event: 2.512 Thread 0x000001fc1572c800 DEOPT UNPACKING pc=0x000001fc190c74af sp=0x0000004b85ffc638 mode 2
Event: 2.512 Thread 0x000001fc1572c800 Uncommon trap: trap_request=0xffffffc6 fr.pc=0x000001fc20c6c754 relative=0x0000000000000094
Event: 2.512 Thread 0x000001fc1572c800 Uncommon trap: reason=bimorphic_or_optimized_type_check action=maybe_recompile pc=0x000001fc20c6c754 method=java.util.AbstractList$Itr.hasNext()Z @ 8 c2
Event: 2.512 Thread 0x000001fc1572c800 DEOPT PACKING pc=0x000001fc20c6c754 sp=0x0000004b85ffc6a0
Event: 2.512 Thread 0x000001fc1572c800 DEOPT UNPACKING pc=0x000001fc190c74af sp=0x0000004b85ffc638 mode 2
Event: 2.561 Thread 0x000001fc1572c800 Uncommon trap: trap_request=0xffffffc6 fr.pc=0x000001fc20c6c754 relative=0x0000000000000094
Event: 2.561 Thread 0x000001fc1572c800 Uncommon trap: reason=bimorphic_or_optimized_type_check action=maybe_recompile pc=0x000001fc20c6c754 method=java.util.AbstractList$Itr.hasNext()Z @ 8 c2
Event: 2.561 Thread 0x000001fc1572c800 DEOPT PACKING pc=0x000001fc20c6c754 sp=0x0000004b85ffb690
Event: 2.561 Thread 0x000001fc1572c800 DEOPT UNPACKING pc=0x000001fc190c74af sp=0x0000004b85ffb628 mode 2
Event: 2.577 Thread 0x000001fc1572c800 DEOPT PACKING pc=0x000001fc19c5c57f sp=0x0000004b85ffbb30
Event: 2.577 Thread 0x000001fc1572c800 DEOPT UNPACKING pc=0x000001fc190c72ce sp=0x0000004b85ffaf80 mode 0
Event: 2.603 Thread 0x000001fc1572c800 Uncommon trap: trap_request=0xffffff4d fr.pc=0x000001fc20cd5080 relative=0x00000000000000c0
Event: 2.603 Thread 0x000001fc1572c800 Uncommon trap: reason=unstable_if action=reinterpret pc=0x000001fc20cd5080 method=java.text.StringCharacterIterator.current()C @ 19 c2
Event: 2.603 Thread 0x000001fc1572c800 DEOPT PACKING pc=0x000001fc20cd5080 sp=0x0000004b85ffbea0
Event: 2.603 Thread 0x000001fc1572c800 DEOPT UNPACKING pc=0x000001fc190c74af sp=0x0000004b85ffbe38 mode 2

Classes redefined (0 events):
No events

Internal exceptions (20 events):
Event: 0.806 Thread 0x000001fc1572c800 Exception <a 'java/lang/NoSuchMethodError'{0x0000000088a70a10}: 'long java.lang.invoke.DirectMethodHandle$Holder.invokeStaticInit(java.lang.Object)'> (0x0000000088a70a10) thrown at [./src/hotspot/share/interpreter/linkResolver.cpp, line 773]
Event: 0.842 Thread 0x000001fc1572c800 Exception <a 'java/lang/NoSuchMethodError'{0x00000000887dfcf8}: 'int java.lang.invoke.DirectMethodHandle$Holder.invokeStaticInit(java.lang.Object, java.lang.Object, java.lang.Object)'> (0x00000000887dfcf8) thrown at [./src/hotspot/share/interpreter/linkResolver.cpp, line 773]
Event: 0.844 Thread 0x000001fc1572c800 Exception <a 'java/lang/NoSuchMethodError'{0x000000008860bbe0}: 'int java.lang.invoke.DirectMethodHandle$Holder.invokeStaticInit(java.lang.Object, java.lang.Object)'> (0x000000008860bbe0) thrown at [./src/hotspot/share/interpreter/linkResolver.cpp, line 773]
Event: 1.021 Thread 0x000001fc1572c800 Exception <a 'java/lang/NoSuchMethodError'{0x000000008a341528}: 'java.lang.Object java.lang.invoke.DirectMethodHandle$Holder.invokeStatic(java.lang.Object, java.lang.Object, java.lang.Object, java.lang.Object, java.lang.Object, java.lang.Object, java.lang.Object, java.lang.Object, java.lang.Object, java.lang.Object, java.lang.Object, java.lang.Object, java.lang.Object, java.lang.Object, java.lang.Object)'> (0x000000008a341528) thrown at [./src/hotspot/share/interpreter/linkResolver.cpp, line 773]
Event: 1.023 Thread 0x000001fc1572c800 Exception <a 'java/lang/NoSuchMethodError'{0x000000008a34f900}: 'java.lang.Object java.lang.invoke.DirectMethodHandle$Holder.invokeStatic(java.lang.Object, java.lang.Object, java.lang.Object, java.lang.Object, java.lang.Object, java.lang.Object, java.lang.Object, java.lang.Object, java.lang.Object, java.lang.Object, java.lang.Object, java.lang.Object, java.lang.Object, java.lang.Object, java.lang.Object, java.lang.Object)'> (0x000000008a34f900) thrown at [./src/hotspot/share/interpreter/linkResolver.cpp, l
Event: 1.023 Thread 0x000001fc1572c800 Exception <a 'java/lang/NoSuchMethodError'{0x000000008a35d818}: 'java.lang.Object java.lang.invoke.DirectMethodHandle$Holder.invokeSpecial(java.lang.Object, java.lang.Object, int, int, java.lang.Object, java.lang.Object, java.lang.Object)'> (0x000000008a35d818) thrown at [./src/hotspot/share/interpreter/linkResolver.cpp, line 773]
Event: 1.023 Thread 0x000001fc1572c800 Exception <a 'java/lang/NoSuchMethodError'{0x000000008a361050}: 'java.lang.Object java.lang.invoke.DelegatingMethodHandle$Holder.reinvoke_L(java.lang.Object, int, int, java.lang.Object, java.lang.Object, java.lang.Object)'> (0x000000008a361050) thrown at [./src/hotspot/share/interpreter/linkResolver.cpp, line 773]
Event: 1.024 Thread 0x000001fc1572c800 Exception <a 'java/lang/NoSuchMethodError'{0x000000008a3653d8}: 'java.lang.Object java.lang.invoke.DirectMethodHandle$Holder.invokeStatic(java.lang.Object, java.lang.Object, java.lang.Object, java.lang.Object, int)'> (0x000000008a3653d8) thrown at [./src/hotspot/share/interpreter/linkResolver.cpp, line 773]
Event: 1.060 Thread 0x000001fc1572c800 Implicit null exception at 0x000001fc20bf99ac to 0x000001fc20bf9b5a
Event: 1.096 Thread 0x000001fc1572c800 Exception <a 'java/lang/NoSuchMethodError'{0x0000000089ecfc98}: 'void java.lang.invoke.DirectMethodHandle$Holder.invokeStatic(java.lang.Object, java.lang.Object, java.lang.Object, java.lang.Object)'> (0x0000000089ecfc98) thrown at [./src/hotspot/share/interpreter/linkResolver.cpp, line 773]
Event: 1.111 Thread 0x000001fc1572c800 Exception <a 'java/lang/NoSuchMethodError'{0x0000000089c20288}: 'void java.lang.invoke.DirectMethodHandle$Holder.invokeSpecial(java.lang.Object, java.lang.Object)'> (0x0000000089c20288) thrown at [./src/hotspot/share/interpreter/linkResolver.cpp, line 773]
Event: 1.142 Thread 0x000001fc1572c800 Exception <a 'java/lang/NoSuchMethodError'{0x0000000089ac7688}: 'void java.lang.invoke.DirectMethodHandle$Holder.invokeStaticInit(java.lang.Object, java.lang.Object)'> (0x0000000089ac7688) thrown at [./src/hotspot/share/interpreter/linkResolver.cpp, line 773]
Event: 1.149 Thread 0x000001fc1572c800 Exception <a 'java/lang/NoSuchMethodError'{0x0000000089906290}: 'void java.lang.invoke.DirectMethodHandle$Holder.invokeInterface(java.lang.Object, java.lang.Object)'> (0x0000000089906290) thrown at [./src/hotspot/share/interpreter/linkResolver.cpp, line 773]
Event: 1.203 Thread 0x000001fc1572c800 Exception <a 'java/lang/NoSuchMethodError'{0x0000000089513c98}: 'void java.lang.invoke.DirectMethodHandle$Holder.invokeVirtual(java.lang.Object, java.lang.Object)'> (0x0000000089513c98) thrown at [./src/hotspot/share/interpreter/linkResolver.cpp, line 773]
Event: 1.211 Thread 0x000001fc1572c800 Exception <a 'java/lang/NoSuchMethodError'{0x000000008958b020}: 'int java.lang.invoke.DirectMethodHandle$Holder.invokeVirtual(java.lang.Object, java.lang.Object)'> (0x000000008958b020) thrown at [./src/hotspot/share/interpreter/linkResolver.cpp, line 773]
Event: 1.819 Thread 0x000001fc1572c800 Exception <a 'java/lang/NoSuchMethodError'{0x000000008a212e90}: 'java.lang.Object java.lang.invoke.DirectMethodHandle$Holder.invokeVirtual(java.lang.Object, java.lang.Object, java.lang.Object)'> (0x000000008a212e90) thrown at [./src/hotspot/share/interpreter/linkResolver.cpp, line 773]
Event: 2.299 Thread 0x000001fc1572c800 Exception <a 'java/lang/NoSuchMethodError'{0x0000000088fd2c00}: 'java.lang.Object java.lang.invoke.Invokers$Holder.linkToTargetMethod(java.lang.Object, int, java.lang.Object)'> (0x0000000088fd2c00) thrown at [./src/hotspot/share/interpreter/linkResolver.cpp, line 773]
Event: 2.378 Thread 0x000001fc1572c800 Exception <a 'java/lang/NoSuchMethodError'{0x0000000088b399e0}: 'java.lang.Object java.lang.invoke.DirectMethodHandle$Holder.invokeStatic(java.lang.Object, java.lang.Object, java.lang.Object, int)'> (0x0000000088b399e0) thrown at [./src/hotspot/share/interpreter/linkResolver.cpp, line 773]
Event: 2.378 Thread 0x000001fc1572c800 Exception <a 'java/lang/NoSuchMethodError'{0x0000000088b3d650}: 'java.lang.Object java.lang.invoke.DirectMethodHandle$Holder.invokeSpecial(java.lang.Object, java.lang.Object, java.lang.Object, java.lang.Object, int)'> (0x0000000088b3d650) thrown at [./src/hotspot/share/interpreter/linkResolver.cpp, line 773]
Event: 2.378 Thread 0x000001fc1572c800 Exception <a 'java/lang/NoSuchMethodError'{0x0000000088b40960}: 'java.lang.Object java.lang.invoke.Invokers$Holder.linkToTargetMethod(java.lang.Object, java.lang.Object, int, java.lang.Object)'> (0x0000000088b40960) thrown at [./src/hotspot/share/interpreter/linkResolver.cpp, line 773]

Events (20 events):
Event: 2.602 loading class org/jetbrains/kotlin/load/java/structure/impl/classFiles/BinaryClassSignatureParser$JavaSignatureVariance done
Event: 2.603 loading class org/jetbrains/kotlin/load/java/structure/impl/classFiles/PlainJavaWildcardType
Event: 2.603 loading class org/jetbrains/kotlin/load/java/structure/impl/classFiles/PlainJavaWildcardType done
Event: 2.604 loading class org/jetbrains/kotlin/load/java/structure/JavaWildcardType
Event: 2.604 loading class org/jetbrains/kotlin/load/java/structure/JavaWildcardType done
Event: 2.607 loading class gnu/trove/THashMap$KeyView
Event: 2.607 loading class gnu/trove/THashMap$KeyView done
Event: 2.621 loading class javaslang/control/Option$None
Event: 2.621 loading class javaslang/control/Option$None done
Event: 2.631 loading class org/jetbrains/kotlin/utils/SmartList$SingletonIterator
Event: 2.631 loading class org/jetbrains/kotlin/utils/SmartList$SingletonIterator done
Event: 2.631 loading class org/jetbrains/kotlin/utils/SmartList$SingletonIteratorBase
Event: 2.631 loading class org/jetbrains/kotlin/utils/SmartList$SingletonIteratorBase done
Event: 2.636 loading class org/jetbrains/kotlin/load/java/structure/impl/classFiles/BinaryJavaClass$WhenMappings
Event: 2.636 loading class org/jetbrains/kotlin/load/java/structure/impl/classFiles/BinaryJavaClass$WhenMappings done
Event: 2.656 loading class org/jetbrains/kotlin/load/java/structure/impl/classFiles/PlainJavaAnnotationAsAnnotationArgument
Event: 2.656 loading class org/jetbrains/kotlin/load/java/structure/impl/classFiles/PlainJavaAnnotationAsAnnotationArgument done
Event: 2.657 loading class org/jetbrains/kotlin/load/java/structure/JavaAnnotationAsAnnotationArgument
Event: 2.657 loading class org/jetbrains/kotlin/load/java/structure/JavaAnnotationAsAnnotationArgument done
Event: 2.660 Executing VM operation: G1CollectForAllocation


Dynamic libraries:
0x00007ff7d1c40000 - 0x00007ff7d1c4a000 	D:\Android Studio\jre\bin\java.exe
0x00007ffada6b0000 - 0x00007ffada8a5000 	C:\WINDOWS\SYSTEM32\ntdll.dll
0x00007ffad8fe0000 - 0x00007ffad909d000 	C:\WINDOWS\System32\KERNEL32.DLL
0x00007ffad8270000 - 0x00007ffad8538000 	C:\WINDOWS\System32\KERNELBASE.dll
0x00007ffad50a0000 - 0x00007ffad5130000 	C:\WINDOWS\SYSTEM32\apphelp.dll
0x00007ffad8120000 - 0x00007ffad8220000 	C:\WINDOWS\System32\ucrtbase.dll
0x00007ffad1760000 - 0x00007ffad1779000 	D:\Android Studio\jre\bin\jli.dll
0x00007ffacfb70000 - 0x00007ffacfb87000 	D:\Android Studio\jre\bin\VCRUNTIME140.dll
0x00007ffada220000 - 0x00007ffada3c0000 	C:\WINDOWS\System32\USER32.dll
0x00007ffad7fb0000 - 0x00007ffad7fd2000 	C:\WINDOWS\System32\win32u.dll
0x00007ffac2dd0000 - 0x00007ffac306a000 	C:\WINDOWS\WinSxS\amd64_microsoft.windows.common-controls_6595b64144ccf1df_6.0.19041.844_none_ca00b6081b84eb1d\COMCTL32.dll
0x00007ffad8710000 - 0x00007ffad873a000 	C:\WINDOWS\System32\GDI32.dll
0x00007ffad9150000 - 0x00007ffad91ee000 	C:\WINDOWS\System32\msvcrt.dll
0x00007ffad8010000 - 0x00007ffad811b000 	C:\WINDOWS\System32\gdi32full.dll
0x00007ffad8670000 - 0x00007ffad870d000 	C:\WINDOWS\System32\msvcp_win.dll
0x00007ffada3c0000 - 0x00007ffada3f0000 	C:\WINDOWS\System32\IMM32.DLL
0x00007ffab2230000 - 0x00007ffab22cd000 	D:\Android Studio\jre\bin\msvcp140.dll
0x00007ffa9c820000 - 0x00007ffa9d2dc000 	D:\Android Studio\jre\bin\server\jvm.dll
0x00007ffad8f30000 - 0x00007ffad8fdc000 	C:\WINDOWS\System32\ADVAPI32.dll
0x00007ffad9960000 - 0x00007ffad99fb000 	C:\WINDOWS\System32\sechost.dll
0x00007ffad97d0000 - 0x00007ffad98fb000 	C:\WINDOWS\System32\RPCRT4.dll
0x00007ffad8ec0000 - 0x00007ffad8ec8000 	C:\WINDOWS\System32\PSAPI.DLL
0x00007ffacb180000 - 0x00007ffacb18a000 	C:\WINDOWS\SYSTEM32\VERSION.dll
0x00007ffac67f0000 - 0x00007ffac6817000 	C:\WINDOWS\SYSTEM32\WINMM.dll
0x00007ffad1ce0000 - 0x00007ffad1ce9000 	C:\WINDOWS\SYSTEM32\WSOCK32.dll
0x00007ffada3f0000 - 0x00007ffada45b000 	C:\WINDOWS\System32\WS2_32.dll
0x00007ffad6680000 - 0x00007ffad6692000 	C:\WINDOWS\SYSTEM32\kernel.appcore.dll
0x00007ffad1870000 - 0x00007ffad1881000 	D:\Android Studio\jre\bin\verify.dll
0x00007ffad5c10000 - 0x00007ffad5df4000 	C:\WINDOWS\SYSTEM32\DBGHELP.DLL
0x00007ffabf990000 - 0x00007ffabf9bc000 	C:\WINDOWS\SYSTEM32\dbgcore.DLL
0x00007ffad85f0000 - 0x00007ffad8670000 	C:\WINDOWS\System32\bcryptPrimitives.dll
0x00007ffad15c0000 - 0x00007ffad15e9000 	D:\Android Studio\jre\bin\java.dll
0x00007ffad4f70000 - 0x00007ffad4f7b000 	D:\Android Studio\jre\bin\jimage.dll
0x00007ffad1830000 - 0x00007ffad1848000 	D:\Android Studio\jre\bin\zip.dll
0x00007ffad9ab0000 - 0x00007ffada1f2000 	C:\WINDOWS\System32\SHELL32.dll
0x00007ffad5e00000 - 0x00007ffad6590000 	C:\WINDOWS\SYSTEM32\windows.storage.dll
0x00007ffad8870000 - 0x00007ffad8bc5000 	C:\WINDOWS\System32\combase.dll
0x00007ffad7720000 - 0x00007ffad774c000 	C:\WINDOWS\SYSTEM32\Wldp.dll
0x00007ffad90a0000 - 0x00007ffad914e000 	C:\WINDOWS\System32\SHCORE.dll
0x00007ffada610000 - 0x00007ffada665000 	C:\WINDOWS\System32\shlwapi.dll
0x00007ffad7d30000 - 0x00007ffad7d4f000 	C:\WINDOWS\SYSTEM32\profapi.dll
0x00007ffad16d0000 - 0x00007ffad16ea000 	D:\Android Studio\jre\bin\net.dll
0x00007ffacf720000 - 0x00007ffacf82b000 	C:\WINDOWS\SYSTEM32\WINHTTP.dll
0x00007ffad74a0000 - 0x00007ffad750a000 	C:\WINDOWS\system32\mswsock.dll
0x00007ffad1560000 - 0x00007ffad1574000 	D:\Android Studio\jre\bin\nio.dll

dbghelp: loaded successfully - version: 4.0.5 - missing functions: none
symbol engine: initialized successfully - sym options: 0x614 - pdb path: .;D:\Android Studio\jre\bin;C:\WINDOWS\SYSTEM32;C:\WINDOWS\WinSxS\amd64_microsoft.windows.common-controls_6595b64144ccf1df_6.0.19041.844_none_ca00b6081b84eb1d;D:\Android Studio\jre\bin\server

VM Arguments:
java_command: org.jetbrains.kotlin.cli.jvm.K2JVMCompiler @E:\Mani Projekti\todo\app\build\20210525_12665509894621397903.compiler.options
java_class_path (initial): C:\Users\Kristers Tih\.gradle\caches\modules-2\files-2.1\org.jetbrains.kotlin\kotlin-compiler-embeddable\1.5.10\9c35134a025cab7a1e6eee0d87d241c2f30c1218\kotlin-compiler-embeddable-1.5.10.jar;C:\Users\Kristers Tih\.gradle\caches\modules-2\files-2.1\org.jetbrains.kotlin\kotlin-reflect\1.5.10\d6c70f3c0df2457ea0095c61c1fc1188017dc3bc\kotlin-reflect-1.5.10.jar;C:\Users\Kristers Tih\.gradle\caches\modules-2\files-2.1\org.jetbrains.kotlin\kotlin-stdlib\1.5.10\da6a904b132f0402fa4d79169a3c1770598d4702\kotlin-stdlib-1.5.10.jar;C:\Users\Kristers Tih\.gradle\caches\modules-2\files-2.1\org.jetbrains.kotlin\kotlin-script-runtime\1.5.10\69bad0ece91b0797055aeadbd44dc742c458398b\kotlin-script-runtime-1.5.10.jar;C:\Users\Kristers Tih\.gradle\caches\modules-2\files-2.1\org.jetbrains.kotlin\kotlin-daemon-embeddable\1.5.10\d06ad33b62b041dae0609f830c3b48135d53b8bc\kotlin-daemon-embeddable-1.5.10.jar;C:\Users\Kristers Tih\.gradle\caches\modules-2\files-2.1\org.jetbrains.intellij.deps\trove4j\1.0.20181211\216c2e14b070f334479d800987affe4054cd563f\trove4j-1.0.20181211.jar;C:\Users\Kristers Tih\.gradle\caches\modules-2\files-2.1\org.jetbrains\annotations\13.0\919f0dfe192fb4e063e7dacadee7f8bb9a2672a9\annotations-13.0.jar;C:\Users\Kristers Tih\.gradle\caches\modules-2\files-2.1\org.jetbrains.kotlin\kotlin-stdlib-common\1.5.10\6b84d926e28493be69daf673e40076f89492ef7\kotlin-stdlib-common-1.5.10.jar
Launcher Type: SUN_STANDARD

[Global flags]
     intx CICompilerCount                          = 4                                         {product} {ergonomic}
     uint ConcGCThreads                            = 2                                         {product} {ergonomic}
     uint G1ConcRefinementThreads                  = 8                                         {product} {ergonomic}
   size_t G1HeapRegionSize                         = 1048576                                   {product} {ergonomic}
    uintx GCDrainStackTargetSize                   = 64                                        {product} {ergonomic}
   size_t InitialHeapSize                          = 132120576                                 {product} {ergonomic}
   size_t MarkStackSize                            = 4194304                                   {product} {ergonomic}
   size_t MaxHeapSize                              = 2099249152                                {product} {ergonomic}
   size_t MaxNewSize                               = 1259339776                                {product} {ergonomic}
   size_t MinHeapDeltaBytes                        = 1048576                                   {product} {ergonomic}
    uintx NonNMethodCodeHeapSize                   = 5836300                                {pd product} {ergonomic}
    uintx NonProfiledCodeHeapSize                  = 122910970                              {pd product} {ergonomic}
    uintx ProfiledCodeHeapSize                     = 122910970                              {pd product} {ergonomic}
    uintx ReservedCodeCacheSize                    = 251658240                              {pd product} {ergonomic}
     bool SegmentedCodeCache                       = true                                      {product} {ergonomic}
     bool UseCompressedClassPointers               = true                                 {lp64_product} {ergonomic}
     bool UseCompressedOops                        = true                                 {lp64_product} {ergonomic}
     bool UseG1GC                                  = true                                      {product} {ergonomic}
     bool UseLargePagesIndividualAllocation        = false                                  {pd product} {ergonomic}

Logging:
Log output configuration:
 #0: stdout all=warning uptime,level,tags
 #1: stderr all=off uptime,level,tags

Environment Variables:
JAVA_HOME=D:\Programmas\Corretto\jdk11.0.9_12
PATH=D:\Programmas\Corretto\jdk11.0.9_12\bin;C:\WINDOWS\system32;C:\WINDOWS;C:\WINDOWS\System32\Wbem;C:\WINDOWS\System32\WindowsPowerShell\v1.0\;C:\WINDOWS\System32\OpenSSH\;C:\Program Files\Microsoft SQL Server\Client SDK\ODBC\170\Tools\Binn\;C:\Program Files (x86)\Microsoft SQL Server\150\Tools\Binn\;C:\Program Files\Microsoft SQL Server\150\Tools\Binn\;C:\Program Files\Microsoft SQL Server\150\DTS\Binn\;C:\Users\Kristers Tih\AppData\Local\Programs\Python\Python37;C:\Users\Kristers Tih\AppData\Local\Programs\Python\Python37\Scripts;D:\Programmas\mingw-w64-v8.0.0\bin;C:\Program Files\Git\cmd;C:\Program Files\dotnet\;C:\Users\Kristers Tih\AppData\Local\Programs\Python\Python39\Scripts\;C:\Users\Kristers Tih\AppData\Local\Programs\Python\Python39\;C:\Windows\system32;C:\Windows;C:\Windows\System32\Wbem;C:\Windows\System32\WindowsPowerShell\v1.0\;C:\Windows\System32\OpenSSH\;C:\Program Files\dotnet\;C:\Program Files (x86)\Microsoft SQL Server\150\DTS\Binn\;C:\Program Files\Microsoft SQL Server\Client SDK\ODBC\170\Tools\Binn\;C:\Program Files (x86)\Microsoft SQL Server\150\Tools\Binn\;C:\Program Files\Microsoft SQL Server\150\Tools\Binn\;C:\Program Files\Microsoft SQL Server\150\DTS\Binn\;C:\Users\Kristers Tih\AppData\Local\Microsoft\WindowsApps;C:\Users\Kristers Tih\.dotnet\tools;C:\Users\Kristers Tih\AppData\Local\Programs\Microsoft VS Code\bin;C:\Users\Kristers Tih\AppData\Local\atom\bin;C:\Users\Kristers Tih\AppData\Local\Programs\Python\Python37;D:\Programmas\mingw-w64-v8.0.0;C:\Users\Kristers Tih\AppData\Local\Programs\Python\Python37\Scripts;D:\Programmas\Intellij IDEA\IntelliJ IDEA Community Edition 2020.3.1\bin;;C:\Users\Kristers Tih\AppData\Local\Microsoft\WindowsApps;C:\Users\Kristers Tih\.dotnet\tools;D:\Programmas\PyCharm Community Edition 2021.1.1\bin;
USERNAME=Kristers Tih
OS=Windows_NT
PROCESSOR_IDENTIFIER=Intel64 Family 6 Model 158 Stepping 10, GenuineIntel



---------------  S Y S T E M  ---------------

OS: Windows 10 , 64 bit Build 19041 (10.0.19041.928)
OS uptime: 8 days 17:07 hours
HyperV virtualization detected

CPU:total 8 (initial active 8) (4 cores per cpu, 2 threads per core) family 6 model 158 stepping 10, cmov, cx8, fxsr, mmx, sse, sse2, sse3, ssse3, sse4.1, sse4.2, popcnt, avx, avx2, aes, clmul, erms, 3dnowpref, lzcnt, ht, tsc, tscinvbit, bmi1, bmi2, adx, fma

Memory: 4k page, system-wide physical 8001M (1451M free)
TotalPageFile size 23124M (AvailPageFile size 27M)
current process WorkingSet (physical memory assigned to process): 242M, peak: 242M
current process commit charge ("private bytes"): 317M, peak: 355M

vm_info: OpenJDK 64-Bit Server VM (11.0.8+10-b944.6842174) for windows-amd64 JRE (11.0.8+10-b944.6842174), built on Sep 19 2020 01:11:42 by "builder" with MS VC++ 14.0 (VS2015)

END.
