#
# There is insufficient memory for the Java Runtime Environment to continue.
# Native memory allocation (malloc) failed to allocate 1048576 bytes for AllocateHeap
# Possible reasons:
#   The system is out of physical RAM or swap space
#   The process is running with CompressedOops enabled, and the Java Heap may be blocking the growth of the native heap
# Possible solutions:
#   Reduce memory load on the system
#   Increase physical memory or swap space
#   Check if swap backing store is full
#   Decrease Java heap size (-Xmx/-Xms)
#   Decrease number of Java threads
#   Decrease Java thread stack sizes (-Xss)
#   Set larger code cache with -XX:ReservedCodeCacheSize=
#   JVM is running with Unscaled Compressed Oops mode in which the Java heap is
#     placed in the first 4GB address space. The Java Heap base address is the
#     maximum limit for the native heap growth. Please use -XX:HeapBaseMinAddress
#     to set the Java Heap base and to place the Java Heap above 4GB virtual address.
# This output file may be truncated or incomplete.
#
#  Out of Memory Error (./src/hotspot/share/memory/allocation.cpp:46), pid=4444, tid=16800
#
# JRE version: OpenJDK Runtime Environment (11.0.8+10) (build 11.0.8+10-b944.6842174)
# Java VM: OpenJDK 64-Bit Server VM (11.0.8+10-b944.6842174, mixed mode, tiered, compressed oops, g1 gc, windows-amd64)
# No core dump will be written. Minidumps are not enabled by default on client versions of Windows
#

---------------  S U M M A R Y ------------

Command Line: org.jetbrains.kotlin.cli.jvm.K2JVMCompiler @E:\Mani Projekti\todo\app\build\20210525_16785888476896415459.compiler.options

Host: Intel(R) Core(TM) i5-8300H CPU @ 2.30GHz, 8 cores, 7G,  Windows 10 , 64 bit Build 19041 (10.0.19041.928)
Time: Tue May 25 14:05:26 2021 FLE Daylight Time elapsed time: 0 seconds (0d 0h 0m 0s)

---------------  T H R E A D  ---------------

Current thread (0x00000229fce4b800):  VMThread "VM Thread" [stack: 0x000000cb5d700000,0x000000cb5d800000] [id=16800]

Stack: [0x000000cb5d700000,0x000000cb5d800000]
[error occurred during error reporting (printing stack bounds), id 0xc0000005, EXCEPTION_ACCESS_VIOLATION (0xc0000005) at pc=0x00000229e6640dad]

Native frames: (J=compiled Java code, j=interpreted, Vv=VM code, C=native code)
V  [jvm.dll+0x5de50a]
V  [jvm.dll+0x7122f5]
V  [jvm.dll+0x71384d]
V  [jvm.dll+0x713e65]
V  [jvm.dll+0x713e1b]
V  [jvm.dll+0x5dd958]
V  [jvm.dll+0x5de0f8]
C  [ntdll.dll+0xa217f]
C  [ntdll.dll+0x51454]
C  [ntdll.dll+0xa0cae]
C  0x00000229e6640dad

VM_Operation (0x000000cb5d1fc4e0): CollectForMetadataAllocation, mode: safepoint, requested by thread 0x00000229e2cd0800


---------------  P R O C E S S  ---------------

Threads class SMR info:
_java_thread_list=0x00000229fdc42c40, length=11, elements={
0x00000229e2cd0800, 0x00000229fce4d000, 0x00000229fce4f800, 0x00000229fda8e800,
0x00000229fda8f800, 0x00000229fda91800, 0x00000229fdadc800, 0x00000229fdae0800,
0x00000229fdc3b000, 0x00000229fdc44800, 0x00000229fdc3d000
}

Java Threads: ( => current thread )
  0x00000229e2cd0800 JavaThread "main" [_thread_blocked, id=16876, stack(0x000000cb5d100000,0x000000cb5d200000)]
  0x00000229fce4d000 JavaThread "Reference Handler" daemon [_thread_blocked, id=8236, stack(0x000000cb5d800000,0x000000cb5d900000)]
  0x00000229fce4f800 JavaThread "Finalizer" daemon [_thread_blocked, id=10176, stack(0x000000cb5d900000,0x000000cb5da00000)]
  0x00000229fda8e800 JavaThread "Signal Dispatcher" daemon [_thread_blocked, id=15104, stack(0x000000cb5da00000,0x000000cb5db00000)]
  0x00000229fda8f800 JavaThread "Attach Listener" daemon [_thread_blocked, id=18404, stack(0x000000cb5db00000,0x000000cb5dc00000)]
  0x00000229fda91800 JavaThread "C2 CompilerThread0" daemon [_thread_blocked, id=16940, stack(0x000000cb5dc00000,0x000000cb5dd00000)]
  0x00000229fdadc800 JavaThread "C1 CompilerThread0" daemon [_thread_blocked, id=6772, stack(0x000000cb5dd00000,0x000000cb5de00000)]
  0x00000229fdae0800 JavaThread "Sweeper thread" daemon [_thread_blocked, id=15628, stack(0x000000cb5de00000,0x000000cb5df00000)]
  0x00000229fdc3b000 JavaThread "Service Thread" daemon [_thread_blocked, id=16588, stack(0x000000cb5df00000,0x000000cb5e000000)]
  0x00000229fdc44800 JavaThread "Common-Cleaner" daemon [_thread_blocked, id=13416, stack(0x000000cb5e100000,0x000000cb5e200000)]
  0x00000229fdc3d000 JavaThread "C2 CompilerThread1" daemon [_thread_blocked, id=1756, stack(0x000000cb5e200000,0x000000cb5e300000)]

Other Threads:
=>0x00000229fce4b800 VMThread "VM Thread" [stack: 0x000000cb5d700000,0x000000cb5d800000] [id=16800]
  0x00000229fdc3c000 WatcherThread [stack: 0x000000cb5e000000,0x000000cb5e100000] [id=12660]
  0x00000229e2ce9000 GCTaskThread "GC Thread#0" [stack: 0x000000cb5d200000,0x000000cb5d300000] [id=8536]
  0x00000229fdd89000 GCTaskThread "GC Thread#1" [stack: 0x000000cb5e300000,0x000000cb5e400000] [id=10756]
  0x00000229fdd94000 GCTaskThread "GC Thread#2" [stack: 0x000000cb5e400000,0x000000cb5e500000] [id=3340]
  0x00000229e2d18000 ConcurrentGCThread "G1 Main Marker" [stack: 0x000000cb5d300000,0x000000cb5d400000] [id=6700]
  0x00000229e2d1a000 ConcurrentGCThread "G1 Conc#0" [stack: 0x000000cb5d400000,0x000000cb5d500000] [id=7904]
  0x00000229fddbd000 ConcurrentGCThread "G1 Conc#1" [stack: 0x000000cb5e500000,0x000000cb5e600000] [id=13460]
  0x00000229fccaa800 ConcurrentGCThread "G1 Refine#0" [stack: 0x000000cb5d500000,0x000000cb5d600000] [id=13476]
  0x00000229fccab800 ConcurrentGCThread "G1 Young RemSet Sampling" [stack: 0x000000cb5d600000,0x000000cb5d700000] [id=14932]

Threads with active compile tasks:
C1 CompilerThread0    252  260       3       java.lang.String::toLowerCase (8 bytes)
C2 CompilerThread1    252  258 %     4       java.lang.StringCoding::hasNegatives @ 2 (25 bytes)

VM state:at safepoint (normal execution)

VM Mutex/Monitor currently owned by a thread:  ([mutex/lock_event])
[0x00000229e2cce6a0] Threads_lock - owner thread: 0x00000229fce4b800
[0x00000229e2ccfed0] Heap_lock - owner thread: 0x00000229e2cd0800

Heap address: 0x0000000082e00000, size: 2002 MB, Compressed Oops mode: 32-bit
Narrow klass base: 0x0000000000000000, Narrow klass shift: 3
Compressed class space size: 1073741824 Address: 0x0000000100000000

Heap:
 garbage-first heap   total 129024K, used 4573K [0x0000000082e00000, 0x0000000100000000)
  region size 1024K, 2 young (2048K), 2 survivors (2048K)
 Metaspace       used 6599K, capacity 6692K, committed 6784K, reserved 1081344K
  class space    used 558K, capacity 595K, committed 640K, reserved 1048576K
Heap Regions: E=young(eden), S=young(survivor), O=old, HS=humongous(starts), HC=humongous(continues), CS=collection set, F=free, A=archive, TAMS=top-at-mark-start (previous, next)
|   0|0x0000000082e00000, 0x0000000082f00000, 0x0000000082f00000|100%|HS|  |TAMS 0x0000000082f00000, 0x0000000082f00000| Complete 
|   1|0x0000000082f00000, 0x0000000083000000, 0x0000000083000000|100%|HC|  |TAMS 0x0000000083000000, 0x0000000083000000| Complete 
|   2|0x0000000083000000, 0x0000000083100000, 0x0000000083100000|100%|HC|  |TAMS 0x0000000083100000, 0x0000000083100000| Complete 
|   3|0x0000000083100000, 0x0000000083100000, 0x0000000083200000|  0%| F|  |TAMS 0x0000000083100000, 0x0000000083100000| Untracked 
|   4|0x0000000083200000, 0x0000000083200000, 0x0000000083300000|  0%| F|  |TAMS 0x0000000083200000, 0x0000000083200000| Untracked 
|   5|0x0000000083300000, 0x0000000083300000, 0x0000000083400000|  0%| F|  |TAMS 0x0000000083300000, 0x0000000083300000| Untracked 
|   6|0x0000000083400000, 0x0000000083400000, 0x0000000083500000|  0%| F|  |TAMS 0x0000000083400000, 0x0000000083400000| Untracked 
|   7|0x0000000083500000, 0x0000000083500000, 0x0000000083600000|  0%| F|  |TAMS 0x0000000083500000, 0x0000000083500000| Untracked 
|   8|0x0000000083600000, 0x0000000083600000, 0x0000000083700000|  0%| F|  |TAMS 0x0000000083600000, 0x0000000083600000| Untracked 
|   9|0x0000000083700000, 0x0000000083700000, 0x0000000083800000|  0%| F|  |TAMS 0x0000000083700000, 0x0000000083700000| Untracked 
|  10|0x0000000083800000, 0x0000000083800000, 0x0000000083900000|  0%| F|  |TAMS 0x0000000083800000, 0x0000000083800000| Untracked 
|  11|0x0000000083900000, 0x0000000083900000, 0x0000000083a00000|  0%| F|  |TAMS 0x0000000083900000, 0x0000000083900000| Untracked 
|  12|0x0000000083a00000, 0x0000000083a00000, 0x0000000083b00000|  0%| F|  |TAMS 0x0000000083a00000, 0x0000000083a00000| Untracked 
|  13|0x0000000083b00000, 0x0000000083b00000, 0x0000000083c00000|  0%| F|  |TAMS 0x0000000083b00000, 0x0000000083b00000| Untracked 
|  14|0x0000000083c00000, 0x0000000083c00000, 0x0000000083d00000|  0%| F|  |TAMS 0x0000000083c00000, 0x0000000083c00000| Untracked 
|  15|0x0000000083d00000, 0x0000000083d00000, 0x0000000083e00000|  0%| F|  |TAMS 0x0000000083d00000, 0x0000000083d00000| Untracked 
|  16|0x0000000083e00000, 0x0000000083e00000, 0x0000000083f00000|  0%| F|  |TAMS 0x0000000083e00000, 0x0000000083e00000| Untracked 
|  17|0x0000000083f00000, 0x0000000083f00000, 0x0000000084000000|  0%| F|  |TAMS 0x0000000083f00000, 0x0000000083f00000| Untracked 
|  18|0x0000000084000000, 0x0000000084000000, 0x0000000084100000|  0%| F|  |TAMS 0x0000000084000000, 0x0000000084000000| Untracked 
|  19|0x0000000084100000, 0x0000000084100000, 0x0000000084200000|  0%| F|  |TAMS 0x0000000084100000, 0x0000000084100000| Untracked 
|  20|0x0000000084200000, 0x0000000084200000, 0x0000000084300000|  0%| F|  |TAMS 0x0000000084200000, 0x0000000084200000| Untracked 
|  21|0x0000000084300000, 0x0000000084300000, 0x0000000084400000|  0%| F|  |TAMS 0x0000000084300000, 0x0000000084300000| Untracked 
|  22|0x0000000084400000, 0x0000000084400000, 0x0000000084500000|  0%| F|  |TAMS 0x0000000084400000, 0x0000000084400000| Untracked 
|  23|0x0000000084500000, 0x0000000084500000, 0x0000000084600000|  0%| F|  |TAMS 0x0000000084500000, 0x0000000084500000| Untracked 
|  24|0x0000000084600000, 0x0000000084600000, 0x0000000084700000|  0%| F|  |TAMS 0x0000000084600000, 0x0000000084600000| Untracked 
|  25|0x0000000084700000, 0x0000000084700000, 0x0000000084800000|  0%| F|  |TAMS 0x0000000084700000, 0x0000000084700000| Untracked 
|  26|0x0000000084800000, 0x0000000084800000, 0x0000000084900000|  0%| F|  |TAMS 0x0000000084800000, 0x0000000084800000| Untracked 
|  27|0x0000000084900000, 0x0000000084900000, 0x0000000084a00000|  0%| F|  |TAMS 0x0000000084900000, 0x0000000084900000| Untracked 
|  28|0x0000000084a00000, 0x0000000084a00000, 0x0000000084b00000|  0%| F|  |TAMS 0x0000000084a00000, 0x0000000084a00000| Untracked 
|  29|0x0000000084b00000, 0x0000000084b00000, 0x0000000084c00000|  0%| F|  |TAMS 0x0000000084b00000, 0x0000000084b00000| Untracked 
|  30|0x0000000084c00000, 0x0000000084c00000, 0x0000000084d00000|  0%| F|  |TAMS 0x0000000084c00000, 0x0000000084c00000| Untracked 
|  31|0x0000000084d00000, 0x0000000084d00000, 0x0000000084e00000|  0%| F|  |TAMS 0x0000000084d00000, 0x0000000084d00000| Untracked 
|  32|0x0000000084e00000, 0x0000000084e00000, 0x0000000084f00000|  0%| F|  |TAMS 0x0000000084e00000, 0x0000000084e00000| Untracked 
|  33|0x0000000084f00000, 0x0000000084f00000, 0x0000000085000000|  0%| F|  |TAMS 0x0000000084f00000, 0x0000000084f00000| Untracked 
|  34|0x0000000085000000, 0x0000000085000000, 0x0000000085100000|  0%| F|  |TAMS 0x0000000085000000, 0x0000000085000000| Untracked 
|  35|0x0000000085100000, 0x0000000085100000, 0x0000000085200000|  0%| F|  |TAMS 0x0000000085100000, 0x0000000085100000| Untracked 
|  36|0x0000000085200000, 0x0000000085200000, 0x0000000085300000|  0%| F|  |TAMS 0x0000000085200000, 0x0000000085200000| Untracked 
|  37|0x0000000085300000, 0x0000000085300000, 0x0000000085400000|  0%| F|  |TAMS 0x0000000085300000, 0x0000000085300000| Untracked 
|  38|0x0000000085400000, 0x0000000085400000, 0x0000000085500000|  0%| F|  |TAMS 0x0000000085400000, 0x0000000085400000| Untracked 
|  39|0x0000000085500000, 0x0000000085500000, 0x0000000085600000|  0%| F|  |TAMS 0x0000000085500000, 0x0000000085500000| Untracked 
|  40|0x0000000085600000, 0x0000000085600000, 0x0000000085700000|  0%| F|  |TAMS 0x0000000085600000, 0x0000000085600000| Untracked 
|  41|0x0000000085700000, 0x0000000085700000, 0x0000000085800000|  0%| F|  |TAMS 0x0000000085700000, 0x0000000085700000| Untracked 
|  42|0x0000000085800000, 0x0000000085800000, 0x0000000085900000|  0%| F|  |TAMS 0x0000000085800000, 0x0000000085800000| Untracked 
|  43|0x0000000085900000, 0x0000000085900000, 0x0000000085a00000|  0%| F|  |TAMS 0x0000000085900000, 0x0000000085900000| Untracked 
|  44|0x0000000085a00000, 0x0000000085a00000, 0x0000000085b00000|  0%| F|  |TAMS 0x0000000085a00000, 0x0000000085a00000| Untracked 
|  45|0x0000000085b00000, 0x0000000085b00000, 0x0000000085c00000|  0%| F|  |TAMS 0x0000000085b00000, 0x0000000085b00000| Untracked 
|  46|0x0000000085c00000, 0x0000000085c00000, 0x0000000085d00000|  0%| F|  |TAMS 0x0000000085c00000, 0x0000000085c00000| Untracked 
|  47|0x0000000085d00000, 0x0000000085d00000, 0x0000000085e00000|  0%| F|  |TAMS 0x0000000085d00000, 0x0000000085d00000| Untracked 
|  48|0x0000000085e00000, 0x0000000085e00000, 0x0000000085f00000|  0%| F|  |TAMS 0x0000000085e00000, 0x0000000085e00000| Untracked 
|  49|0x0000000085f00000, 0x0000000085f00000, 0x0000000086000000|  0%| F|  |TAMS 0x0000000085f00000, 0x0000000085f00000| Untracked 
|  50|0x0000000086000000, 0x0000000086000000, 0x0000000086100000|  0%| F|  |TAMS 0x0000000086000000, 0x0000000086000000| Untracked 
|  51|0x0000000086100000, 0x0000000086100000, 0x0000000086200000|  0%| F|  |TAMS 0x0000000086100000, 0x0000000086100000| Untracked 
|  52|0x0000000086200000, 0x0000000086200000, 0x0000000086300000|  0%| F|  |TAMS 0x0000000086200000, 0x0000000086200000| Untracked 
|  53|0x0000000086300000, 0x0000000086300000, 0x0000000086400000|  0%| F|  |TAMS 0x0000000086300000, 0x0000000086300000| Untracked 
|  54|0x0000000086400000, 0x0000000086400000, 0x0000000086500000|  0%| F|  |TAMS 0x0000000086400000, 0x0000000086400000| Untracked 
|  55|0x0000000086500000, 0x0000000086500000, 0x0000000086600000|  0%| F|  |TAMS 0x0000000086500000, 0x0000000086500000| Untracked 
|  56|0x0000000086600000, 0x0000000086600000, 0x0000000086700000|  0%| F|  |TAMS 0x0000000086600000, 0x0000000086600000| Untracked 
|  57|0x0000000086700000, 0x0000000086700000, 0x0000000086800000|  0%| F|  |TAMS 0x0000000086700000, 0x0000000086700000| Untracked 
|  58|0x0000000086800000, 0x0000000086800000, 0x0000000086900000|  0%| F|  |TAMS 0x0000000086800000, 0x0000000086800000| Untracked 
|  59|0x0000000086900000, 0x0000000086900000, 0x0000000086a00000|  0%| F|  |TAMS 0x0000000086900000, 0x0000000086900000| Untracked 
|  60|0x0000000086a00000, 0x0000000086a00000, 0x0000000086b00000|  0%| F|  |TAMS 0x0000000086a00000, 0x0000000086a00000| Untracked 
|  61|0x0000000086b00000, 0x0000000086b00000, 0x0000000086c00000|  0%| F|  |TAMS 0x0000000086b00000, 0x0000000086b00000| Untracked 
|  62|0x0000000086c00000, 0x0000000086c00000, 0x0000000086d00000|  0%| F|  |TAMS 0x0000000086c00000, 0x0000000086c00000| Untracked 
|  63|0x0000000086d00000, 0x0000000086d00000, 0x0000000086e00000|  0%| F|  |TAMS 0x0000000086d00000, 0x0000000086d00000| Untracked 
|  64|0x0000000086e00000, 0x0000000086e00000, 0x0000000086f00000|  0%| F|  |TAMS 0x0000000086e00000, 0x0000000086e00000| Untracked 
|  65|0x0000000086f00000, 0x0000000086f00000, 0x0000000087000000|  0%| F|  |TAMS 0x0000000086f00000, 0x0000000086f00000| Untracked 
|  66|0x0000000087000000, 0x0000000087000000, 0x0000000087100000|  0%| F|  |TAMS 0x0000000087000000, 0x0000000087000000| Untracked 
|  67|0x0000000087100000, 0x0000000087100000, 0x0000000087200000|  0%| F|  |TAMS 0x0000000087100000, 0x0000000087100000| Untracked 
|  68|0x0000000087200000, 0x0000000087200000, 0x0000000087300000|  0%| F|  |TAMS 0x0000000087200000, 0x0000000087200000| Untracked 
|  69|0x0000000087300000, 0x0000000087300000, 0x0000000087400000|  0%| F|  |TAMS 0x0000000087300000, 0x0000000087300000| Untracked 
|  70|0x0000000087400000, 0x0000000087400000, 0x0000000087500000|  0%| F|  |TAMS 0x0000000087400000, 0x0000000087400000| Untracked 
|  71|0x0000000087500000, 0x0000000087500000, 0x0000000087600000|  0%| F|  |TAMS 0x0000000087500000, 0x0000000087500000| Untracked 
|  72|0x0000000087600000, 0x0000000087600000, 0x0000000087700000|  0%| F|  |TAMS 0x0000000087600000, 0x0000000087600000| Untracked 
|  73|0x0000000087700000, 0x0000000087700000, 0x0000000087800000|  0%| F|  |TAMS 0x0000000087700000, 0x0000000087700000| Untracked 
|  74|0x0000000087800000, 0x0000000087800000, 0x0000000087900000|  0%| F|  |TAMS 0x0000000087800000, 0x0000000087800000| Untracked 
|  75|0x0000000087900000, 0x0000000087900000, 0x0000000087a00000|  0%| F|  |TAMS 0x0000000087900000, 0x0000000087900000| Untracked 
|  76|0x0000000087a00000, 0x0000000087a00000, 0x0000000087b00000|  0%| F|  |TAMS 0x0000000087a00000, 0x0000000087a00000| Untracked 
|  77|0x0000000087b00000, 0x0000000087b00000, 0x0000000087c00000|  0%| F|  |TAMS 0x0000000087b00000, 0x0000000087b00000| Untracked 
|  78|0x0000000087c00000, 0x0000000087c00000, 0x0000000087d00000|  0%| F|  |TAMS 0x0000000087c00000, 0x0000000087c00000| Untracked 
|  79|0x0000000087d00000, 0x0000000087d00000, 0x0000000087e00000|  0%| F|  |TAMS 0x0000000087d00000, 0x0000000087d00000| Untracked 
|  80|0x0000000087e00000, 0x0000000087e00000, 0x0000000087f00000|  0%| F|  |TAMS 0x0000000087e00000, 0x0000000087e00000| Untracked 
|  81|0x0000000087f00000, 0x0000000087f00000, 0x0000000088000000|  0%| F|  |TAMS 0x0000000087f00000, 0x0000000087f00000| Untracked 
|  82|0x0000000088000000, 0x0000000088000000, 0x0000000088100000|  0%| F|  |TAMS 0x0000000088000000, 0x0000000088000000| Untracked 
|  83|0x0000000088100000, 0x0000000088100000, 0x0000000088200000|  0%| F|  |TAMS 0x0000000088100000, 0x0000000088100000| Untracked 
|  84|0x0000000088200000, 0x0000000088200000, 0x0000000088300000|  0%| F|  |TAMS 0x0000000088200000, 0x0000000088200000| Untracked 
|  85|0x0000000088300000, 0x0000000088300000, 0x0000000088400000|  0%| F|  |TAMS 0x0000000088300000, 0x0000000088300000| Untracked 
|  86|0x0000000088400000, 0x0000000088400000, 0x0000000088500000|  0%| F|  |TAMS 0x0000000088400000, 0x0000000088400000| Untracked 
|  87|0x0000000088500000, 0x0000000088500000, 0x0000000088600000|  0%| F|  |TAMS 0x0000000088500000, 0x0000000088500000| Untracked 
|  88|0x0000000088600000, 0x0000000088600000, 0x0000000088700000|  0%| F|  |TAMS 0x0000000088600000, 0x0000000088600000| Untracked 
|  89|0x0000000088700000, 0x0000000088700000, 0x0000000088800000|  0%| F|  |TAMS 0x0000000088700000, 0x0000000088700000| Untracked 
|  90|0x0000000088800000, 0x0000000088800000, 0x0000000088900000|  0%| F|  |TAMS 0x0000000088800000, 0x0000000088800000| Untracked 
|  91|0x0000000088900000, 0x0000000088900000, 0x0000000088a00000|  0%| F|  |TAMS 0x0000000088900000, 0x0000000088900000| Untracked 
|  92|0x0000000088a00000, 0x0000000088a00000, 0x0000000088b00000|  0%| F|  |TAMS 0x0000000088a00000, 0x0000000088a00000| Untracked 
|  93|0x0000000088b00000, 0x0000000088b00000, 0x0000000088c00000|  0%| F|  |TAMS 0x0000000088b00000, 0x0000000088b00000| Untracked 
|  94|0x0000000088c00000, 0x0000000088c00000, 0x0000000088d00000|  0%| F|  |TAMS 0x0000000088c00000, 0x0000000088c00000| Untracked 
|  95|0x0000000088d00000, 0x0000000088d00000, 0x0000000088e00000|  0%| F|  |TAMS 0x0000000088d00000, 0x0000000088d00000| Untracked 
|  96|0x0000000088e00000, 0x0000000088e00000, 0x0000000088f00000|  0%| F|  |TAMS 0x0000000088e00000, 0x0000000088e00000| Untracked 
|  97|0x0000000088f00000, 0x0000000088f00000, 0x0000000089000000|  0%| F|  |TAMS 0x0000000088f00000, 0x0000000088f00000| Untracked 
|  98|0x0000000089000000, 0x0000000089000000, 0x0000000089100000|  0%| F|  |TAMS 0x0000000089000000, 0x0000000089000000| Untracked 
|  99|0x0000000089100000, 0x0000000089100000, 0x0000000089200000|  0%| F|  |TAMS 0x0000000089100000, 0x0000000089100000| Untracked 
| 100|0x0000000089200000, 0x0000000089200000, 0x0000000089300000|  0%| F|  |TAMS 0x0000000089200000, 0x0000000089200000| Untracked 
| 101|0x0000000089300000, 0x0000000089300000, 0x0000000089400000|  0%| F|  |TAMS 0x0000000089300000, 0x0000000089300000| Untracked 
| 102|0x0000000089400000, 0x0000000089400000, 0x0000000089500000|  0%| F|  |TAMS 0x0000000089400000, 0x0000000089400000| Untracked 
| 103|0x0000000089500000, 0x0000000089500000, 0x0000000089600000|  0%| F|  |TAMS 0x0000000089500000, 0x0000000089500000| Untracked 
| 104|0x0000000089600000, 0x0000000089600000, 0x0000000089700000|  0%| F|  |TAMS 0x0000000089600000, 0x0000000089600000| Untracked 
| 105|0x0000000089700000, 0x0000000089700000, 0x0000000089800000|  0%| F|  |TAMS 0x0000000089700000, 0x0000000089700000| Untracked 
| 106|0x0000000089800000, 0x0000000089800000, 0x0000000089900000|  0%| F|  |TAMS 0x0000000089800000, 0x0000000089800000| Untracked 
| 107|0x0000000089900000, 0x0000000089900000, 0x0000000089a00000|  0%| F|  |TAMS 0x0000000089900000, 0x0000000089900000| Untracked 
| 108|0x0000000089a00000, 0x0000000089a00000, 0x0000000089b00000|  0%| F|  |TAMS 0x0000000089a00000, 0x0000000089a00000| Untracked 
| 109|0x0000000089b00000, 0x0000000089b00000, 0x0000000089c00000|  0%| F|  |TAMS 0x0000000089b00000, 0x0000000089b00000| Untracked 
| 110|0x0000000089c00000, 0x0000000089c00000, 0x0000000089d00000|  0%| F|  |TAMS 0x0000000089c00000, 0x0000000089c00000| Untracked 
| 111|0x0000000089d00000, 0x0000000089d00000, 0x0000000089e00000|  0%| F|  |TAMS 0x0000000089d00000, 0x0000000089d00000| Untracked 
| 112|0x0000000089e00000, 0x0000000089e00000, 0x0000000089f00000|  0%| F|  |TAMS 0x0000000089e00000, 0x0000000089e00000| Untracked 
| 113|0x0000000089f00000, 0x0000000089f00000, 0x000000008a000000|  0%| F|  |TAMS 0x0000000089f00000, 0x0000000089f00000| Untracked 
| 114|0x000000008a000000, 0x000000008a000000, 0x000000008a100000|  0%| F|  |TAMS 0x000000008a000000, 0x000000008a000000| Untracked 
| 115|0x000000008a100000, 0x000000008a100000, 0x000000008a200000|  0%| F|  |TAMS 0x000000008a100000, 0x000000008a100000| Untracked 
| 116|0x000000008a200000, 0x000000008a200000, 0x000000008a300000|  0%| F|  |TAMS 0x000000008a200000, 0x000000008a200000| Untracked 
| 117|0x000000008a300000, 0x000000008a300000, 0x000000008a400000|  0%| F|  |TAMS 0x000000008a300000, 0x000000008a300000| Untracked 
| 118|0x000000008a400000, 0x000000008a400000, 0x000000008a500000|  0%| F|  |TAMS 0x000000008a400000, 0x000000008a400000| Untracked 
| 119|0x000000008a500000, 0x000000008a500000, 0x000000008a600000|  0%| F|  |TAMS 0x000000008a500000, 0x000000008a500000| Untracked 
| 120|0x000000008a600000, 0x000000008a600000, 0x000000008a700000|  0%| F|  |TAMS 0x000000008a600000, 0x000000008a600000| Untracked 
| 121|0x000000008a700000, 0x000000008a700000, 0x000000008a800000|  0%| F|  |TAMS 0x000000008a700000, 0x000000008a700000| Untracked 
| 122|0x000000008a800000, 0x000000008a800000, 0x000000008a900000|  0%| F|  |TAMS 0x000000008a800000, 0x000000008a800000| Untracked 
| 123|0x000000008a900000, 0x000000008a9777f0, 0x000000008aa00000| 46%| S|CS|TAMS 0x000000008a900000, 0x000000008a900000| Complete 
| 124|0x000000008aa00000, 0x000000008ab00000, 0x000000008ab00000|100%| S|CS|TAMS 0x000000008aa00000, 0x000000008aa00000| Complete 
| 125|0x000000008ab00000, 0x000000008ab00000, 0x000000008ac00000|  0%| F|  |TAMS 0x000000008ab00000, 0x000000008ab00000| Untracked 

Card table byte_map: [0x00000229f5d60000,0x00000229f6150000] _byte_map_base: 0x00000229f5949000

Marking Bits (Prev, Next): (CMBitMap*) 0x00000229e2d0f220, (CMBitMap*) 0x00000229e2d0f1e8
 Prev Bits: [0x00000229f8490000, 0x00000229fa3d8000)
 Next Bits: [0x00000229f6540000, 0x00000229f8488000)

Polling page: 0x00000229e24a0000

Metaspace:

Usage:
  Non-class:      5.95 MB capacity,     5.90 MB (>99%) used,    49.09 KB ( <1%) free+waste,     6.44 KB ( <1%) overhead. 
      Class:    595.00 KB capacity,   558.30 KB ( 94%) used,    35.57 KB (  6%) free+waste,     1.13 KB ( <1%) overhead. 
       Both:      6.54 MB capacity,     6.45 MB ( 99%) used,    84.66 KB (  1%) free+waste,     7.56 KB ( <1%) overhead. 

Virtual space:
  Non-class space:       32.00 MB reserved,       6.00 MB ( 19%) committed 
      Class space:        1.00 GB reserved,     640.00 KB ( <1%) committed 
             Both:        1.03 GB reserved,       6.63 MB ( <1%) committed 

Chunk freelists:
   Non-Class:  47.00 KB
       Class:  13.00 KB
        Both:  60.00 KB

MaxMetaspaceSize: 17179869184.00 GB
CompressedClassSpaceSize: 1.00 GB

CodeHeap 'non-profiled nmethods': size=120000Kb used=66Kb max_used=66Kb free=119933Kb
 bounds [0x00000229ee110000, 0x00000229ee380000, 0x00000229f5640000]
CodeHeap 'profiled nmethods': size=120000Kb used=347Kb max_used=347Kb free=119652Kb
 bounds [0x00000229e6be0000, 0x00000229e6e50000, 0x00000229ee110000]
CodeHeap 'non-nmethods': size=5760Kb used=1050Kb max_used=1050Kb free=4709Kb
 bounds [0x00000229e6640000, 0x00000229e68b0000, 0x00000229e6be0000]
 total_blobs=600 nmethods=257 adapters=255
 compilation: enabled
              stopped_count=0, restarted_count=0
 full_count=0

Compilation events (20 events):
Event: 0.237 Thread 0x00000229fdadc800  250  s!   3       jdk.internal.loader.URLClassPath::getLoader (194 bytes)
Event: 0.238 Thread 0x00000229fdadc800 nmethod 250 0x00000229e6c30890 code [0x00000229e6c30c60, 0x00000229e6c32a08]
Event: 0.238 Thread 0x00000229fdadc800  253   !   3       java.util.WeakHashMap::expungeStaleEntries (139 bytes)
Event: 0.238 Thread 0x00000229fdadc800 nmethod 253 0x00000229e6c33690 code [0x00000229e6c338c0, 0x00000229e6c34408]
Event: 0.238 Thread 0x00000229fdadc800  248       3       java.util.jar.JarFile::getJarEntry (9 bytes)
Event: 0.239 Thread 0x00000229fdadc800 nmethod 248 0x00000229e6c34910 code [0x00000229e6c34b40, 0x00000229e6c352c8]
Event: 0.239 Thread 0x00000229fdadc800  251       3       java.util.WeakHashMap::indexFor (6 bytes)
Event: 0.239 Thread 0x00000229fdadc800 nmethod 251 0x00000229e6c35510 code [0x00000229e6c356c0, 0x00000229e6c35798]
Event: 0.239 Thread 0x00000229fdadc800  252       3       java.util.WeakHashMap::getTable (9 bytes)
Event: 0.239 Thread 0x00000229fdadc800 nmethod 252 0x00000229e6c35810 code [0x00000229e6c359c0, 0x00000229e6c35b08]
Event: 0.239 Thread 0x00000229fdadc800  255       3       java.util.zip.ZipUtils::CENSIZ (9 bytes)
Event: 0.239 Thread 0x00000229fdadc800 nmethod 255 0x00000229e6c35b90 code [0x00000229e6c35d60, 0x00000229e6c36038]
Event: 0.239 Thread 0x00000229fdadc800  254       1       java.nio.HeapByteBuffer::isDirect (2 bytes)
Event: 0.239 Thread 0x00000229fdadc800 nmethod 254 0x00000229ee120710 code [0x00000229ee1208c0, 0x00000229ee120978]
Event: 0.239 Thread 0x00000229fdadc800  256   !   3       java.util.zip.ZipFile$ZipFileInputStream::close (59 bytes)
Event: 0.239 Thread 0x00000229fdc3d000  258 %     4       java.lang.StringCoding::hasNegatives @ 2 (25 bytes)
Event: 0.239 Thread 0x00000229fdadc800 nmethod 256 0x00000229e6c36210 code [0x00000229e6c363e0, 0x00000229e6c367c8]
Event: 0.239 Thread 0x00000229fdadc800  257       3       java.util.Collections$SetFromMap::remove (19 bytes)
Event: 0.239 Thread 0x00000229fdadc800 nmethod 257 0x00000229e6c36990 code [0x00000229e6c36b60, 0x00000229e6c36d88]
Event: 0.239 Thread 0x00000229fdadc800  260       3       java.lang.String::toLowerCase (8 bytes)

GC Heap History (4 events):
Event: 0.226 GC heap before
{Heap before GC invocations=0 (full 0):
 garbage-first heap   total 129024K, used 7168K [0x0000000082e00000, 0x0000000100000000)
  region size 1024K, 5 young (5120K), 0 survivors (0K)
 Metaspace       used 6311K, capacity 6399K, committed 6528K, reserved 1073152K
  class space    used 529K, capacity 561K, committed 640K, reserved 1048576K
}
Event: 0.228 GC heap after
{Heap after GC invocations=1 (full 0):
 garbage-first heap   total 129024K, used 4550K [0x0000000082e00000, 0x0000000100000000)
  region size 1024K, 2 young (2048K), 2 survivors (2048K)
 Metaspace       used 6311K, capacity 6399K, committed 6528K, reserved 1073152K
  class space    used 529K, capacity 561K, committed 640K, reserved 1048576K
}
Event: 0.240 GC heap before
{Heap before GC invocations=2 (full 0):
 garbage-first heap   total 129024K, used 4550K [0x0000000082e00000, 0x0000000100000000)
  region size 1024K, 3 young (3072K), 2 survivors (2048K)
 Metaspace       used 6599K, capacity 6692K, committed 6784K, reserved 1079296K
  class space    used 558K, capacity 595K, committed 640K, reserved 1048576K
}
Event: 0.241 GC heap after
{Heap after GC invocations=3 (full 0):
 garbage-first heap   total 129024K, used 4573K [0x0000000082e00000, 0x0000000100000000)
  region size 1024K, 2 young (2048K), 2 survivors (2048K)
 Metaspace       used 6599K, capacity 6692K, committed 6784K, reserved 1079296K
  class space    used 558K, capacity 595K, committed 640K, reserved 1048576K
}

Deoptimization events (20 events):
Event: 0.141 Thread 0x00000229e2cd0800 DEOPT PACKING pc=0x00000229e6bff1bb sp=0x000000cb5d1fabe0
Event: 0.141 Thread 0x00000229e2cd0800 DEOPT UNPACKING pc=0x00000229e66672ce sp=0x000000cb5d1fa0b0 mode 0
Event: 0.141 Thread 0x00000229e2cd0800 DEOPT PACKING pc=0x00000229e6bff1bb sp=0x000000cb5d1fabe0
Event: 0.141 Thread 0x00000229e2cd0800 DEOPT UNPACKING pc=0x00000229e66672ce sp=0x000000cb5d1fa0b0 mode 0
Event: 0.141 Thread 0x00000229e2cd0800 DEOPT PACKING pc=0x00000229e6bff1bb sp=0x000000cb5d1fabe0
Event: 0.141 Thread 0x00000229e2cd0800 DEOPT UNPACKING pc=0x00000229e66672ce sp=0x000000cb5d1fa0b0 mode 0
Event: 0.141 Thread 0x00000229e2cd0800 DEOPT PACKING pc=0x00000229e6bff1bb sp=0x000000cb5d1fabe0
Event: 0.141 Thread 0x00000229e2cd0800 DEOPT UNPACKING pc=0x00000229e66672ce sp=0x000000cb5d1fa0b0 mode 0
Event: 0.141 Thread 0x00000229e2cd0800 DEOPT PACKING pc=0x00000229e6bff1bb sp=0x000000cb5d1fabe0
Event: 0.141 Thread 0x00000229e2cd0800 DEOPT UNPACKING pc=0x00000229e66672ce sp=0x000000cb5d1fa0b0 mode 0
Event: 0.141 Thread 0x00000229e2cd0800 DEOPT PACKING pc=0x00000229e6bff1bb sp=0x000000cb5d1fabe0
Event: 0.141 Thread 0x00000229e2cd0800 DEOPT UNPACKING pc=0x00000229e66672ce sp=0x000000cb5d1fa0b0 mode 0
Event: 0.141 Thread 0x00000229e2cd0800 DEOPT PACKING pc=0x00000229e6bff1bb sp=0x000000cb5d1fabe0
Event: 0.141 Thread 0x00000229e2cd0800 DEOPT UNPACKING pc=0x00000229e66672ce sp=0x000000cb5d1fa0b0 mode 0
Event: 0.141 Thread 0x00000229e2cd0800 DEOPT PACKING pc=0x00000229e6bff1bb sp=0x000000cb5d1fabe0
Event: 0.141 Thread 0x00000229e2cd0800 DEOPT UNPACKING pc=0x00000229e66672ce sp=0x000000cb5d1fa0b0 mode 0
Event: 0.142 Thread 0x00000229e2cd0800 DEOPT PACKING pc=0x00000229e6bff1bb sp=0x000000cb5d1fabe0
Event: 0.142 Thread 0x00000229e2cd0800 DEOPT UNPACKING pc=0x00000229e66672ce sp=0x000000cb5d1fa0b0 mode 0
Event: 0.142 Thread 0x00000229e2cd0800 DEOPT PACKING pc=0x00000229e6bff1bb sp=0x000000cb5d1fabe0
Event: 0.142 Thread 0x00000229e2cd0800 DEOPT UNPACKING pc=0x00000229e66672ce sp=0x000000cb5d1fa0b0 mode 0

Classes redefined (0 events):
No events

Internal exceptions (0 events):
No events

Events (20 events):
Event: 0.236 loading class kotlin/reflect/jvm/internal/ReflectProperties$LazyVal done
Event: 0.236 loading class kotlin/reflect/jvm/internal/ReflectProperties$Val
Event: 0.236 loading class kotlin/reflect/jvm/internal/ReflectProperties$Val done
Event: 0.236 loading class kotlin/reflect/jvm/internal/ReflectProperties$Val$1
Event: 0.236 loading class kotlin/reflect/jvm/internal/ReflectProperties$Val$1 done
Event: 0.236 loading class kotlin/reflect/jvm/internal/pcollections/MapEntry
Event: 0.236 loading class kotlin/reflect/jvm/internal/pcollections/MapEntry done
Event: 0.237 loading class kotlin/reflect/jvm/internal/KMutableProperty1Impl
Event: 0.237 loading class kotlin/reflect/jvm/internal/KMutableProperty1Impl done
Event: 0.237 loading class kotlin/reflect/jvm/internal/KProperty1Impl
Event: 0.237 loading class kotlin/reflect/jvm/internal/KProperty1Impl done
Event: 0.237 loading class kotlin/reflect/jvm/internal/KPropertyImpl
Event: 0.237 loading class kotlin/reflect/jvm/internal/KPropertyImpl done
Event: 0.238 loading class kotlin/reflect/jvm/internal/KCallableImpl
Event: 0.238 loading class kotlin/reflect/jvm/internal/KCallableImpl done
Event: 0.239 loading class kotlin/reflect/jvm/internal/KPropertyImpl$Companion
Event: 0.239 loading class kotlin/reflect/jvm/internal/KPropertyImpl$Companion done
Event: 0.239 loading class kotlin/reflect/jvm/internal/KCallableImpl$_annotations$1
Event: 0.239 loading class kotlin/reflect/jvm/internal/KCallableImpl$_annotations$1 done
Event: 0.239 Executing VM operation: CollectForMetadataAllocation


Dynamic libraries:
0x00007ff7d1c40000 - 0x00007ff7d1c4a000 	D:\Android Studio\jre\bin\java.exe
0x00007ffada6b0000 - 0x00007ffada8a5000 	C:\WINDOWS\SYSTEM32\ntdll.dll
0x00007ffad8fe0000 - 0x00007ffad909d000 	C:\WINDOWS\System32\KERNEL32.DLL
0x00007ffad8270000 - 0x00007ffad8538000 	C:\WINDOWS\System32\KERNELBASE.dll
0x00007ffad50a0000 - 0x00007ffad5130000 	C:\WINDOWS\SYSTEM32\apphelp.dll
0x00007ffad8120000 - 0x00007ffad8220000 	C:\WINDOWS\System32\ucrtbase.dll
0x00007ffad1760000 - 0x00007ffad1779000 	D:\Android Studio\jre\bin\jli.dll
0x00007ffacfb70000 - 0x00007ffacfb87000 	D:\Android Studio\jre\bin\VCRUNTIME140.dll
0x00007ffada220000 - 0x00007ffada3c0000 	C:\WINDOWS\System32\USER32.dll
0x00007ffad7fb0000 - 0x00007ffad7fd2000 	C:\WINDOWS\System32\win32u.dll
0x00007ffac2dd0000 - 0x00007ffac306a000 	C:\WINDOWS\WinSxS\amd64_microsoft.windows.common-controls_6595b64144ccf1df_6.0.19041.844_none_ca00b6081b84eb1d\COMCTL32.dll
0x00007ffad8710000 - 0x00007ffad873a000 	C:\WINDOWS\System32\GDI32.dll
0x00007ffad9150000 - 0x00007ffad91ee000 	C:\WINDOWS\System32\msvcrt.dll
0x00007ffad8010000 - 0x00007ffad811b000 	C:\WINDOWS\System32\gdi32full.dll
0x00007ffad8670000 - 0x00007ffad870d000 	C:\WINDOWS\System32\msvcp_win.dll
0x00007ffada3c0000 - 0x00007ffada3f0000 	C:\WINDOWS\System32\IMM32.DLL
0x00007ffab2230000 - 0x00007ffab22cd000 	D:\Android Studio\jre\bin\msvcp140.dll
0x00007ffa9c820000 - 0x00007ffa9d2dc000 	D:\Android Studio\jre\bin\server\jvm.dll
0x00007ffad8f30000 - 0x00007ffad8fdc000 	C:\WINDOWS\System32\ADVAPI32.dll
0x00007ffad9960000 - 0x00007ffad99fb000 	C:\WINDOWS\System32\sechost.dll
0x00007ffad97d0000 - 0x00007ffad98fb000 	C:\WINDOWS\System32\RPCRT4.dll
0x00007ffad8ec0000 - 0x00007ffad8ec8000 	C:\WINDOWS\System32\PSAPI.DLL
0x00007ffac67f0000 - 0x00007ffac6817000 	C:\WINDOWS\SYSTEM32\WINMM.dll
0x00007ffad1ce0000 - 0x00007ffad1ce9000 	C:\WINDOWS\SYSTEM32\WSOCK32.dll
0x00007ffacb180000 - 0x00007ffacb18a000 	C:\WINDOWS\SYSTEM32\VERSION.dll
0x00007ffada3f0000 - 0x00007ffada45b000 	C:\WINDOWS\System32\WS2_32.dll
0x00007ffad6680000 - 0x00007ffad6692000 	C:\WINDOWS\SYSTEM32\kernel.appcore.dll
0x00007ffad1870000 - 0x00007ffad1881000 	D:\Android Studio\jre\bin\verify.dll
0x00007ffad5c10000 - 0x00007ffad5df4000 	C:\WINDOWS\SYSTEM32\DBGHELP.DLL
0x00007ffabf990000 - 0x00007ffabf9bc000 	C:\WINDOWS\SYSTEM32\dbgcore.DLL
0x00007ffad85f0000 - 0x00007ffad8670000 	C:\WINDOWS\System32\bcryptPrimitives.dll
0x00007ffad15c0000 - 0x00007ffad15e9000 	D:\Android Studio\jre\bin\java.dll
0x00007ffad4f70000 - 0x00007ffad4f7b000 	D:\Android Studio\jre\bin\jimage.dll
0x00007ffad1830000 - 0x00007ffad1848000 	D:\Android Studio\jre\bin\zip.dll
0x00007ffad9ab0000 - 0x00007ffada1f2000 	C:\WINDOWS\System32\SHELL32.dll
0x00007ffad5e00000 - 0x00007ffad6590000 	C:\WINDOWS\SYSTEM32\windows.storage.dll
0x00007ffad8870000 - 0x00007ffad8bc5000 	C:\WINDOWS\System32\combase.dll
0x00007ffad7720000 - 0x00007ffad774c000 	C:\WINDOWS\SYSTEM32\Wldp.dll
0x00007ffad90a0000 - 0x00007ffad914e000 	C:\WINDOWS\System32\SHCORE.dll
0x00007ffada610000 - 0x00007ffada665000 	C:\WINDOWS\System32\shlwapi.dll
0x00007ffad7d30000 - 0x00007ffad7d4f000 	C:\WINDOWS\SYSTEM32\profapi.dll
0x00007ffad16d0000 - 0x00007ffad16ea000 	D:\Android Studio\jre\bin\net.dll
0x00007ffacf720000 - 0x00007ffacf82b000 	C:\WINDOWS\SYSTEM32\WINHTTP.dll
0x00007ffad1560000 - 0x00007ffad1574000 	D:\Android Studio\jre\bin\nio.dll
0x00007ffad74a0000 - 0x00007ffad750a000 	C:\WINDOWS\SYSTEM32\MSWSOCK.dll

dbghelp: loaded successfully - version: 4.0.5 - missing functions: none
symbol engine: initialized successfully - sym options: 0x614 - pdb path: .;D:\Android Studio\jre\bin;C:\WINDOWS\SYSTEM32;C:\WINDOWS\WinSxS\amd64_microsoft.windows.common-controls_6595b64144ccf1df_6.0.19041.844_none_ca00b6081b84eb1d;D:\Android Studio\jre\bin\server

VM Arguments:
java_command: org.jetbrains.kotlin.cli.jvm.K2JVMCompiler @E:\Mani Projekti\todo\app\build\20210525_16785888476896415459.compiler.options
java_class_path (initial): C:\Users\Kristers Tih\.gradle\caches\modules-2\files-2.1\org.jetbrains.kotlin\kotlin-compiler-embeddable\1.5.10\9c35134a025cab7a1e6eee0d87d241c2f30c1218\kotlin-compiler-embeddable-1.5.10.jar;C:\Users\Kristers Tih\.gradle\caches\modules-2\files-2.1\org.jetbrains.kotlin\kotlin-reflect\1.5.10\d6c70f3c0df2457ea0095c61c1fc1188017dc3bc\kotlin-reflect-1.5.10.jar;C:\Users\Kristers Tih\.gradle\caches\modules-2\files-2.1\org.jetbrains.kotlin\kotlin-stdlib\1.5.10\da6a904b132f0402fa4d79169a3c1770598d4702\kotlin-stdlib-1.5.10.jar;C:\Users\Kristers Tih\.gradle\caches\modules-2\files-2.1\org.jetbrains.kotlin\kotlin-script-runtime\1.5.10\69bad0ece91b0797055aeadbd44dc742c458398b\kotlin-script-runtime-1.5.10.jar;C:\Users\Kristers Tih\.gradle\caches\modules-2\files-2.1\org.jetbrains.kotlin\kotlin-daemon-embeddable\1.5.10\d06ad33b62b041dae0609f830c3b48135d53b8bc\kotlin-daemon-embeddable-1.5.10.jar;C:\Users\Kristers Tih\.gradle\caches\modules-2\files-2.1\org.jetbrains.intellij.deps\trove4j\1.0.20181211\216c2e14b070f334479d800987affe4054cd563f\trove4j-1.0.20181211.jar;C:\Users\Kristers Tih\.gradle\caches\modules-2\files-2.1\org.jetbrains\annotations\13.0\919f0dfe192fb4e063e7dacadee7f8bb9a2672a9\annotations-13.0.jar;C:\Users\Kristers Tih\.gradle\caches\modules-2\files-2.1\org.jetbrains.kotlin\kotlin-stdlib-common\1.5.10\6b84d926e28493be69daf673e40076f89492ef7\kotlin-stdlib-common-1.5.10.jar
Launcher Type: SUN_STANDARD

[Global flags]
     intx CICompilerCount                          = 4                                         {product} {ergonomic}
     uint ConcGCThreads                            = 2                                         {product} {ergonomic}
     uint G1ConcRefinementThreads                  = 8                                         {product} {ergonomic}
   size_t G1HeapRegionSize                         = 1048576                                   {product} {ergonomic}
    uintx GCDrainStackTargetSize                   = 64                                        {product} {ergonomic}
   size_t InitialHeapSize                          = 132120576                                 {product} {ergonomic}
   size_t MarkStackSize                            = 4194304                                   {product} {ergonomic}
   size_t MaxHeapSize                              = 2099249152                                {product} {ergonomic}
   size_t MaxNewSize                               = 1259339776                                {product} {ergonomic}
   size_t MinHeapDeltaBytes                        = 1048576                                   {product} {ergonomic}
    uintx NonNMethodCodeHeapSize                   = 5836300                                {pd product} {ergonomic}
    uintx NonProfiledCodeHeapSize                  = 122910970                              {pd product} {ergonomic}
    uintx ProfiledCodeHeapSize                     = 122910970                              {pd product} {ergonomic}
    uintx ReservedCodeCacheSize                    = 251658240                              {pd product} {ergonomic}
     bool SegmentedCodeCache                       = true                                      {product} {ergonomic}
     bool UseCompressedClassPointers               = true                                 {lp64_product} {ergonomic}
     bool UseCompressedOops                        = true                                 {lp64_product} {ergonomic}
     bool UseG1GC                                  = true                                      {product} {ergonomic}
     bool UseLargePagesIndividualAllocation        = false                                  {pd product} {ergonomic}

Logging:
Log output configuration:
 #0: stdout all=warning uptime,level,tags
 #1: stderr all=off uptime,level,tags

Environment Variables:
JAVA_HOME=D:\Programmas\Corretto\jdk11.0.9_12
PATH=D:\Programmas\Corretto\jdk11.0.9_12\bin;C:\WINDOWS\system32;C:\WINDOWS;C:\WINDOWS\System32\Wbem;C:\WINDOWS\System32\WindowsPowerShell\v1.0\;C:\WINDOWS\System32\OpenSSH\;C:\Program Files\Microsoft SQL Server\Client SDK\ODBC\170\Tools\Binn\;C:\Program Files (x86)\Microsoft SQL Server\150\Tools\Binn\;C:\Program Files\Microsoft SQL Server\150\Tools\Binn\;C:\Program Files\Microsoft SQL Server\150\DTS\Binn\;C:\Users\Kristers Tih\AppData\Local\Programs\Python\Python37;C:\Users\Kristers Tih\AppData\Local\Programs\Python\Python37\Scripts;D:\Programmas\mingw-w64-v8.0.0\bin;C:\Program Files\Git\cmd;C:\Program Files\dotnet\;C:\Users\Kristers Tih\AppData\Local\Programs\Python\Python39\Scripts\;C:\Users\Kristers Tih\AppData\Local\Programs\Python\Python39\;C:\Windows\system32;C:\Windows;C:\Windows\System32\Wbem;C:\Windows\System32\WindowsPowerShell\v1.0\;C:\Windows\System32\OpenSSH\;C:\Program Files\dotnet\;C:\Program Files (x86)\Microsoft SQL Server\150\DTS\Binn\;C:\Program Files\Microsoft SQL Server\Client SDK\ODBC\170\Tools\Binn\;C:\Program Files (x86)\Microsoft SQL Server\150\Tools\Binn\;C:\Program Files\Microsoft SQL Server\150\Tools\Binn\;C:\Program Files\Microsoft SQL Server\150\DTS\Binn\;C:\Users\Kristers Tih\AppData\Local\Microsoft\WindowsApps;C:\Users\Kristers Tih\.dotnet\tools;C:\Users\Kristers Tih\AppData\Local\Programs\Microsoft VS Code\bin;C:\Users\Kristers Tih\AppData\Local\atom\bin;C:\Users\Kristers Tih\AppData\Local\Programs\Python\Python37;D:\Programmas\mingw-w64-v8.0.0;C:\Users\Kristers Tih\AppData\Local\Programs\Python\Python37\Scripts;D:\Programmas\Intellij IDEA\IntelliJ IDEA Community Edition 2020.3.1\bin;;C:\Users\Kristers Tih\AppData\Local\Microsoft\WindowsApps;C:\Users\Kristers Tih\.dotnet\tools;D:\Programmas\PyCharm Community Edition 2021.1.1\bin;
USERNAME=Kristers Tih
OS=Windows_NT
PROCESSOR_IDENTIFIER=Intel64 Family 6 Model 158 Stepping 10, GenuineIntel



---------------  S Y S T E M  ---------------

OS: Windows 10 , 64 bit Build 19041 (10.0.19041.928)
OS uptime: 8 days 17:47 hours
HyperV virtualization detected

CPU:total 8 (initial active 8) (4 cores per cpu, 2 threads per core) family 6 model 158 stepping 10, cmov, cx8, fxsr, mmx, sse, sse2, sse3, ssse3, sse4.1, sse4.2, popcnt, avx, avx2, aes, clmul, erms, 3dnowpref, lzcnt, ht, tsc, tscinvbit, bmi1, bmi2, adx, fma

Memory: 4k page, system-wide physical 8001M (445M free)
TotalPageFile size 23124M (AvailPageFile size 0M)
current process WorkingSet (physical memory assigned to process): 47M, peak: 47M
current process commit charge ("private bytes"): 204M, peak: 205M

vm_info: OpenJDK 64-Bit Server VM (11.0.8+10-b944.6842174) for windows-amd64 JRE (11.0.8+10-b944.6842174), built on Sep 19 2020 01:11:42 by "builder" with MS VC++ 14.0 (VS2015)

END.
